<?xml version="1.0" encoding="UTF-8"?>
<robot generator="Robot 6.1.1 (Python 3.12.0 on darwin)" generated="20250403 20:02:15.763" rpa="false" schemaversion="4">
<suite id="s1" name="Api Demo" source="/Users/admin/Documents/GitHub/robot_testing/4_test_cases/api_demo.robot">
<test id="s1-t1" name="1 - Check API add product thành công với đầy đủ các dữ liệu hợp lệ" line="9">
<kw name="Call API demo">
<arg>https://testek.vn/lab/api/v0/prod-man</arg>
<arg>/product</arg>
<arg>POST</arg>
<arg>{ 
    "category": "01ba3470-81ea-40b3-9698-a92cec54b400",
    "supplier": "a913c855-5f57-4630-8743-9c427a876a20",
    "code": "TeSt234599990012", 
    "description": "lam_123451", 
    "name": "lam_123451", 
    "price": 500, 
    "quantity": 400, 
    "unit": "chiec"
}</arg>
<arg>201</arg>
<arg>id;productCode;productName</arg>
<kw name="Log" library="BuiltIn">
<arg>${Data}</arg>
<doc>Logs the given message with the given level.</doc>
<msg timestamp="20250403 20:02:17.358" level="INFO">{ 
    "category": "01ba3470-81ea-40b3-9698-a92cec54b400",
    "supplier": "a913c855-5f57-4630-8743-9c427a876a20",
    "code": "TeSt234599990012", 
    "description": "lam_123451", 
    "name": "lam_123451", 
    "price": 500, 
    "quantity": 400, 
    "unit": "chiec"
}</msg>
<status status="PASS" starttime="20250403 20:02:17.358" endtime="20250403 20:02:17.358"/>
</kw>
<kw name="Random String Value" library="testing_api">
<var>${random_data}</var>
<msg timestamp="20250403 20:02:17.358" level="INFO">${random_data} = V$?0}v:4ha</msg>
<status status="PASS" starttime="20250403 20:02:17.358" endtime="20250403 20:02:17.358"/>
</kw>
<kw name="Replace String To Generate Data" library="testing_api">
<var>${new_data}</var>
<arg>${Data}</arg>
<arg>234569999</arg>
<arg>${random_data}</arg>
<msg timestamp="20250403 20:02:17.359" level="INFO">${new_data} = { 
    "category": "01ba3470-81ea-40b3-9698-a92cec54b400",
    "supplier": "a913c855-5f57-4630-8743-9c427a876a20",
    "code": "TeSt234599990012", 
    "description": "lam_123451", 
    "name": "lam_1...</msg>
<status status="PASS" starttime="20250403 20:02:17.358" endtime="20250403 20:02:17.359"/>
</kw>
<kw name="Log" library="BuiltIn">
<arg>${new_data}</arg>
<doc>Logs the given message with the given level.</doc>
<msg timestamp="20250403 20:02:17.359" level="INFO">{ 
    "category": "01ba3470-81ea-40b3-9698-a92cec54b400",
    "supplier": "a913c855-5f57-4630-8743-9c427a876a20",
    "code": "TeSt234599990012", 
    "description": "lam_123451", 
    "name": "lam_123451", 
    "price": 500, 
    "quantity": 400, 
    "unit": "chiec"
}</msg>
<status status="PASS" starttime="20250403 20:02:17.359" endtime="20250403 20:02:17.359"/>
</kw>
<kw name="Call Api" library="testing_api">
<var>${Results}</var>
<arg>${Domain}${EndPoint}</arg>
<arg>${Method}</arg>
<arg>${new_data}</arg>
<msg timestamp="20250403 20:02:17.518" level="INFO">${Results} = {'status_code': 400, 'response': {'code': 400, 'message': 'Dữ liệu nhập không hợp lệ', 'error': 'INVALID_INPUT', 'errors': [{'field': '', 'objectName': None, 'message': 'Mismatched input', 'error': No...</msg>
<status status="PASS" starttime="20250403 20:02:17.359" endtime="20250403 20:02:17.518"/>
</kw>
<kw name="Should Be Equal As Strings" library="BuiltIn">
<arg>${Results}[status_code]</arg>
<arg>${StatusCode}</arg>
<doc>Fails if objects are unequal after converting them to strings.</doc>
<msg timestamp="20250403 20:02:17.519" level="INFO">Argument types are:
&lt;class 'int'&gt;
&lt;class 'str'&gt;</msg>
<msg timestamp="20250403 20:02:17.519" level="FAIL">400 != 201</msg>
<status status="FAIL" starttime="20250403 20:02:17.518" endtime="20250403 20:02:17.519"/>
</kw>
<kw name="[Common] - Validate Json Response Data" library="common_api">
<arg>${Results}[response]</arg>
<arg>${BaseParam}</arg>
<arg>${SubParam}</arg>
<arg>${SubParamValue}</arg>
<status status="NOT RUN" starttime="20250403 20:02:17.519" endtime="20250403 20:02:17.519"/>
</kw>
<status status="FAIL" starttime="20250403 20:02:17.357" endtime="20250403 20:02:17.519"/>
</kw>
<tag>api</tag>
<tag>test</tag>
<status status="FAIL" starttime="20250403 20:02:17.355" endtime="20250403 20:02:17.520">400 != 201</status>
</test>
<test id="s1-t2" name="2 - Check API add product thành công với với code là chuỗi kí tự số" line="9">
<kw name="Call API demo">
<arg>https://testek.vn/lab/api/v0/prod-man</arg>
<arg>/product</arg>
<arg>POST</arg>
<arg>{ 
    "category": "01ba3470-81ea-40b3-9698-a92cec54b400",
    "supplier": "a913c855-5f57-4630-8743-9c427a876a20",
    "code": "234599990012", 
    "description": "lam_123451", 
    "name": "lam_123451", 
    "price": 500, 
    "quantity": 400, 
    "unit": "chiec"
}</arg>
<arg>201</arg>
<arg>id;productCode;productName</arg>
<kw name="Log" library="BuiltIn">
<arg>${Data}</arg>
<doc>Logs the given message with the given level.</doc>
<msg timestamp="20250403 20:02:17.523" level="INFO">{ 
    "category": "01ba3470-81ea-40b3-9698-a92cec54b400",
    "supplier": "a913c855-5f57-4630-8743-9c427a876a20",
    "code": "234599990012", 
    "description": "lam_123451", 
    "name": "lam_123451", 
    "price": 500, 
    "quantity": 400, 
    "unit": "chiec"
}</msg>
<status status="PASS" starttime="20250403 20:02:17.523" endtime="20250403 20:02:17.523"/>
</kw>
<kw name="Random String Value" library="testing_api">
<var>${random_data}</var>
<msg timestamp="20250403 20:02:17.523" level="INFO">${random_data} = DaptpC1'F=</msg>
<status status="PASS" starttime="20250403 20:02:17.523" endtime="20250403 20:02:17.523"/>
</kw>
<kw name="Replace String To Generate Data" library="testing_api">
<var>${new_data}</var>
<arg>${Data}</arg>
<arg>234569999</arg>
<arg>${random_data}</arg>
<msg timestamp="20250403 20:02:17.523" level="INFO">${new_data} = { 
    "category": "01ba3470-81ea-40b3-9698-a92cec54b400",
    "supplier": "a913c855-5f57-4630-8743-9c427a876a20",
    "code": "234599990012", 
    "description": "lam_123451", 
    "name": "lam_12345...</msg>
<status status="PASS" starttime="20250403 20:02:17.523" endtime="20250403 20:02:17.523"/>
</kw>
<kw name="Log" library="BuiltIn">
<arg>${new_data}</arg>
<doc>Logs the given message with the given level.</doc>
<msg timestamp="20250403 20:02:17.524" level="INFO">{ 
    "category": "01ba3470-81ea-40b3-9698-a92cec54b400",
    "supplier": "a913c855-5f57-4630-8743-9c427a876a20",
    "code": "234599990012", 
    "description": "lam_123451", 
    "name": "lam_123451", 
    "price": 500, 
    "quantity": 400, 
    "unit": "chiec"
}</msg>
<status status="PASS" starttime="20250403 20:02:17.524" endtime="20250403 20:02:17.524"/>
</kw>
<kw name="Call Api" library="testing_api">
<var>${Results}</var>
<arg>${Domain}${EndPoint}</arg>
<arg>${Method}</arg>
<arg>${new_data}</arg>
<msg timestamp="20250403 20:02:17.605" level="INFO">${Results} = {'status_code': 400, 'response': {'code': 400, 'message': 'Dữ liệu nhập không hợp lệ', 'error': 'INVALID_INPUT', 'errors': [{'field': '', 'objectName': None, 'message': 'Mismatched input', 'error': No...</msg>
<status status="PASS" starttime="20250403 20:02:17.524" endtime="20250403 20:02:17.605"/>
</kw>
<kw name="Should Be Equal As Strings" library="BuiltIn">
<arg>${Results}[status_code]</arg>
<arg>${StatusCode}</arg>
<doc>Fails if objects are unequal after converting them to strings.</doc>
<msg timestamp="20250403 20:02:17.605" level="INFO">Argument types are:
&lt;class 'int'&gt;
&lt;class 'str'&gt;</msg>
<msg timestamp="20250403 20:02:17.606" level="FAIL">400 != 201</msg>
<status status="FAIL" starttime="20250403 20:02:17.605" endtime="20250403 20:02:17.606"/>
</kw>
<kw name="[Common] - Validate Json Response Data" library="common_api">
<arg>${Results}[response]</arg>
<arg>${BaseParam}</arg>
<arg>${SubParam}</arg>
<arg>${SubParamValue}</arg>
<status status="NOT RUN" starttime="20250403 20:02:17.606" endtime="20250403 20:02:17.606"/>
</kw>
<status status="FAIL" starttime="20250403 20:02:17.522" endtime="20250403 20:02:17.606"/>
</kw>
<tag>api</tag>
<tag>test</tag>
<status status="FAIL" starttime="20250403 20:02:17.520" endtime="20250403 20:02:17.606">400 != 201</status>
</test>
<test id="s1-t3" name="3 - Check API add product thành công với với code là chuỗi kí tự lower case" line="9">
<kw name="Call API demo">
<arg>https://testek.vn/lab/api/v0/prod-man</arg>
<arg>/product</arg>
<arg>POST</arg>
<arg>{ 
    "category": "01ba3470-81ea-40b3-9698-a92cec54b400",
    "supplier": "a913c855-5f57-4630-8743-9c427a876a20",
    "code": "test234599990012", 
    "description": "lam_123451", 
    "name": "lam_123451", 
    "price": 500, 
    "quantity": 400, 
    "unit": "chiec"
}</arg>
<arg>201</arg>
<arg>id;productCode;productName</arg>
<kw name="Log" library="BuiltIn">
<arg>${Data}</arg>
<doc>Logs the given message with the given level.</doc>
<msg timestamp="20250403 20:02:17.609" level="INFO">{ 
    "category": "01ba3470-81ea-40b3-9698-a92cec54b400",
    "supplier": "a913c855-5f57-4630-8743-9c427a876a20",
    "code": "test234599990012", 
    "description": "lam_123451", 
    "name": "lam_123451", 
    "price": 500, 
    "quantity": 400, 
    "unit": "chiec"
}</msg>
<status status="PASS" starttime="20250403 20:02:17.609" endtime="20250403 20:02:17.609"/>
</kw>
<kw name="Random String Value" library="testing_api">
<var>${random_data}</var>
<msg timestamp="20250403 20:02:17.609" level="INFO">${random_data} = 5kg|)tufk2</msg>
<status status="PASS" starttime="20250403 20:02:17.609" endtime="20250403 20:02:17.609"/>
</kw>
<kw name="Replace String To Generate Data" library="testing_api">
<var>${new_data}</var>
<arg>${Data}</arg>
<arg>234569999</arg>
<arg>${random_data}</arg>
<msg timestamp="20250403 20:02:17.610" level="INFO">${new_data} = { 
    "category": "01ba3470-81ea-40b3-9698-a92cec54b400",
    "supplier": "a913c855-5f57-4630-8743-9c427a876a20",
    "code": "test234599990012", 
    "description": "lam_123451", 
    "name": "lam_1...</msg>
<status status="PASS" starttime="20250403 20:02:17.609" endtime="20250403 20:02:17.610"/>
</kw>
<kw name="Log" library="BuiltIn">
<arg>${new_data}</arg>
<doc>Logs the given message with the given level.</doc>
<msg timestamp="20250403 20:02:17.610" level="INFO">{ 
    "category": "01ba3470-81ea-40b3-9698-a92cec54b400",
    "supplier": "a913c855-5f57-4630-8743-9c427a876a20",
    "code": "test234599990012", 
    "description": "lam_123451", 
    "name": "lam_123451", 
    "price": 500, 
    "quantity": 400, 
    "unit": "chiec"
}</msg>
<status status="PASS" starttime="20250403 20:02:17.610" endtime="20250403 20:02:17.610"/>
</kw>
<kw name="Call Api" library="testing_api">
<var>${Results}</var>
<arg>${Domain}${EndPoint}</arg>
<arg>${Method}</arg>
<arg>${new_data}</arg>
<msg timestamp="20250403 20:02:17.693" level="INFO">${Results} = {'status_code': 400, 'response': {'code': 400, 'message': 'Dữ liệu nhập không hợp lệ', 'error': 'INVALID_INPUT', 'errors': [{'field': '', 'objectName': None, 'message': 'Mismatched input', 'error': No...</msg>
<status status="PASS" starttime="20250403 20:02:17.610" endtime="20250403 20:02:17.693"/>
</kw>
<kw name="Should Be Equal As Strings" library="BuiltIn">
<arg>${Results}[status_code]</arg>
<arg>${StatusCode}</arg>
<doc>Fails if objects are unequal after converting them to strings.</doc>
<msg timestamp="20250403 20:02:17.694" level="INFO">Argument types are:
&lt;class 'int'&gt;
&lt;class 'str'&gt;</msg>
<msg timestamp="20250403 20:02:17.694" level="FAIL">400 != 201</msg>
<status status="FAIL" starttime="20250403 20:02:17.693" endtime="20250403 20:02:17.694"/>
</kw>
<kw name="[Common] - Validate Json Response Data" library="common_api">
<arg>${Results}[response]</arg>
<arg>${BaseParam}</arg>
<arg>${SubParam}</arg>
<arg>${SubParamValue}</arg>
<status status="NOT RUN" starttime="20250403 20:02:17.694" endtime="20250403 20:02:17.694"/>
</kw>
<status status="FAIL" starttime="20250403 20:02:17.608" endtime="20250403 20:02:17.694"/>
</kw>
<tag>api</tag>
<tag>test</tag>
<status status="FAIL" starttime="20250403 20:02:17.606" endtime="20250403 20:02:17.694">400 != 201</status>
</test>
<test id="s1-t4" name="4 - Check API add product thành công với với code là chuỗi kí tự upper case" line="9">
<kw name="Call API demo">
<arg>https://testek.vn/lab/api/v0/prod-man</arg>
<arg>/product</arg>
<arg>POST</arg>
<arg>{ 
    "category": "01ba3470-81ea-40b3-9698-a92cec54b400",
    "supplier": "a913c855-5f57-4630-8743-9c427a876a20",
    "code": "TEST234599990012", 
    "description": "lam_123451", 
    "name": "lam_123451", 
    "price": 500, 
    "quantity": 400, 
    "unit": "chiec"
}</arg>
<arg>201</arg>
<arg>id;productCode;productName</arg>
<kw name="Log" library="BuiltIn">
<arg>${Data}</arg>
<doc>Logs the given message with the given level.</doc>
<msg timestamp="20250403 20:02:17.697" level="INFO">{ 
    "category": "01ba3470-81ea-40b3-9698-a92cec54b400",
    "supplier": "a913c855-5f57-4630-8743-9c427a876a20",
    "code": "TEST234599990012", 
    "description": "lam_123451", 
    "name": "lam_123451", 
    "price": 500, 
    "quantity": 400, 
    "unit": "chiec"
}</msg>
<status status="PASS" starttime="20250403 20:02:17.697" endtime="20250403 20:02:17.697"/>
</kw>
<kw name="Random String Value" library="testing_api">
<var>${random_data}</var>
<msg timestamp="20250403 20:02:17.697" level="INFO">${random_data} = lfjDRio|b[</msg>
<status status="PASS" starttime="20250403 20:02:17.697" endtime="20250403 20:02:17.697"/>
</kw>
<kw name="Replace String To Generate Data" library="testing_api">
<var>${new_data}</var>
<arg>${Data}</arg>
<arg>234569999</arg>
<arg>${random_data}</arg>
<msg timestamp="20250403 20:02:17.698" level="INFO">${new_data} = { 
    "category": "01ba3470-81ea-40b3-9698-a92cec54b400",
    "supplier": "a913c855-5f57-4630-8743-9c427a876a20",
    "code": "TEST234599990012", 
    "description": "lam_123451", 
    "name": "lam_1...</msg>
<status status="PASS" starttime="20250403 20:02:17.698" endtime="20250403 20:02:17.698"/>
</kw>
<kw name="Log" library="BuiltIn">
<arg>${new_data}</arg>
<doc>Logs the given message with the given level.</doc>
<msg timestamp="20250403 20:02:17.698" level="INFO">{ 
    "category": "01ba3470-81ea-40b3-9698-a92cec54b400",
    "supplier": "a913c855-5f57-4630-8743-9c427a876a20",
    "code": "TEST234599990012", 
    "description": "lam_123451", 
    "name": "lam_123451", 
    "price": 500, 
    "quantity": 400, 
    "unit": "chiec"
}</msg>
<status status="PASS" starttime="20250403 20:02:17.698" endtime="20250403 20:02:17.698"/>
</kw>
<kw name="Call Api" library="testing_api">
<var>${Results}</var>
<arg>${Domain}${EndPoint}</arg>
<arg>${Method}</arg>
<arg>${new_data}</arg>
<msg timestamp="20250403 20:02:17.781" level="INFO">${Results} = {'status_code': 400, 'response': {'code': 400, 'message': 'Dữ liệu nhập không hợp lệ', 'error': 'INVALID_INPUT', 'errors': [{'field': '', 'objectName': None, 'message': 'Mismatched input', 'error': No...</msg>
<status status="PASS" starttime="20250403 20:02:17.698" endtime="20250403 20:02:17.781"/>
</kw>
<kw name="Should Be Equal As Strings" library="BuiltIn">
<arg>${Results}[status_code]</arg>
<arg>${StatusCode}</arg>
<doc>Fails if objects are unequal after converting them to strings.</doc>
<msg timestamp="20250403 20:02:17.781" level="INFO">Argument types are:
&lt;class 'int'&gt;
&lt;class 'str'&gt;</msg>
<msg timestamp="20250403 20:02:17.781" level="FAIL">400 != 201</msg>
<status status="FAIL" starttime="20250403 20:02:17.781" endtime="20250403 20:02:17.782"/>
</kw>
<kw name="[Common] - Validate Json Response Data" library="common_api">
<arg>${Results}[response]</arg>
<arg>${BaseParam}</arg>
<arg>${SubParam}</arg>
<arg>${SubParamValue}</arg>
<status status="NOT RUN" starttime="20250403 20:02:17.782" endtime="20250403 20:02:17.782"/>
</kw>
<status status="FAIL" starttime="20250403 20:02:17.696" endtime="20250403 20:02:17.782"/>
</kw>
<tag>api</tag>
<tag>test</tag>
<status status="FAIL" starttime="20250403 20:02:17.695" endtime="20250403 20:02:17.782">400 != 201</status>
</test>
<test id="s1-t5" name="5 - Check API add product thành công với với code là chuỗi kí tự upper case và lower case" line="9">
<kw name="Call API demo">
<arg>https://testek.vn/lab/api/v0/prod-man</arg>
<arg>/product</arg>
<arg>POST</arg>
<arg>{ 
    "category": "01ba3470-81ea-40b3-9698-a92cec54b400",
    "supplier": "a913c855-5f57-4630-8743-9c427a876a20",
    "code": "TeSt234599990012", 
    "description": "lam_123451", 
    "name": "lam_123451", 
    "price": 500, 
    "quantity": 400, 
    "unit": "chiec"
}</arg>
<arg>201</arg>
<arg>id;productCode;productName</arg>
<kw name="Log" library="BuiltIn">
<arg>${Data}</arg>
<doc>Logs the given message with the given level.</doc>
<msg timestamp="20250403 20:02:17.786" level="INFO">{ 
    "category": "01ba3470-81ea-40b3-9698-a92cec54b400",
    "supplier": "a913c855-5f57-4630-8743-9c427a876a20",
    "code": "TeSt234599990012", 
    "description": "lam_123451", 
    "name": "lam_123451", 
    "price": 500, 
    "quantity": 400, 
    "unit": "chiec"
}</msg>
<status status="PASS" starttime="20250403 20:02:17.786" endtime="20250403 20:02:17.786"/>
</kw>
<kw name="Random String Value" library="testing_api">
<var>${random_data}</var>
<msg timestamp="20250403 20:02:17.787" level="INFO">${random_data} = Fvwm5RJ;)W</msg>
<status status="PASS" starttime="20250403 20:02:17.787" endtime="20250403 20:02:17.787"/>
</kw>
<kw name="Replace String To Generate Data" library="testing_api">
<var>${new_data}</var>
<arg>${Data}</arg>
<arg>234569999</arg>
<arg>${random_data}</arg>
<msg timestamp="20250403 20:02:17.787" level="INFO">${new_data} = { 
    "category": "01ba3470-81ea-40b3-9698-a92cec54b400",
    "supplier": "a913c855-5f57-4630-8743-9c427a876a20",
    "code": "TeSt234599990012", 
    "description": "lam_123451", 
    "name": "lam_1...</msg>
<status status="PASS" starttime="20250403 20:02:17.787" endtime="20250403 20:02:17.787"/>
</kw>
<kw name="Log" library="BuiltIn">
<arg>${new_data}</arg>
<doc>Logs the given message with the given level.</doc>
<msg timestamp="20250403 20:02:17.788" level="INFO">{ 
    "category": "01ba3470-81ea-40b3-9698-a92cec54b400",
    "supplier": "a913c855-5f57-4630-8743-9c427a876a20",
    "code": "TeSt234599990012", 
    "description": "lam_123451", 
    "name": "lam_123451", 
    "price": 500, 
    "quantity": 400, 
    "unit": "chiec"
}</msg>
<status status="PASS" starttime="20250403 20:02:17.787" endtime="20250403 20:02:17.788"/>
</kw>
<kw name="Call Api" library="testing_api">
<var>${Results}</var>
<arg>${Domain}${EndPoint}</arg>
<arg>${Method}</arg>
<arg>${new_data}</arg>
<msg timestamp="20250403 20:02:17.870" level="INFO">${Results} = {'status_code': 400, 'response': {'code': 400, 'message': 'Dữ liệu nhập không hợp lệ', 'error': 'INVALID_INPUT', 'errors': [{'field': '', 'objectName': None, 'message': 'Mismatched input', 'error': No...</msg>
<status status="PASS" starttime="20250403 20:02:17.788" endtime="20250403 20:02:17.870"/>
</kw>
<kw name="Should Be Equal As Strings" library="BuiltIn">
<arg>${Results}[status_code]</arg>
<arg>${StatusCode}</arg>
<doc>Fails if objects are unequal after converting them to strings.</doc>
<msg timestamp="20250403 20:02:17.871" level="INFO">Argument types are:
&lt;class 'int'&gt;
&lt;class 'str'&gt;</msg>
<msg timestamp="20250403 20:02:17.871" level="FAIL">400 != 201</msg>
<status status="FAIL" starttime="20250403 20:02:17.871" endtime="20250403 20:02:17.871"/>
</kw>
<kw name="[Common] - Validate Json Response Data" library="common_api">
<arg>${Results}[response]</arg>
<arg>${BaseParam}</arg>
<arg>${SubParam}</arg>
<arg>${SubParamValue}</arg>
<status status="NOT RUN" starttime="20250403 20:02:17.871" endtime="20250403 20:02:17.871"/>
</kw>
<status status="FAIL" starttime="20250403 20:02:17.784" endtime="20250403 20:02:17.872"/>
</kw>
<tag>api</tag>
<tag>test</tag>
<status status="FAIL" starttime="20250403 20:02:17.782" endtime="20250403 20:02:17.872">400 != 201</status>
</test>
<test id="s1-t6" name="6 - Check API add product thành công với dữ liệu không có param desc" line="9">
<kw name="Call API demo">
<arg>https://testek.vn/lab/api/v0/prod-man</arg>
<arg>/product</arg>
<arg>POST</arg>
<arg>{ 
    "category": "01ba3470-81ea-40b3-9698-a92cec54b400",
    "supplier": "a913c855-5f57-4630-8743-9c427a876a20",
    "code": "TeSt234599990012", 
    "name": "lam_123451", 
    "price": 500, 
    "quantity": 400, 
    "unit": "chiec"
}</arg>
<arg>201</arg>
<arg>id;productCode;productName</arg>
<kw name="Log" library="BuiltIn">
<arg>${Data}</arg>
<doc>Logs the given message with the given level.</doc>
<msg timestamp="20250403 20:02:17.875" level="INFO">{ 
    "category": "01ba3470-81ea-40b3-9698-a92cec54b400",
    "supplier": "a913c855-5f57-4630-8743-9c427a876a20",
    "code": "TeSt234599990012", 
    "name": "lam_123451", 
    "price": 500, 
    "quantity": 400, 
    "unit": "chiec"
}</msg>
<status status="PASS" starttime="20250403 20:02:17.875" endtime="20250403 20:02:17.875"/>
</kw>
<kw name="Random String Value" library="testing_api">
<var>${random_data}</var>
<msg timestamp="20250403 20:02:17.876" level="INFO">${random_data} = *]I$Yu~W}i</msg>
<status status="PASS" starttime="20250403 20:02:17.875" endtime="20250403 20:02:17.876"/>
</kw>
<kw name="Replace String To Generate Data" library="testing_api">
<var>${new_data}</var>
<arg>${Data}</arg>
<arg>234569999</arg>
<arg>${random_data}</arg>
<msg timestamp="20250403 20:02:17.876" level="INFO">${new_data} = { 
    "category": "01ba3470-81ea-40b3-9698-a92cec54b400",
    "supplier": "a913c855-5f57-4630-8743-9c427a876a20",
    "code": "TeSt234599990012", 
    "name": "lam_123451", 
    "price": 500, 
    "q...</msg>
<status status="PASS" starttime="20250403 20:02:17.876" endtime="20250403 20:02:17.876"/>
</kw>
<kw name="Log" library="BuiltIn">
<arg>${new_data}</arg>
<doc>Logs the given message with the given level.</doc>
<msg timestamp="20250403 20:02:17.877" level="INFO">{ 
    "category": "01ba3470-81ea-40b3-9698-a92cec54b400",
    "supplier": "a913c855-5f57-4630-8743-9c427a876a20",
    "code": "TeSt234599990012", 
    "name": "lam_123451", 
    "price": 500, 
    "quantity": 400, 
    "unit": "chiec"
}</msg>
<status status="PASS" starttime="20250403 20:02:17.876" endtime="20250403 20:02:17.877"/>
</kw>
<kw name="Call Api" library="testing_api">
<var>${Results}</var>
<arg>${Domain}${EndPoint}</arg>
<arg>${Method}</arg>
<arg>${new_data}</arg>
<msg timestamp="20250403 20:02:17.985" level="INFO">${Results} = {'status_code': 400, 'response': {'code': 400, 'message': 'Dữ liệu nhập không hợp lệ', 'error': 'INVALID_INPUT', 'errors': [{'field': '', 'objectName': None, 'message': 'Mismatched input', 'error': No...</msg>
<status status="PASS" starttime="20250403 20:02:17.877" endtime="20250403 20:02:17.985"/>
</kw>
<kw name="Should Be Equal As Strings" library="BuiltIn">
<arg>${Results}[status_code]</arg>
<arg>${StatusCode}</arg>
<doc>Fails if objects are unequal after converting them to strings.</doc>
<msg timestamp="20250403 20:02:17.986" level="INFO">Argument types are:
&lt;class 'int'&gt;
&lt;class 'str'&gt;</msg>
<msg timestamp="20250403 20:02:17.986" level="FAIL">400 != 201</msg>
<status status="FAIL" starttime="20250403 20:02:17.985" endtime="20250403 20:02:17.986"/>
</kw>
<kw name="[Common] - Validate Json Response Data" library="common_api">
<arg>${Results}[response]</arg>
<arg>${BaseParam}</arg>
<arg>${SubParam}</arg>
<arg>${SubParamValue}</arg>
<status status="NOT RUN" starttime="20250403 20:02:17.986" endtime="20250403 20:02:17.986"/>
</kw>
<status status="FAIL" starttime="20250403 20:02:17.874" endtime="20250403 20:02:17.986"/>
</kw>
<tag>api</tag>
<tag>test</tag>
<status status="FAIL" starttime="20250403 20:02:17.872" endtime="20250403 20:02:17.986">400 != 201</status>
</test>
<test id="s1-t7" name="7 - Check API add product thành công với dữ liệu không có param Unit" line="9">
<kw name="Call API demo">
<arg>https://testek.vn/lab/api/v0/prod-man</arg>
<arg>/product</arg>
<arg>POST</arg>
<arg>{ 
    "category": "01ba3470-81ea-40b3-9698-a92cec54b400",
    "supplier": "a913c855-5f57-4630-8743-9c427a876a20",
    "code": "TeSt234599990012", 
    "description": "lam_123451", 
    "name": "lam_123451", 
    "price": 500, 
    "quantity": 400
}</arg>
<arg>201</arg>
<arg>id;productCode;productName</arg>
<kw name="Log" library="BuiltIn">
<arg>${Data}</arg>
<doc>Logs the given message with the given level.</doc>
<msg timestamp="20250403 20:02:17.989" level="INFO">{ 
    "category": "01ba3470-81ea-40b3-9698-a92cec54b400",
    "supplier": "a913c855-5f57-4630-8743-9c427a876a20",
    "code": "TeSt234599990012", 
    "description": "lam_123451", 
    "name": "lam_123451", 
    "price": 500, 
    "quantity": 400
}</msg>
<status status="PASS" starttime="20250403 20:02:17.989" endtime="20250403 20:02:17.989"/>
</kw>
<kw name="Random String Value" library="testing_api">
<var>${random_data}</var>
<msg timestamp="20250403 20:02:17.990" level="INFO">${random_data} = @n*tV"i;Y'</msg>
<status status="PASS" starttime="20250403 20:02:17.990" endtime="20250403 20:02:17.990"/>
</kw>
<kw name="Replace String To Generate Data" library="testing_api">
<var>${new_data}</var>
<arg>${Data}</arg>
<arg>234569999</arg>
<arg>${random_data}</arg>
<msg timestamp="20250403 20:02:17.990" level="INFO">${new_data} = { 
    "category": "01ba3470-81ea-40b3-9698-a92cec54b400",
    "supplier": "a913c855-5f57-4630-8743-9c427a876a20",
    "code": "TeSt234599990012", 
    "description": "lam_123451", 
    "name": "lam_1...</msg>
<status status="PASS" starttime="20250403 20:02:17.990" endtime="20250403 20:02:17.990"/>
</kw>
<kw name="Log" library="BuiltIn">
<arg>${new_data}</arg>
<doc>Logs the given message with the given level.</doc>
<msg timestamp="20250403 20:02:17.990" level="INFO">{ 
    "category": "01ba3470-81ea-40b3-9698-a92cec54b400",
    "supplier": "a913c855-5f57-4630-8743-9c427a876a20",
    "code": "TeSt234599990012", 
    "description": "lam_123451", 
    "name": "lam_123451", 
    "price": 500, 
    "quantity": 400
}</msg>
<status status="PASS" starttime="20250403 20:02:17.990" endtime="20250403 20:02:17.990"/>
</kw>
<kw name="Call Api" library="testing_api">
<var>${Results}</var>
<arg>${Domain}${EndPoint}</arg>
<arg>${Method}</arg>
<arg>${new_data}</arg>
<msg timestamp="20250403 20:02:18.076" level="INFO">${Results} = {'status_code': 400, 'response': {'code': 400, 'message': 'Dữ liệu nhập không hợp lệ', 'error': 'INVALID_INPUT', 'errors': [{'field': '', 'objectName': None, 'message': 'Mismatched input', 'error': No...</msg>
<status status="PASS" starttime="20250403 20:02:17.991" endtime="20250403 20:02:18.076"/>
</kw>
<kw name="Should Be Equal As Strings" library="BuiltIn">
<arg>${Results}[status_code]</arg>
<arg>${StatusCode}</arg>
<doc>Fails if objects are unequal after converting them to strings.</doc>
<msg timestamp="20250403 20:02:18.076" level="INFO">Argument types are:
&lt;class 'int'&gt;
&lt;class 'str'&gt;</msg>
<msg timestamp="20250403 20:02:18.076" level="FAIL">400 != 201</msg>
<status status="FAIL" starttime="20250403 20:02:18.076" endtime="20250403 20:02:18.076"/>
</kw>
<kw name="[Common] - Validate Json Response Data" library="common_api">
<arg>${Results}[response]</arg>
<arg>${BaseParam}</arg>
<arg>${SubParam}</arg>
<arg>${SubParamValue}</arg>
<status status="NOT RUN" starttime="20250403 20:02:18.077" endtime="20250403 20:02:18.077"/>
</kw>
<status status="FAIL" starttime="20250403 20:02:17.989" endtime="20250403 20:02:18.077"/>
</kw>
<tag>api</tag>
<tag>test</tag>
<status status="FAIL" starttime="20250403 20:02:17.987" endtime="20250403 20:02:18.077">400 != 201</status>
</test>
<test id="s1-t8" name="8 - Check API add product thành công với dữ liệu không có param desc và Unit" line="9">
<kw name="Call API demo">
<arg>https://testek.vn/lab/api/v0/prod-man</arg>
<arg>/product</arg>
<arg>POST</arg>
<arg>{ 
    "category": "01ba3470-81ea-40b3-9698-a92cec54b400",
    "supplier": "a913c855-5f57-4630-8743-9c427a876a20",
    "code": "TeSt234599990012", 
    "name": "lam_123451", 
    "price": 500, 
    "quantity": 400
}</arg>
<arg>201</arg>
<arg>id;productCode;productName</arg>
<kw name="Log" library="BuiltIn">
<arg>${Data}</arg>
<doc>Logs the given message with the given level.</doc>
<msg timestamp="20250403 20:02:18.080" level="INFO">{ 
    "category": "01ba3470-81ea-40b3-9698-a92cec54b400",
    "supplier": "a913c855-5f57-4630-8743-9c427a876a20",
    "code": "TeSt234599990012", 
    "name": "lam_123451", 
    "price": 500, 
    "quantity": 400
}</msg>
<status status="PASS" starttime="20250403 20:02:18.080" endtime="20250403 20:02:18.080"/>
</kw>
<kw name="Random String Value" library="testing_api">
<var>${random_data}</var>
<msg timestamp="20250403 20:02:18.080" level="INFO">${random_data} = {%puc9vf!M</msg>
<status status="PASS" starttime="20250403 20:02:18.080" endtime="20250403 20:02:18.080"/>
</kw>
<kw name="Replace String To Generate Data" library="testing_api">
<var>${new_data}</var>
<arg>${Data}</arg>
<arg>234569999</arg>
<arg>${random_data}</arg>
<msg timestamp="20250403 20:02:18.081" level="INFO">${new_data} = { 
    "category": "01ba3470-81ea-40b3-9698-a92cec54b400",
    "supplier": "a913c855-5f57-4630-8743-9c427a876a20",
    "code": "TeSt234599990012", 
    "name": "lam_123451", 
    "price": 500, 
    "q...</msg>
<status status="PASS" starttime="20250403 20:02:18.080" endtime="20250403 20:02:18.081"/>
</kw>
<kw name="Log" library="BuiltIn">
<arg>${new_data}</arg>
<doc>Logs the given message with the given level.</doc>
<msg timestamp="20250403 20:02:18.081" level="INFO">{ 
    "category": "01ba3470-81ea-40b3-9698-a92cec54b400",
    "supplier": "a913c855-5f57-4630-8743-9c427a876a20",
    "code": "TeSt234599990012", 
    "name": "lam_123451", 
    "price": 500, 
    "quantity": 400
}</msg>
<status status="PASS" starttime="20250403 20:02:18.081" endtime="20250403 20:02:18.081"/>
</kw>
<kw name="Call Api" library="testing_api">
<var>${Results}</var>
<arg>${Domain}${EndPoint}</arg>
<arg>${Method}</arg>
<arg>${new_data}</arg>
<msg timestamp="20250403 20:02:18.165" level="INFO">${Results} = {'status_code': 400, 'response': {'code': 400, 'message': 'Dữ liệu nhập không hợp lệ', 'error': 'INVALID_INPUT', 'errors': [{'field': '', 'objectName': None, 'message': 'Mismatched input', 'error': No...</msg>
<status status="PASS" starttime="20250403 20:02:18.081" endtime="20250403 20:02:18.165"/>
</kw>
<kw name="Should Be Equal As Strings" library="BuiltIn">
<arg>${Results}[status_code]</arg>
<arg>${StatusCode}</arg>
<doc>Fails if objects are unequal after converting them to strings.</doc>
<msg timestamp="20250403 20:02:18.165" level="INFO">Argument types are:
&lt;class 'int'&gt;
&lt;class 'str'&gt;</msg>
<msg timestamp="20250403 20:02:18.165" level="FAIL">400 != 201</msg>
<status status="FAIL" starttime="20250403 20:02:18.165" endtime="20250403 20:02:18.165"/>
</kw>
<kw name="[Common] - Validate Json Response Data" library="common_api">
<arg>${Results}[response]</arg>
<arg>${BaseParam}</arg>
<arg>${SubParam}</arg>
<arg>${SubParamValue}</arg>
<status status="NOT RUN" starttime="20250403 20:02:18.166" endtime="20250403 20:02:18.166"/>
</kw>
<status status="FAIL" starttime="20250403 20:02:18.079" endtime="20250403 20:02:18.166"/>
</kw>
<tag>api</tag>
<tag>test</tag>
<status status="FAIL" starttime="20250403 20:02:18.077" endtime="20250403 20:02:18.166">400 != 201</status>
</test>
<test id="s1-t9" name="9 - Check API add product không thành công với dữ liệu UUID của category không tồn tại" line="9">
<kw name="Call API demo">
<arg>https://testek.vn/lab/api/v0/prod-man</arg>
<arg>/product</arg>
<arg>POST</arg>
<arg>{ 
    "category": "01ba3470-81ea-40b3-9698-a92cec54b411",
    "code": "TeSt23459999690003", 
    "description": "lam_1234599991", 
    "name": "lam_1234599991", 
    "price": 500, 
    "quantity": 400, 
    "supplier": "1e17f190-fa6a-45e0-84b4-6fd0811ffa57", 
    "unit": "chiec"
}</arg>
<arg>400</arg>
<arg>code;message;field</arg>
<arg>4044001;Category not found: {0};category</arg>
<kw name="Log" library="BuiltIn">
<arg>${Data}</arg>
<doc>Logs the given message with the given level.</doc>
<msg timestamp="20250403 20:02:18.169" level="INFO">{ 
    "category": "01ba3470-81ea-40b3-9698-a92cec54b411",
    "code": "TeSt23459999690003", 
    "description": "lam_1234599991", 
    "name": "lam_1234599991", 
    "price": 500, 
    "quantity": 400, 
    "supplier": "1e17f190-fa6a-45e0-84b4-6fd0811ffa57", 
    "unit": "chiec"
}</msg>
<status status="PASS" starttime="20250403 20:02:18.169" endtime="20250403 20:02:18.169"/>
</kw>
<kw name="Random String Value" library="testing_api">
<var>${random_data}</var>
<msg timestamp="20250403 20:02:18.169" level="INFO">${random_data} = IhbCt!P{m"</msg>
<status status="PASS" starttime="20250403 20:02:18.169" endtime="20250403 20:02:18.170"/>
</kw>
<kw name="Replace String To Generate Data" library="testing_api">
<var>${new_data}</var>
<arg>${Data}</arg>
<arg>234569999</arg>
<arg>${random_data}</arg>
<msg timestamp="20250403 20:02:18.170" level="INFO">${new_data} = { 
    "category": "01ba3470-81ea-40b3-9698-a92cec54b411",
    "code": "TeSt23459999690003", 
    "description": "lam_1234599991", 
    "name": "lam_1234599991", 
    "price": 500, 
    "quantity": 40...</msg>
<status status="PASS" starttime="20250403 20:02:18.170" endtime="20250403 20:02:18.170"/>
</kw>
<kw name="Log" library="BuiltIn">
<arg>${new_data}</arg>
<doc>Logs the given message with the given level.</doc>
<msg timestamp="20250403 20:02:18.170" level="INFO">{ 
    "category": "01ba3470-81ea-40b3-9698-a92cec54b411",
    "code": "TeSt23459999690003", 
    "description": "lam_1234599991", 
    "name": "lam_1234599991", 
    "price": 500, 
    "quantity": 400, 
    "supplier": "1e17f190-fa6a-45e0-84b4-6fd0811ffa57", 
    "unit": "chiec"
}</msg>
<status status="PASS" starttime="20250403 20:02:18.170" endtime="20250403 20:02:18.170"/>
</kw>
<kw name="Call Api" library="testing_api">
<var>${Results}</var>
<arg>${Domain}${EndPoint}</arg>
<arg>${Method}</arg>
<arg>${new_data}</arg>
<msg timestamp="20250403 20:02:18.266" level="INFO">${Results} = {'status_code': 400, 'response': {'code': 400, 'message': 'Dữ liệu nhập không hợp lệ', 'error': 'INVALID_INPUT', 'errors': [{'field': '', 'objectName': None, 'message': 'Mismatched input', 'error': No...</msg>
<status status="PASS" starttime="20250403 20:02:18.170" endtime="20250403 20:02:18.267"/>
</kw>
<kw name="Should Be Equal As Strings" library="BuiltIn">
<arg>${Results}[status_code]</arg>
<arg>${StatusCode}</arg>
<doc>Fails if objects are unequal after converting them to strings.</doc>
<msg timestamp="20250403 20:02:18.267" level="INFO">Argument types are:
&lt;class 'int'&gt;
&lt;class 'str'&gt;</msg>
<status status="PASS" starttime="20250403 20:02:18.267" endtime="20250403 20:02:18.267"/>
</kw>
<kw name="[Common] - Validate Json Response Data" library="common_api">
<arg>${Results}[response]</arg>
<arg>${BaseParam}</arg>
<arg>${SubParam}</arg>
<arg>${SubParamValue}</arg>
<kw name="Replace String By Char To Validate Json" library="testing_api">
<var>${datas}</var>
<arg>${data}</arg>
<msg timestamp="20250403 20:02:18.268" level="INFO">${datas} = {"code": 400, "message": "Dữ liệu nhập không hợp lệ", "error": "INVALID_INPUT", "errors": [{"field": "", "objectName": "", "message": "Mismatched input", "error": ""}]}</msg>
<status status="PASS" starttime="20250403 20:02:18.268" endtime="20250403 20:02:18.268"/>
</kw>
<kw name="Load Data To Json" library="testing_api">
<var>${json}</var>
<arg>${datas}</arg>
<msg timestamp="20250403 20:02:18.268" level="INFO">${json} = {'code': 400, 'message': 'Dữ liệu nhập không hợp lệ', 'error': 'INVALID_INPUT', 'errors': [{'field': '', 'objectName': '', 'message': 'Mismatched input', 'error': ''}]}</msg>
<status status="PASS" starttime="20250403 20:02:18.268" endtime="20250403 20:02:18.268"/>
</kw>
<kw name="Evaluate" library="BuiltIn">
<var>${json_results}</var>
<arg>json.dumps(${json})</arg>
<arg>modules=json</arg>
<doc>Evaluates the given expression in Python and returns the result.</doc>
<msg timestamp="20250403 20:02:18.269" level="INFO">${json_results} = {"code": 400, "message": "D\u1eef li\u1ec7u nh\u1eadp kh\u00f4ng h\u1ee3p l\u1ec7", "error": "INVALID_INPUT", "errors": [{"field": "", "objectName": "", "message": "Mismatched input", "error": ""}]}</msg>
<status status="PASS" starttime="20250403 20:02:18.268" endtime="20250403 20:02:18.269"/>
</kw>
<kw name="Validate Json" library="json_utils">
<arg>${json_results}</arg>
<arg>${BaseParam}</arg>
<arg>${SubParam}</arg>
<arg>${SubParamValue}</arg>
<status status="PASS" starttime="20250403 20:02:18.269" endtime="20250403 20:02:18.269"/>
</kw>
<status status="PASS" starttime="20250403 20:02:18.267" endtime="20250403 20:02:18.269"/>
</kw>
<status status="PASS" starttime="20250403 20:02:18.168" endtime="20250403 20:02:18.269"/>
</kw>
<tag>api</tag>
<tag>test</tag>
<status status="PASS" starttime="20250403 20:02:18.166" endtime="20250403 20:02:18.269"/>
</test>
<test id="s1-t10" name="10 - Check API add product không thành công với dữ liệu UUID của category là biến name của category có trong hệ thống" line="9">
<kw name="Call API demo">
<arg>https://testek.vn/lab/api/v0/prod-man</arg>
<arg>/product</arg>
<arg>POST</arg>
<arg>{ 
    "category": "Máy giặt",
    "code": "TeSt23459999690003", 
    "description": "lam_1234599991", 
    "name": "lam_1234599991", 
    "price": 500, 
    "quantity": 400, 
    "supplier": "1e17f190-fa6a-45e0-84b4-6fd0811ffa57", 
    "unit": "chiec"
}</arg>
<arg>400</arg>
<arg>code;message;field</arg>
<arg>400;Mismatched input;category</arg>
<kw name="Log" library="BuiltIn">
<arg>${Data}</arg>
<doc>Logs the given message with the given level.</doc>
<msg timestamp="20250403 20:02:18.272" level="INFO">{ 
    "category": "Máy giặt",
    "code": "TeSt23459999690003", 
    "description": "lam_1234599991", 
    "name": "lam_1234599991", 
    "price": 500, 
    "quantity": 400, 
    "supplier": "1e17f190-fa6a-45e0-84b4-6fd0811ffa57", 
    "unit": "chiec"
}</msg>
<status status="PASS" starttime="20250403 20:02:18.272" endtime="20250403 20:02:18.272"/>
</kw>
<kw name="Random String Value" library="testing_api">
<var>${random_data}</var>
<msg timestamp="20250403 20:02:18.272" level="INFO">${random_data} = ^UXv_u`F`e</msg>
<status status="PASS" starttime="20250403 20:02:18.272" endtime="20250403 20:02:18.272"/>
</kw>
<kw name="Replace String To Generate Data" library="testing_api">
<var>${new_data}</var>
<arg>${Data}</arg>
<arg>234569999</arg>
<arg>${random_data}</arg>
<msg timestamp="20250403 20:02:18.273" level="INFO">${new_data} = { 
    "category": "Máy giặt",
    "code": "TeSt23459999690003", 
    "description": "lam_1234599991", 
    "name": "lam_1234599991", 
    "price": 500, 
    "quantity": 400, 
    "supplier": "1e17f19...</msg>
<status status="PASS" starttime="20250403 20:02:18.273" endtime="20250403 20:02:18.273"/>
</kw>
<kw name="Log" library="BuiltIn">
<arg>${new_data}</arg>
<doc>Logs the given message with the given level.</doc>
<msg timestamp="20250403 20:02:18.273" level="INFO">{ 
    "category": "Máy giặt",
    "code": "TeSt23459999690003", 
    "description": "lam_1234599991", 
    "name": "lam_1234599991", 
    "price": 500, 
    "quantity": 400, 
    "supplier": "1e17f190-fa6a-45e0-84b4-6fd0811ffa57", 
    "unit": "chiec"
}</msg>
<status status="PASS" starttime="20250403 20:02:18.273" endtime="20250403 20:02:18.273"/>
</kw>
<kw name="Call Api" library="testing_api">
<var>${Results}</var>
<arg>${Domain}${EndPoint}</arg>
<arg>${Method}</arg>
<arg>${new_data}</arg>
<msg timestamp="20250403 20:02:18.364" level="INFO">${Results} = {'status_code': 400, 'response': {'code': 400, 'message': 'Dữ liệu nhập không hợp lệ', 'error': 'INVALID_INPUT', 'errors': [{'field': '', 'objectName': None, 'message': 'Mismatched input', 'error': No...</msg>
<status status="PASS" starttime="20250403 20:02:18.273" endtime="20250403 20:02:18.364"/>
</kw>
<kw name="Should Be Equal As Strings" library="BuiltIn">
<arg>${Results}[status_code]</arg>
<arg>${StatusCode}</arg>
<doc>Fails if objects are unequal after converting them to strings.</doc>
<msg timestamp="20250403 20:02:18.364" level="INFO">Argument types are:
&lt;class 'int'&gt;
&lt;class 'str'&gt;</msg>
<status status="PASS" starttime="20250403 20:02:18.364" endtime="20250403 20:02:18.364"/>
</kw>
<kw name="[Common] - Validate Json Response Data" library="common_api">
<arg>${Results}[response]</arg>
<arg>${BaseParam}</arg>
<arg>${SubParam}</arg>
<arg>${SubParamValue}</arg>
<kw name="Replace String By Char To Validate Json" library="testing_api">
<var>${datas}</var>
<arg>${data}</arg>
<msg timestamp="20250403 20:02:18.365" level="INFO">${datas} = {"code": 400, "message": "Dữ liệu nhập không hợp lệ", "error": "INVALID_INPUT", "errors": [{"field": "", "objectName": "", "message": "Mismatched input", "error": ""}]}</msg>
<status status="PASS" starttime="20250403 20:02:18.365" endtime="20250403 20:02:18.365"/>
</kw>
<kw name="Load Data To Json" library="testing_api">
<var>${json}</var>
<arg>${datas}</arg>
<msg timestamp="20250403 20:02:18.366" level="INFO">${json} = {'code': 400, 'message': 'Dữ liệu nhập không hợp lệ', 'error': 'INVALID_INPUT', 'errors': [{'field': '', 'objectName': '', 'message': 'Mismatched input', 'error': ''}]}</msg>
<status status="PASS" starttime="20250403 20:02:18.366" endtime="20250403 20:02:18.366"/>
</kw>
<kw name="Evaluate" library="BuiltIn">
<var>${json_results}</var>
<arg>json.dumps(${json})</arg>
<arg>modules=json</arg>
<doc>Evaluates the given expression in Python and returns the result.</doc>
<msg timestamp="20250403 20:02:18.367" level="INFO">${json_results} = {"code": 400, "message": "D\u1eef li\u1ec7u nh\u1eadp kh\u00f4ng h\u1ee3p l\u1ec7", "error": "INVALID_INPUT", "errors": [{"field": "", "objectName": "", "message": "Mismatched input", "error": ""}]}</msg>
<status status="PASS" starttime="20250403 20:02:18.366" endtime="20250403 20:02:18.367"/>
</kw>
<kw name="Validate Json" library="json_utils">
<arg>${json_results}</arg>
<arg>${BaseParam}</arg>
<arg>${SubParam}</arg>
<arg>${SubParamValue}</arg>
<status status="PASS" starttime="20250403 20:02:18.367" endtime="20250403 20:02:18.367"/>
</kw>
<status status="PASS" starttime="20250403 20:02:18.364" endtime="20250403 20:02:18.367"/>
</kw>
<status status="PASS" starttime="20250403 20:02:18.271" endtime="20250403 20:02:18.367"/>
</kw>
<tag>api</tag>
<tag>test</tag>
<status status="PASS" starttime="20250403 20:02:18.270" endtime="20250403 20:02:18.367"/>
</test>
<test id="s1-t11" name="11 - Check API add product không thành công với dữ liệu UUID của Supply không tồn tại" line="9">
<kw name="Call API demo">
<arg>https://testek.vn/lab/api/v0/prod-man</arg>
<arg>/product</arg>
<arg>POST</arg>
<arg>{ 
    "category": "01ba3470-81ea-40b3-9698-a92cec54b400",
    "code": "TeSt23459999690003", 
    "description": "lam_1234599991", 
    "name": "lam_1234599991", 
    "price": 500, 
    "quantity": 400, 
    "supplier": "a913c855-5f57-4630-8743-9c427a876a99", //20
    "unit": "chiec"
}</arg>
<arg>400</arg>
<arg>code;message;field</arg>
<arg>4045001;Supplier not found: {0};supplier</arg>
<kw name="Log" library="BuiltIn">
<arg>${Data}</arg>
<doc>Logs the given message with the given level.</doc>
<msg timestamp="20250403 20:02:18.370" level="INFO">{ 
    "category": "01ba3470-81ea-40b3-9698-a92cec54b400",
    "code": "TeSt23459999690003", 
    "description": "lam_1234599991", 
    "name": "lam_1234599991", 
    "price": 500, 
    "quantity": 400, 
    "supplier": "a913c855-5f57-4630-8743-9c427a876a99", //20
    "unit": "chiec"
}</msg>
<status status="PASS" starttime="20250403 20:02:18.370" endtime="20250403 20:02:18.370"/>
</kw>
<kw name="Random String Value" library="testing_api">
<var>${random_data}</var>
<msg timestamp="20250403 20:02:18.370" level="INFO">${random_data} = N_2~j&gt;w'5T</msg>
<status status="PASS" starttime="20250403 20:02:18.370" endtime="20250403 20:02:18.370"/>
</kw>
<kw name="Replace String To Generate Data" library="testing_api">
<var>${new_data}</var>
<arg>${Data}</arg>
<arg>234569999</arg>
<arg>${random_data}</arg>
<msg timestamp="20250403 20:02:18.371" level="INFO">${new_data} = { 
    "category": "01ba3470-81ea-40b3-9698-a92cec54b400",
    "code": "TeSt23459999690003", 
    "description": "lam_1234599991", 
    "name": "lam_1234599991", 
    "price": 500, 
    "quantity": 40...</msg>
<status status="PASS" starttime="20250403 20:02:18.370" endtime="20250403 20:02:18.371"/>
</kw>
<kw name="Log" library="BuiltIn">
<arg>${new_data}</arg>
<doc>Logs the given message with the given level.</doc>
<msg timestamp="20250403 20:02:18.371" level="INFO">{ 
    "category": "01ba3470-81ea-40b3-9698-a92cec54b400",
    "code": "TeSt23459999690003", 
    "description": "lam_1234599991", 
    "name": "lam_1234599991", 
    "price": 500, 
    "quantity": 400, 
    "supplier": "a913c855-5f57-4630-8743-9c427a876a99", //20
    "unit": "chiec"
}</msg>
<status status="PASS" starttime="20250403 20:02:18.371" endtime="20250403 20:02:18.371"/>
</kw>
<kw name="Call Api" library="testing_api">
<var>${Results}</var>
<arg>${Domain}${EndPoint}</arg>
<arg>${Method}</arg>
<arg>${new_data}</arg>
<msg timestamp="20250403 20:02:18.460" level="INFO">${Results} = {'status_code': 400, 'response': {'code': 400, 'message': 'Dữ liệu nhập không hợp lệ', 'error': 'INVALID_INPUT', 'errors': [{'field': '', 'objectName': None, 'message': 'Mismatched input', 'error': No...</msg>
<status status="PASS" starttime="20250403 20:02:18.371" endtime="20250403 20:02:18.460"/>
</kw>
<kw name="Should Be Equal As Strings" library="BuiltIn">
<arg>${Results}[status_code]</arg>
<arg>${StatusCode}</arg>
<doc>Fails if objects are unequal after converting them to strings.</doc>
<msg timestamp="20250403 20:02:18.461" level="INFO">Argument types are:
&lt;class 'int'&gt;
&lt;class 'str'&gt;</msg>
<status status="PASS" starttime="20250403 20:02:18.460" endtime="20250403 20:02:18.461"/>
</kw>
<kw name="[Common] - Validate Json Response Data" library="common_api">
<arg>${Results}[response]</arg>
<arg>${BaseParam}</arg>
<arg>${SubParam}</arg>
<arg>${SubParamValue}</arg>
<kw name="Replace String By Char To Validate Json" library="testing_api">
<var>${datas}</var>
<arg>${data}</arg>
<msg timestamp="20250403 20:02:18.462" level="INFO">${datas} = {"code": 400, "message": "Dữ liệu nhập không hợp lệ", "error": "INVALID_INPUT", "errors": [{"field": "", "objectName": "", "message": "Mismatched input", "error": ""}]}</msg>
<status status="PASS" starttime="20250403 20:02:18.461" endtime="20250403 20:02:18.462"/>
</kw>
<kw name="Load Data To Json" library="testing_api">
<var>${json}</var>
<arg>${datas}</arg>
<msg timestamp="20250403 20:02:18.462" level="INFO">${json} = {'code': 400, 'message': 'Dữ liệu nhập không hợp lệ', 'error': 'INVALID_INPUT', 'errors': [{'field': '', 'objectName': '', 'message': 'Mismatched input', 'error': ''}]}</msg>
<status status="PASS" starttime="20250403 20:02:18.462" endtime="20250403 20:02:18.462"/>
</kw>
<kw name="Evaluate" library="BuiltIn">
<var>${json_results}</var>
<arg>json.dumps(${json})</arg>
<arg>modules=json</arg>
<doc>Evaluates the given expression in Python and returns the result.</doc>
<msg timestamp="20250403 20:02:18.463" level="INFO">${json_results} = {"code": 400, "message": "D\u1eef li\u1ec7u nh\u1eadp kh\u00f4ng h\u1ee3p l\u1ec7", "error": "INVALID_INPUT", "errors": [{"field": "", "objectName": "", "message": "Mismatched input", "error": ""}]}</msg>
<status status="PASS" starttime="20250403 20:02:18.462" endtime="20250403 20:02:18.463"/>
</kw>
<kw name="Validate Json" library="json_utils">
<arg>${json_results}</arg>
<arg>${BaseParam}</arg>
<arg>${SubParam}</arg>
<arg>${SubParamValue}</arg>
<status status="PASS" starttime="20250403 20:02:18.463" endtime="20250403 20:02:18.463"/>
</kw>
<status status="PASS" starttime="20250403 20:02:18.461" endtime="20250403 20:02:18.463"/>
</kw>
<status status="PASS" starttime="20250403 20:02:18.369" endtime="20250403 20:02:18.463"/>
</kw>
<tag>api</tag>
<tag>test</tag>
<status status="PASS" starttime="20250403 20:02:18.368" endtime="20250403 20:02:18.463"/>
</test>
<test id="s1-t12" name="12 - Check API add product không thành công với dữ liệu UUID của Supply là biến name của Supply có trong hệ thống" line="9">
<kw name="Call API demo">
<arg>https://testek.vn/lab/api/v0/prod-man</arg>
<arg>/product</arg>
<arg>POST</arg>
<arg>{ 
    "category": "01ba3470-81ea-40b3-9698-a92cec54b400",
    "code": "TeSt23459999690003", 
    "description": "lam_1234599991", 
    "name": "lam_1234599991", 
    "price": 500, 
    "quantity": 400, 
    "supplier": "Canon Viet Nam", //20
    "unit": "chiec"
}</arg>
<arg>400</arg>
<arg>code;message;field</arg>
<arg>400;Mismatched input;supplier</arg>
<kw name="Log" library="BuiltIn">
<arg>${Data}</arg>
<doc>Logs the given message with the given level.</doc>
<msg timestamp="20250403 20:02:18.466" level="INFO">{ 
    "category": "01ba3470-81ea-40b3-9698-a92cec54b400",
    "code": "TeSt23459999690003", 
    "description": "lam_1234599991", 
    "name": "lam_1234599991", 
    "price": 500, 
    "quantity": 400, 
    "supplier": "Canon Viet Nam", //20
    "unit": "chiec"
}</msg>
<status status="PASS" starttime="20250403 20:02:18.466" endtime="20250403 20:02:18.466"/>
</kw>
<kw name="Random String Value" library="testing_api">
<var>${random_data}</var>
<msg timestamp="20250403 20:02:18.467" level="INFO">${random_data} = N(*B&amp;)`Z\,</msg>
<status status="PASS" starttime="20250403 20:02:18.467" endtime="20250403 20:02:18.467"/>
</kw>
<kw name="Replace String To Generate Data" library="testing_api">
<var>${new_data}</var>
<arg>${Data}</arg>
<arg>234569999</arg>
<arg>${random_data}</arg>
<msg timestamp="20250403 20:02:18.469" level="INFO">${new_data} = { 
    "category": "01ba3470-81ea-40b3-9698-a92cec54b400",
    "code": "TeSt23459999690003", 
    "description": "lam_1234599991", 
    "name": "lam_1234599991", 
    "price": 500, 
    "quantity": 40...</msg>
<status status="PASS" starttime="20250403 20:02:18.468" endtime="20250403 20:02:18.469"/>
</kw>
<kw name="Log" library="BuiltIn">
<arg>${new_data}</arg>
<doc>Logs the given message with the given level.</doc>
<msg timestamp="20250403 20:02:18.469" level="INFO">{ 
    "category": "01ba3470-81ea-40b3-9698-a92cec54b400",
    "code": "TeSt23459999690003", 
    "description": "lam_1234599991", 
    "name": "lam_1234599991", 
    "price": 500, 
    "quantity": 400, 
    "supplier": "Canon Viet Nam", //20
    "unit": "chiec"
}</msg>
<status status="PASS" starttime="20250403 20:02:18.469" endtime="20250403 20:02:18.469"/>
</kw>
<kw name="Call Api" library="testing_api">
<var>${Results}</var>
<arg>${Domain}${EndPoint}</arg>
<arg>${Method}</arg>
<arg>${new_data}</arg>
<msg timestamp="20250403 20:02:18.578" level="INFO">${Results} = {'status_code': 400, 'response': {'code': 400, 'message': 'Dữ liệu nhập không hợp lệ', 'error': 'INVALID_INPUT', 'errors': [{'field': '', 'objectName': None, 'message': 'Mismatched input', 'error': No...</msg>
<status status="PASS" starttime="20250403 20:02:18.470" endtime="20250403 20:02:18.578"/>
</kw>
<kw name="Should Be Equal As Strings" library="BuiltIn">
<arg>${Results}[status_code]</arg>
<arg>${StatusCode}</arg>
<doc>Fails if objects are unequal after converting them to strings.</doc>
<msg timestamp="20250403 20:02:18.579" level="INFO">Argument types are:
&lt;class 'int'&gt;
&lt;class 'str'&gt;</msg>
<status status="PASS" starttime="20250403 20:02:18.579" endtime="20250403 20:02:18.579"/>
</kw>
<kw name="[Common] - Validate Json Response Data" library="common_api">
<arg>${Results}[response]</arg>
<arg>${BaseParam}</arg>
<arg>${SubParam}</arg>
<arg>${SubParamValue}</arg>
<kw name="Replace String By Char To Validate Json" library="testing_api">
<var>${datas}</var>
<arg>${data}</arg>
<msg timestamp="20250403 20:02:18.580" level="INFO">${datas} = {"code": 400, "message": "Dữ liệu nhập không hợp lệ", "error": "INVALID_INPUT", "errors": [{"field": "", "objectName": "", "message": "Mismatched input", "error": ""}]}</msg>
<status status="PASS" starttime="20250403 20:02:18.580" endtime="20250403 20:02:18.580"/>
</kw>
<kw name="Load Data To Json" library="testing_api">
<var>${json}</var>
<arg>${datas}</arg>
<msg timestamp="20250403 20:02:18.580" level="INFO">${json} = {'code': 400, 'message': 'Dữ liệu nhập không hợp lệ', 'error': 'INVALID_INPUT', 'errors': [{'field': '', 'objectName': '', 'message': 'Mismatched input', 'error': ''}]}</msg>
<status status="PASS" starttime="20250403 20:02:18.580" endtime="20250403 20:02:18.580"/>
</kw>
<kw name="Evaluate" library="BuiltIn">
<var>${json_results}</var>
<arg>json.dumps(${json})</arg>
<arg>modules=json</arg>
<doc>Evaluates the given expression in Python and returns the result.</doc>
<msg timestamp="20250403 20:02:18.581" level="INFO">${json_results} = {"code": 400, "message": "D\u1eef li\u1ec7u nh\u1eadp kh\u00f4ng h\u1ee3p l\u1ec7", "error": "INVALID_INPUT", "errors": [{"field": "", "objectName": "", "message": "Mismatched input", "error": ""}]}</msg>
<status status="PASS" starttime="20250403 20:02:18.581" endtime="20250403 20:02:18.581"/>
</kw>
<kw name="Validate Json" library="json_utils">
<arg>${json_results}</arg>
<arg>${BaseParam}</arg>
<arg>${SubParam}</arg>
<arg>${SubParamValue}</arg>
<status status="PASS" starttime="20250403 20:02:18.581" endtime="20250403 20:02:18.581"/>
</kw>
<status status="PASS" starttime="20250403 20:02:18.579" endtime="20250403 20:02:18.582"/>
</kw>
<status status="PASS" starttime="20250403 20:02:18.465" endtime="20250403 20:02:18.582"/>
</kw>
<tag>api</tag>
<tag>test</tag>
<status status="PASS" starttime="20250403 20:02:18.464" endtime="20250403 20:02:18.582"/>
</test>
<test id="s1-t13" name="13 - Check API add product không thành công với code product đã tồn tại trong hệ thống" line="9">
<kw name="Call API demo">
<arg>https://testek.vn/lab/api/v0/prod-man</arg>
<arg>/product</arg>
<arg>POST</arg>
<arg>{ 
    "category": "01ba3470-81ea-40b3-9698-a92cec54b400",
    "code": "Lam111", 
    "description": "lam_1234599991", 
    "name": "lam_1234599991", 
    "price": 500, 
    "quantity": 400, 
    "supplier": "a913c855-5f57-4630-8743-9c427a876a20", //20
    "unit": "chiec"
}</arg>
<arg>400</arg>
<arg>code;message;field</arg>
<arg>400;Mismatched input;supplier</arg>
<kw name="Log" library="BuiltIn">
<arg>${Data}</arg>
<doc>Logs the given message with the given level.</doc>
<msg timestamp="20250403 20:02:18.585" level="INFO">{ 
    "category": "01ba3470-81ea-40b3-9698-a92cec54b400",
    "code": "Lam111", 
    "description": "lam_1234599991", 
    "name": "lam_1234599991", 
    "price": 500, 
    "quantity": 400, 
    "supplier": "a913c855-5f57-4630-8743-9c427a876a20", //20
    "unit": "chiec"
}</msg>
<status status="PASS" starttime="20250403 20:02:18.584" endtime="20250403 20:02:18.585"/>
</kw>
<kw name="Random String Value" library="testing_api">
<var>${random_data}</var>
<msg timestamp="20250403 20:02:18.585" level="INFO">${random_data} = OD|)w56[%J</msg>
<status status="PASS" starttime="20250403 20:02:18.585" endtime="20250403 20:02:18.585"/>
</kw>
<kw name="Replace String To Generate Data" library="testing_api">
<var>${new_data}</var>
<arg>${Data}</arg>
<arg>234569999</arg>
<arg>${random_data}</arg>
<msg timestamp="20250403 20:02:18.585" level="INFO">${new_data} = { 
    "category": "01ba3470-81ea-40b3-9698-a92cec54b400",
    "code": "Lam111", 
    "description": "lam_1234599991", 
    "name": "lam_1234599991", 
    "price": 500, 
    "quantity": 400, 
    "sup...</msg>
<status status="PASS" starttime="20250403 20:02:18.585" endtime="20250403 20:02:18.585"/>
</kw>
<kw name="Log" library="BuiltIn">
<arg>${new_data}</arg>
<doc>Logs the given message with the given level.</doc>
<msg timestamp="20250403 20:02:18.585" level="INFO">{ 
    "category": "01ba3470-81ea-40b3-9698-a92cec54b400",
    "code": "Lam111", 
    "description": "lam_1234599991", 
    "name": "lam_1234599991", 
    "price": 500, 
    "quantity": 400, 
    "supplier": "a913c855-5f57-4630-8743-9c427a876a20", //20
    "unit": "chiec"
}</msg>
<status status="PASS" starttime="20250403 20:02:18.585" endtime="20250403 20:02:18.586"/>
</kw>
<kw name="Call Api" library="testing_api">
<var>${Results}</var>
<arg>${Domain}${EndPoint}</arg>
<arg>${Method}</arg>
<arg>${new_data}</arg>
<msg timestamp="20250403 20:02:18.669" level="INFO">${Results} = {'status_code': 400, 'response': {'code': 400, 'message': 'Dữ liệu nhập không hợp lệ', 'error': 'INVALID_INPUT', 'errors': [{'field': '', 'objectName': None, 'message': 'Mismatched input', 'error': No...</msg>
<status status="PASS" starttime="20250403 20:02:18.586" endtime="20250403 20:02:18.669"/>
</kw>
<kw name="Should Be Equal As Strings" library="BuiltIn">
<arg>${Results}[status_code]</arg>
<arg>${StatusCode}</arg>
<doc>Fails if objects are unequal after converting them to strings.</doc>
<msg timestamp="20250403 20:02:18.669" level="INFO">Argument types are:
&lt;class 'int'&gt;
&lt;class 'str'&gt;</msg>
<status status="PASS" starttime="20250403 20:02:18.669" endtime="20250403 20:02:18.669"/>
</kw>
<kw name="[Common] - Validate Json Response Data" library="common_api">
<arg>${Results}[response]</arg>
<arg>${BaseParam}</arg>
<arg>${SubParam}</arg>
<arg>${SubParamValue}</arg>
<kw name="Replace String By Char To Validate Json" library="testing_api">
<var>${datas}</var>
<arg>${data}</arg>
<msg timestamp="20250403 20:02:18.670" level="INFO">${datas} = {"code": 400, "message": "Dữ liệu nhập không hợp lệ", "error": "INVALID_INPUT", "errors": [{"field": "", "objectName": "", "message": "Mismatched input", "error": ""}]}</msg>
<status status="PASS" starttime="20250403 20:02:18.670" endtime="20250403 20:02:18.670"/>
</kw>
<kw name="Load Data To Json" library="testing_api">
<var>${json}</var>
<arg>${datas}</arg>
<msg timestamp="20250403 20:02:18.671" level="INFO">${json} = {'code': 400, 'message': 'Dữ liệu nhập không hợp lệ', 'error': 'INVALID_INPUT', 'errors': [{'field': '', 'objectName': '', 'message': 'Mismatched input', 'error': ''}]}</msg>
<status status="PASS" starttime="20250403 20:02:18.671" endtime="20250403 20:02:18.671"/>
</kw>
<kw name="Evaluate" library="BuiltIn">
<var>${json_results}</var>
<arg>json.dumps(${json})</arg>
<arg>modules=json</arg>
<doc>Evaluates the given expression in Python and returns the result.</doc>
<msg timestamp="20250403 20:02:18.671" level="INFO">${json_results} = {"code": 400, "message": "D\u1eef li\u1ec7u nh\u1eadp kh\u00f4ng h\u1ee3p l\u1ec7", "error": "INVALID_INPUT", "errors": [{"field": "", "objectName": "", "message": "Mismatched input", "error": ""}]}</msg>
<status status="PASS" starttime="20250403 20:02:18.671" endtime="20250403 20:02:18.672"/>
</kw>
<kw name="Validate Json" library="json_utils">
<arg>${json_results}</arg>
<arg>${BaseParam}</arg>
<arg>${SubParam}</arg>
<arg>${SubParamValue}</arg>
<status status="PASS" starttime="20250403 20:02:18.672" endtime="20250403 20:02:18.672"/>
</kw>
<status status="PASS" starttime="20250403 20:02:18.670" endtime="20250403 20:02:18.672"/>
</kw>
<status status="PASS" starttime="20250403 20:02:18.584" endtime="20250403 20:02:18.672"/>
</kw>
<tag>api</tag>
<tag>test</tag>
<status status="PASS" starttime="20250403 20:02:18.582" endtime="20250403 20:02:18.672"/>
</test>
<test id="s1-t14" name="14 - Check API add product không thành công với baseURL bị sai" line="9">
<kw name="Call API demo">
<arg>https://testek.vn/lab/api/v0/prod-man1</arg>
<arg>/product</arg>
<arg>POST</arg>
<arg>Url: https://testek.vn/lab/api/v0/prod-man1/product

{ 
    "category": "01ba3470-81ea-40b3-9698-a92cec54b400",
    "code": "TeSt23459999690001", 
    "description": "lam_1234599991", 
    "name": "lam_1234599991", 
    "price": 500, 
    "quantity": 400, 
    "supplier": "a913c855-5f57-4630-8743-9c427a876a20", //20
    "unit": "chiec"
}</arg>
<arg>404</arg>
<kw name="Log" library="BuiltIn">
<arg>${Data}</arg>
<doc>Logs the given message with the given level.</doc>
<msg timestamp="20250403 20:02:18.675" level="INFO">Url: https://testek.vn/lab/api/v0/prod-man1/product

{ 
    "category": "01ba3470-81ea-40b3-9698-a92cec54b400",
    "code": "TeSt23459999690001", 
    "description": "lam_1234599991", 
    "name": "lam_1234599991", 
    "price": 500, 
    "quantity": 400, 
    "supplier": "a913c855-5f57-4630-8743-9c427a876a20", //20
    "unit": "chiec"
}</msg>
<status status="PASS" starttime="20250403 20:02:18.675" endtime="20250403 20:02:18.675"/>
</kw>
<kw name="Random String Value" library="testing_api">
<var>${random_data}</var>
<msg timestamp="20250403 20:02:18.675" level="INFO">${random_data} = HQp-w+KGD^</msg>
<status status="PASS" starttime="20250403 20:02:18.675" endtime="20250403 20:02:18.675"/>
</kw>
<kw name="Replace String To Generate Data" library="testing_api">
<var>${new_data}</var>
<arg>${Data}</arg>
<arg>234569999</arg>
<arg>${random_data}</arg>
<msg timestamp="20250403 20:02:18.675" level="INFO">${new_data} = Url: https://testek.vn/lab/api/v0/prod-man1/product

{ 
    "category": "01ba3470-81ea-40b3-9698-a92cec54b400",
    "code": "TeSt23459999690001", 
    "description": "lam_1234599991", 
    "name": "la...</msg>
<status status="PASS" starttime="20250403 20:02:18.675" endtime="20250403 20:02:18.675"/>
</kw>
<kw name="Log" library="BuiltIn">
<arg>${new_data}</arg>
<doc>Logs the given message with the given level.</doc>
<msg timestamp="20250403 20:02:18.676" level="INFO">Url: https://testek.vn/lab/api/v0/prod-man1/product

{ 
    "category": "01ba3470-81ea-40b3-9698-a92cec54b400",
    "code": "TeSt23459999690001", 
    "description": "lam_1234599991", 
    "name": "lam_1234599991", 
    "price": 500, 
    "quantity": 400, 
    "supplier": "a913c855-5f57-4630-8743-9c427a876a20", //20
    "unit": "chiec"
}</msg>
<status status="PASS" starttime="20250403 20:02:18.676" endtime="20250403 20:02:18.676"/>
</kw>
<kw name="Call Api" library="testing_api">
<var>${Results}</var>
<arg>${Domain}${EndPoint}</arg>
<arg>${Method}</arg>
<arg>${new_data}</arg>
<msg timestamp="20250403 20:02:18.752" level="INFO">${Results} = {'status_code': 'Có lỗi xảy ra', 'error': 'Expecting value: line 1 column 1 (char 0)'}</msg>
<status status="PASS" starttime="20250403 20:02:18.676" endtime="20250403 20:02:18.752"/>
</kw>
<kw name="Should Be Equal As Strings" library="BuiltIn">
<arg>${Results}[status_code]</arg>
<arg>${StatusCode}</arg>
<doc>Fails if objects are unequal after converting them to strings.</doc>
<msg timestamp="20250403 20:02:18.753" level="FAIL">Có lỗi xảy ra != 404</msg>
<status status="FAIL" starttime="20250403 20:02:18.753" endtime="20250403 20:02:18.753"/>
</kw>
<kw name="[Common] - Validate Json Response Data" library="common_api">
<arg>${Results}[response]</arg>
<arg>${BaseParam}</arg>
<arg>${SubParam}</arg>
<arg>${SubParamValue}</arg>
<status status="NOT RUN" starttime="20250403 20:02:18.753" endtime="20250403 20:02:18.753"/>
</kw>
<status status="FAIL" starttime="20250403 20:02:18.674" endtime="20250403 20:02:18.753"/>
</kw>
<tag>api</tag>
<tag>test</tag>
<status status="FAIL" starttime="20250403 20:02:18.673" endtime="20250403 20:02:18.754">Có lỗi xảy ra != 404</status>
</test>
<test id="s1-t15" name="15 - Check API add product không thành công với endpoint bị sai" line="9">
<kw name="Call API demo">
<arg>https://testek.vn/lab/api/v0/prod-man</arg>
<arg>/product1</arg>
<arg>POST</arg>
<arg>{ 
    "category": "01ba3470-81ea-40b3-9698-a92cec54b400",
    "code": "TeSt23459999690001", 
    "description": "lam_1234599991", 
    "name": "lam_1234599991", 
    "price": 500, 
    "quantity": 400, 
    "supplier": "a913c855-5f57-4630-8743-9c427a876a20", //20
    "unit": "chiec"
}</arg>
<arg>404</arg>
<arg>error;status;</arg>
<arg>Not Found;404</arg>
<kw name="Log" library="BuiltIn">
<arg>${Data}</arg>
<doc>Logs the given message with the given level.</doc>
<msg timestamp="20250403 20:02:18.756" level="INFO">{ 
    "category": "01ba3470-81ea-40b3-9698-a92cec54b400",
    "code": "TeSt23459999690001", 
    "description": "lam_1234599991", 
    "name": "lam_1234599991", 
    "price": 500, 
    "quantity": 400, 
    "supplier": "a913c855-5f57-4630-8743-9c427a876a20", //20
    "unit": "chiec"
}</msg>
<status status="PASS" starttime="20250403 20:02:18.756" endtime="20250403 20:02:18.756"/>
</kw>
<kw name="Random String Value" library="testing_api">
<var>${random_data}</var>
<msg timestamp="20250403 20:02:18.757" level="INFO">${random_data} = }'w[GQW=L@</msg>
<status status="PASS" starttime="20250403 20:02:18.757" endtime="20250403 20:02:18.757"/>
</kw>
<kw name="Replace String To Generate Data" library="testing_api">
<var>${new_data}</var>
<arg>${Data}</arg>
<arg>234569999</arg>
<arg>${random_data}</arg>
<msg timestamp="20250403 20:02:18.757" level="INFO">${new_data} = { 
    "category": "01ba3470-81ea-40b3-9698-a92cec54b400",
    "code": "TeSt23459999690001", 
    "description": "lam_1234599991", 
    "name": "lam_1234599991", 
    "price": 500, 
    "quantity": 40...</msg>
<status status="PASS" starttime="20250403 20:02:18.757" endtime="20250403 20:02:18.757"/>
</kw>
<kw name="Log" library="BuiltIn">
<arg>${new_data}</arg>
<doc>Logs the given message with the given level.</doc>
<msg timestamp="20250403 20:02:18.757" level="INFO">{ 
    "category": "01ba3470-81ea-40b3-9698-a92cec54b400",
    "code": "TeSt23459999690001", 
    "description": "lam_1234599991", 
    "name": "lam_1234599991", 
    "price": 500, 
    "quantity": 400, 
    "supplier": "a913c855-5f57-4630-8743-9c427a876a20", //20
    "unit": "chiec"
}</msg>
<status status="PASS" starttime="20250403 20:02:18.757" endtime="20250403 20:02:18.757"/>
</kw>
<kw name="Call Api" library="testing_api">
<var>${Results}</var>
<arg>${Domain}${EndPoint}</arg>
<arg>${Method}</arg>
<arg>${new_data}</arg>
<msg timestamp="20250403 20:02:18.963" level="INFO">${Results} = {'status_code': 404, 'response': {'timestamp': 1743685339132, 'status': 404, 'error': 'Not Found', 'message': '', 'path': '/lab/api/v0/prod-man/product1'}}</msg>
<status status="PASS" starttime="20250403 20:02:18.758" endtime="20250403 20:02:18.963"/>
</kw>
<kw name="Should Be Equal As Strings" library="BuiltIn">
<arg>${Results}[status_code]</arg>
<arg>${StatusCode}</arg>
<doc>Fails if objects are unequal after converting them to strings.</doc>
<msg timestamp="20250403 20:02:18.964" level="INFO">Argument types are:
&lt;class 'int'&gt;
&lt;class 'str'&gt;</msg>
<status status="PASS" starttime="20250403 20:02:18.963" endtime="20250403 20:02:18.964"/>
</kw>
<kw name="[Common] - Validate Json Response Data" library="common_api">
<arg>${Results}[response]</arg>
<arg>${BaseParam}</arg>
<arg>${SubParam}</arg>
<arg>${SubParamValue}</arg>
<kw name="Replace String By Char To Validate Json" library="testing_api">
<var>${datas}</var>
<arg>${data}</arg>
<msg timestamp="20250403 20:02:18.964" level="INFO">${datas} = {"timestamp": 1743685339132, "status": 404, "error": "Not Found", "message": "", "path": "/lab/api/v0/prod-man/product1"}</msg>
<status status="PASS" starttime="20250403 20:02:18.964" endtime="20250403 20:02:18.964"/>
</kw>
<kw name="Load Data To Json" library="testing_api">
<var>${json}</var>
<arg>${datas}</arg>
<msg timestamp="20250403 20:02:18.965" level="INFO">${json} = {'timestamp': 1743685339132, 'status': 404, 'error': 'Not Found', 'message': '', 'path': '/lab/api/v0/prod-man/product1'}</msg>
<status status="PASS" starttime="20250403 20:02:18.965" endtime="20250403 20:02:18.965"/>
</kw>
<kw name="Evaluate" library="BuiltIn">
<var>${json_results}</var>
<arg>json.dumps(${json})</arg>
<arg>modules=json</arg>
<doc>Evaluates the given expression in Python and returns the result.</doc>
<msg timestamp="20250403 20:02:18.965" level="INFO">${json_results} = {"timestamp": 1743685339132, "status": 404, "error": "Not Found", "message": "", "path": "/lab/api/v0/prod-man/product1"}</msg>
<status status="PASS" starttime="20250403 20:02:18.965" endtime="20250403 20:02:18.965"/>
</kw>
<kw name="Validate Json" library="json_utils">
<arg>${json_results}</arg>
<arg>${BaseParam}</arg>
<arg>${SubParam}</arg>
<arg>${SubParamValue}</arg>
<status status="PASS" starttime="20250403 20:02:18.966" endtime="20250403 20:02:18.966"/>
</kw>
<status status="PASS" starttime="20250403 20:02:18.964" endtime="20250403 20:02:18.966"/>
</kw>
<status status="PASS" starttime="20250403 20:02:18.756" endtime="20250403 20:02:18.966"/>
</kw>
<tag>api</tag>
<tag>test</tag>
<status status="PASS" starttime="20250403 20:02:18.754" endtime="20250403 20:02:18.966"/>
</test>
<test id="s1-t16" name="16 - Check API add product không thành công khi chọn method là GET" line="9">
<kw name="Call API demo">
<arg>https://testek.vn/lab/api/v0/prod-man</arg>
<arg>/product</arg>
<arg>GET</arg>
<arg>Method: GET

{ 
    "category": "01ba3470-81ea-40b3-9698-a92cec54b400",
    "code": "TeSt23459999690001", 
    "description": "lam_1234599991", 
    "name": "lam_1234599991", 
    "price": 500, 
    "quantity": 400, 
    "supplier": "a913c855-5f57-4630-8743-9c427a876a20", //20
    "unit": "chiec"
}</arg>
<arg>405</arg>
<arg>code;message;field</arg>
<arg>405;Http request method not support;GET</arg>
<kw name="Log" library="BuiltIn">
<arg>${Data}</arg>
<doc>Logs the given message with the given level.</doc>
<msg timestamp="20250403 20:02:18.969" level="INFO">Method: GET

{ 
    "category": "01ba3470-81ea-40b3-9698-a92cec54b400",
    "code": "TeSt23459999690001", 
    "description": "lam_1234599991", 
    "name": "lam_1234599991", 
    "price": 500, 
    "quantity": 400, 
    "supplier": "a913c855-5f57-4630-8743-9c427a876a20", //20
    "unit": "chiec"
}</msg>
<status status="PASS" starttime="20250403 20:02:18.968" endtime="20250403 20:02:18.969"/>
</kw>
<kw name="Random String Value" library="testing_api">
<var>${random_data}</var>
<msg timestamp="20250403 20:02:18.969" level="INFO">${random_data} = tS1@2rg)b:</msg>
<status status="PASS" starttime="20250403 20:02:18.969" endtime="20250403 20:02:18.969"/>
</kw>
<kw name="Replace String To Generate Data" library="testing_api">
<var>${new_data}</var>
<arg>${Data}</arg>
<arg>234569999</arg>
<arg>${random_data}</arg>
<msg timestamp="20250403 20:02:18.969" level="INFO">${new_data} = Method: GET

{ 
    "category": "01ba3470-81ea-40b3-9698-a92cec54b400",
    "code": "TeSt23459999690001", 
    "description": "lam_1234599991", 
    "name": "lam_1234599991", 
    "price": 500, 
    "...</msg>
<status status="PASS" starttime="20250403 20:02:18.969" endtime="20250403 20:02:18.969"/>
</kw>
<kw name="Log" library="BuiltIn">
<arg>${new_data}</arg>
<doc>Logs the given message with the given level.</doc>
<msg timestamp="20250403 20:02:18.970" level="INFO">Method: GET

{ 
    "category": "01ba3470-81ea-40b3-9698-a92cec54b400",
    "code": "TeSt23459999690001", 
    "description": "lam_1234599991", 
    "name": "lam_1234599991", 
    "price": 500, 
    "quantity": 400, 
    "supplier": "a913c855-5f57-4630-8743-9c427a876a20", //20
    "unit": "chiec"
}</msg>
<status status="PASS" starttime="20250403 20:02:18.969" endtime="20250403 20:02:18.970"/>
</kw>
<kw name="Call Api" library="testing_api">
<var>${Results}</var>
<arg>${Domain}${EndPoint}</arg>
<arg>${Method}</arg>
<arg>${new_data}</arg>
<msg timestamp="20250403 20:02:19.053" level="INFO">${Results} = {'status_code': 405, 'response': {'code': 405, 'message': 'Dữ liệu nhập không hợp lệ', 'error': 'INVALID_INPUT', 'errors': [{'field': 'GET', 'objectName': None, 'message': 'Http request method not sup...</msg>
<status status="PASS" starttime="20250403 20:02:18.970" endtime="20250403 20:02:19.054"/>
</kw>
<kw name="Should Be Equal As Strings" library="BuiltIn">
<arg>${Results}[status_code]</arg>
<arg>${StatusCode}</arg>
<doc>Fails if objects are unequal after converting them to strings.</doc>
<msg timestamp="20250403 20:02:19.054" level="INFO">Argument types are:
&lt;class 'int'&gt;
&lt;class 'str'&gt;</msg>
<status status="PASS" starttime="20250403 20:02:19.054" endtime="20250403 20:02:19.054"/>
</kw>
<kw name="[Common] - Validate Json Response Data" library="common_api">
<arg>${Results}[response]</arg>
<arg>${BaseParam}</arg>
<arg>${SubParam}</arg>
<arg>${SubParamValue}</arg>
<kw name="Replace String By Char To Validate Json" library="testing_api">
<var>${datas}</var>
<arg>${data}</arg>
<msg timestamp="20250403 20:02:19.055" level="INFO">${datas} = {"code": 405, "message": "Dữ liệu nhập không hợp lệ", "error": "INVALID_INPUT", "errors": [{"field": "GET", "objectName": "", "message": "Http request method not support", "error": ""}]}</msg>
<status status="PASS" starttime="20250403 20:02:19.055" endtime="20250403 20:02:19.055"/>
</kw>
<kw name="Load Data To Json" library="testing_api">
<var>${json}</var>
<arg>${datas}</arg>
<msg timestamp="20250403 20:02:19.056" level="INFO">${json} = {'code': 405, 'message': 'Dữ liệu nhập không hợp lệ', 'error': 'INVALID_INPUT', 'errors': [{'field': 'GET', 'objectName': '', 'message': 'Http request method not support', 'error': ''}]}</msg>
<status status="PASS" starttime="20250403 20:02:19.055" endtime="20250403 20:02:19.056"/>
</kw>
<kw name="Evaluate" library="BuiltIn">
<var>${json_results}</var>
<arg>json.dumps(${json})</arg>
<arg>modules=json</arg>
<doc>Evaluates the given expression in Python and returns the result.</doc>
<msg timestamp="20250403 20:02:19.056" level="INFO">${json_results} = {"code": 405, "message": "D\u1eef li\u1ec7u nh\u1eadp kh\u00f4ng h\u1ee3p l\u1ec7", "error": "INVALID_INPUT", "errors": [{"field": "GET", "objectName": "", "message": "Http request method not support"...</msg>
<status status="PASS" starttime="20250403 20:02:19.056" endtime="20250403 20:02:19.056"/>
</kw>
<kw name="Validate Json" library="json_utils">
<arg>${json_results}</arg>
<arg>${BaseParam}</arg>
<arg>${SubParam}</arg>
<arg>${SubParamValue}</arg>
<status status="PASS" starttime="20250403 20:02:19.056" endtime="20250403 20:02:19.057"/>
</kw>
<status status="PASS" starttime="20250403 20:02:19.054" endtime="20250403 20:02:19.057"/>
</kw>
<status status="PASS" starttime="20250403 20:02:18.968" endtime="20250403 20:02:19.057"/>
</kw>
<tag>api</tag>
<tag>test</tag>
<status status="PASS" starttime="20250403 20:02:18.966" endtime="20250403 20:02:19.057"/>
</test>
<test id="s1-t17" name="17 - Check API add product không thành công khi chọn method là PUT" line="9">
<kw name="Call API demo">
<arg>https://testek.vn/lab/api/v0/prod-man</arg>
<arg>/product</arg>
<arg>PUT</arg>
<arg>Method: PUT

{ 
    "category": "01ba3470-81ea-40b3-9698-a92cec54b400",
    "code": "TeSt23459999690001", 
    "description": "lam_1234599991", 
    "name": "lam_1234599991", 
    "price": 500, 
    "quantity": 400, 
    "supplier": "a913c855-5f57-4630-8743-9c427a876a20", //20
    "unit": "chiec"
}</arg>
<arg>405</arg>
<arg>code;message;field</arg>
<arg>405;Http request method not support;PUT</arg>
<kw name="Log" library="BuiltIn">
<arg>${Data}</arg>
<doc>Logs the given message with the given level.</doc>
<msg timestamp="20250403 20:02:19.059" level="INFO">Method: PUT

{ 
    "category": "01ba3470-81ea-40b3-9698-a92cec54b400",
    "code": "TeSt23459999690001", 
    "description": "lam_1234599991", 
    "name": "lam_1234599991", 
    "price": 500, 
    "quantity": 400, 
    "supplier": "a913c855-5f57-4630-8743-9c427a876a20", //20
    "unit": "chiec"
}</msg>
<status status="PASS" starttime="20250403 20:02:19.059" endtime="20250403 20:02:19.059"/>
</kw>
<kw name="Random String Value" library="testing_api">
<var>${random_data}</var>
<msg timestamp="20250403 20:02:19.060" level="INFO">${random_data} = bMfwx:sTx"</msg>
<status status="PASS" starttime="20250403 20:02:19.060" endtime="20250403 20:02:19.060"/>
</kw>
<kw name="Replace String To Generate Data" library="testing_api">
<var>${new_data}</var>
<arg>${Data}</arg>
<arg>234569999</arg>
<arg>${random_data}</arg>
<msg timestamp="20250403 20:02:19.060" level="INFO">${new_data} = Method: PUT

{ 
    "category": "01ba3470-81ea-40b3-9698-a92cec54b400",
    "code": "TeSt23459999690001", 
    "description": "lam_1234599991", 
    "name": "lam_1234599991", 
    "price": 500, 
    "...</msg>
<status status="PASS" starttime="20250403 20:02:19.060" endtime="20250403 20:02:19.060"/>
</kw>
<kw name="Log" library="BuiltIn">
<arg>${new_data}</arg>
<doc>Logs the given message with the given level.</doc>
<msg timestamp="20250403 20:02:19.060" level="INFO">Method: PUT

{ 
    "category": "01ba3470-81ea-40b3-9698-a92cec54b400",
    "code": "TeSt23459999690001", 
    "description": "lam_1234599991", 
    "name": "lam_1234599991", 
    "price": 500, 
    "quantity": 400, 
    "supplier": "a913c855-5f57-4630-8743-9c427a876a20", //20
    "unit": "chiec"
}</msg>
<status status="PASS" starttime="20250403 20:02:19.060" endtime="20250403 20:02:19.060"/>
</kw>
<kw name="Call Api" library="testing_api">
<var>${Results}</var>
<arg>${Domain}${EndPoint}</arg>
<arg>${Method}</arg>
<arg>${new_data}</arg>
<msg timestamp="20250403 20:02:19.134" level="INFO">${Results} = {'status_code': 405, 'response': {'code': 405, 'message': 'Dữ liệu nhập không hợp lệ', 'error': 'INVALID_INPUT', 'errors': [{'field': 'PUT', 'objectName': None, 'message': 'Http request method not sup...</msg>
<status status="PASS" starttime="20250403 20:02:19.060" endtime="20250403 20:02:19.134"/>
</kw>
<kw name="Should Be Equal As Strings" library="BuiltIn">
<arg>${Results}[status_code]</arg>
<arg>${StatusCode}</arg>
<doc>Fails if objects are unequal after converting them to strings.</doc>
<msg timestamp="20250403 20:02:19.135" level="INFO">Argument types are:
&lt;class 'int'&gt;
&lt;class 'str'&gt;</msg>
<status status="PASS" starttime="20250403 20:02:19.134" endtime="20250403 20:02:19.135"/>
</kw>
<kw name="[Common] - Validate Json Response Data" library="common_api">
<arg>${Results}[response]</arg>
<arg>${BaseParam}</arg>
<arg>${SubParam}</arg>
<arg>${SubParamValue}</arg>
<kw name="Replace String By Char To Validate Json" library="testing_api">
<var>${datas}</var>
<arg>${data}</arg>
<msg timestamp="20250403 20:02:19.136" level="INFO">${datas} = {"code": 405, "message": "Dữ liệu nhập không hợp lệ", "error": "INVALID_INPUT", "errors": [{"field": "PUT", "objectName": "", "message": "Http request method not support", "error": ""}]}</msg>
<status status="PASS" starttime="20250403 20:02:19.135" endtime="20250403 20:02:19.136"/>
</kw>
<kw name="Load Data To Json" library="testing_api">
<var>${json}</var>
<arg>${datas}</arg>
<msg timestamp="20250403 20:02:19.136" level="INFO">${json} = {'code': 405, 'message': 'Dữ liệu nhập không hợp lệ', 'error': 'INVALID_INPUT', 'errors': [{'field': 'PUT', 'objectName': '', 'message': 'Http request method not support', 'error': ''}]}</msg>
<status status="PASS" starttime="20250403 20:02:19.136" endtime="20250403 20:02:19.136"/>
</kw>
<kw name="Evaluate" library="BuiltIn">
<var>${json_results}</var>
<arg>json.dumps(${json})</arg>
<arg>modules=json</arg>
<doc>Evaluates the given expression in Python and returns the result.</doc>
<msg timestamp="20250403 20:02:19.137" level="INFO">${json_results} = {"code": 405, "message": "D\u1eef li\u1ec7u nh\u1eadp kh\u00f4ng h\u1ee3p l\u1ec7", "error": "INVALID_INPUT", "errors": [{"field": "PUT", "objectName": "", "message": "Http request method not support"...</msg>
<status status="PASS" starttime="20250403 20:02:19.136" endtime="20250403 20:02:19.137"/>
</kw>
<kw name="Validate Json" library="json_utils">
<arg>${json_results}</arg>
<arg>${BaseParam}</arg>
<arg>${SubParam}</arg>
<arg>${SubParamValue}</arg>
<status status="PASS" starttime="20250403 20:02:19.137" endtime="20250403 20:02:19.137"/>
</kw>
<status status="PASS" starttime="20250403 20:02:19.135" endtime="20250403 20:02:19.137"/>
</kw>
<status status="PASS" starttime="20250403 20:02:19.059" endtime="20250403 20:02:19.137"/>
</kw>
<tag>api</tag>
<tag>test</tag>
<status status="PASS" starttime="20250403 20:02:19.057" endtime="20250403 20:02:19.137"/>
</test>
<test id="s1-t18" name="18 - Check API add product không thành công khi chọn method là DELETE" line="9">
<kw name="Call API demo">
[...]
<status status="PASS" starttime="20250403 20:02:22.863" endtime="20250403 20:02:22.946"/>
</kw>
<kw name="Should Be Equal As Strings" library="BuiltIn">
<arg>${Results}[status_code]</arg>
<arg>${StatusCode}</arg>
<doc>Fails if objects are unequal after converting them to strings.</doc>
<msg timestamp="20250403 20:02:22.947" level="INFO">Argument types are:
&lt;class 'int'&gt;
&lt;class 'str'&gt;</msg>
<status status="PASS" starttime="20250403 20:02:22.946" endtime="20250403 20:02:22.947"/>
</kw>
<kw name="[Common] - Validate Json Response Data" library="common_api">
<arg>${Results}[response]</arg>
<arg>${BaseParam}</arg>
<arg>${SubParam}</arg>
<arg>${SubParamValue}</arg>
<kw name="Replace String By Char To Validate Json" library="testing_api">
<var>${datas}</var>
<arg>${data}</arg>
<msg timestamp="20250403 20:02:22.948" level="INFO">${datas} = {"code": 400, "message": "Dữ liệu nhập không hợp lệ", "error": "INVALID_INPUT", "errors": [{"field": "", "objectName": "", "message": "Mismatched input", "error": ""}]}</msg>
<status status="PASS" starttime="20250403 20:02:22.947" endtime="20250403 20:02:22.948"/>
</kw>
<kw name="Load Data To Json" library="testing_api">
<var>${json}</var>
<arg>${datas}</arg>
<msg timestamp="20250403 20:02:22.948" level="INFO">${json} = {'code': 400, 'message': 'Dữ liệu nhập không hợp lệ', 'error': 'INVALID_INPUT', 'errors': [{'field': '', 'objectName': '', 'message': 'Mismatched input', 'error': ''}]}</msg>
<status status="PASS" starttime="20250403 20:02:22.948" endtime="20250403 20:02:22.948"/>
</kw>
<kw name="Evaluate" library="BuiltIn">
<var>${json_results}</var>
<arg>json.dumps(${json})</arg>
<arg>modules=json</arg>
<doc>Evaluates the given expression in Python and returns the result.</doc>
<msg timestamp="20250403 20:02:22.949" level="INFO">${json_results} = {"code": 400, "message": "D\u1eef li\u1ec7u nh\u1eadp kh\u00f4ng h\u1ee3p l\u1ec7", "error": "INVALID_INPUT", "errors": [{"field": "", "objectName": "", "message": "Mismatched input", "error": ""}]}</msg>
<status status="PASS" starttime="20250403 20:02:22.948" endtime="20250403 20:02:22.949"/>
</kw>
<kw name="Validate Json" library="json_utils">
<arg>${json_results}</arg>
<arg>${BaseParam}</arg>
<arg>${SubParam}</arg>
<arg>${SubParamValue}</arg>
<status status="PASS" starttime="20250403 20:02:22.949" endtime="20250403 20:02:22.949"/>
</kw>
<status status="PASS" starttime="20250403 20:02:22.947" endtime="20250403 20:02:22.949"/>
</kw>
<status status="PASS" starttime="20250403 20:02:22.861" endtime="20250403 20:02:22.949"/>
</kw>
<tag>api</tag>
<tag>test</tag>
<status status="PASS" starttime="20250403 20:02:22.859" endtime="20250403 20:02:22.949"/>
</test>
<test id="s1-t56" name="56 - Kiểm tra validate của trường name có giá trị số" line="9">
<kw name="Call API demo">
<arg>https://testek.vn/lab/api/v0/prod-man</arg>
<arg>/product</arg>
<arg>POST</arg>
<arg>{ 
    "category": "01ba3470-81ea-40b3-9698-a92cec54b400",
    "supplier": "a913c855-5f57-4630-8743-9c427a876a20",
    "code": "TeSt23459999690017", 
    "description": "lam_1234599991", 
    "name": 123123, 
    "price": 500, 
    "quantity": 400, 
    "unit": "chiec"
}</arg>
<arg>400</arg>
<arg>code;message;field</arg>
<arg>400;Dữ liệu nhập không hợp lệ;name</arg>
<kw name="Log" library="BuiltIn">
<arg>${Data}</arg>
<doc>Logs the given message with the given level.</doc>
<msg timestamp="20250403 20:02:22.952" level="INFO">{ 
    "category": "01ba3470-81ea-40b3-9698-a92cec54b400",
    "supplier": "a913c855-5f57-4630-8743-9c427a876a20",
    "code": "TeSt23459999690017", 
    "description": "lam_1234599991", 
    "name": 123123, 
    "price": 500, 
    "quantity": 400, 
    "unit": "chiec"
}</msg>
<status status="PASS" starttime="20250403 20:02:22.952" endtime="20250403 20:02:22.952"/>
</kw>
<kw name="Random String Value" library="testing_api">
<var>${random_data}</var>
<msg timestamp="20250403 20:02:22.952" level="INFO">${random_data} = uceDnhT^,b</msg>
<status status="PASS" starttime="20250403 20:02:22.952" endtime="20250403 20:02:22.952"/>
</kw>
<kw name="Replace String To Generate Data" library="testing_api">
<var>${new_data}</var>
<arg>${Data}</arg>
<arg>234569999</arg>
<arg>${random_data}</arg>
<msg timestamp="20250403 20:02:22.953" level="INFO">${new_data} = { 
    "category": "01ba3470-81ea-40b3-9698-a92cec54b400",
    "supplier": "a913c855-5f57-4630-8743-9c427a876a20",
    "code": "TeSt23459999690017", 
    "description": "lam_1234599991", 
    "name": ...</msg>
<status status="PASS" starttime="20250403 20:02:22.953" endtime="20250403 20:02:22.953"/>
</kw>
<kw name="Log" library="BuiltIn">
<arg>${new_data}</arg>
<doc>Logs the given message with the given level.</doc>
<msg timestamp="20250403 20:02:22.953" level="INFO">{ 
    "category": "01ba3470-81ea-40b3-9698-a92cec54b400",
    "supplier": "a913c855-5f57-4630-8743-9c427a876a20",
    "code": "TeSt23459999690017", 
    "description": "lam_1234599991", 
    "name": 123123, 
    "price": 500, 
    "quantity": 400, 
    "unit": "chiec"
}</msg>
<status status="PASS" starttime="20250403 20:02:22.953" endtime="20250403 20:02:22.953"/>
</kw>
<kw name="Call Api" library="testing_api">
<var>${Results}</var>
<arg>${Domain}${EndPoint}</arg>
<arg>${Method}</arg>
<arg>${new_data}</arg>
<msg timestamp="20250403 20:02:23.038" level="INFO">${Results} = {'status_code': 400, 'response': {'code': 400, 'message': 'Dữ liệu nhập không hợp lệ', 'error': 'INVALID_INPUT', 'errors': [{'field': '', 'objectName': None, 'message': 'Mismatched input', 'error': No...</msg>
<status status="PASS" starttime="20250403 20:02:22.953" endtime="20250403 20:02:23.038"/>
</kw>
<kw name="Should Be Equal As Strings" library="BuiltIn">
<arg>${Results}[status_code]</arg>
<arg>${StatusCode}</arg>
<doc>Fails if objects are unequal after converting them to strings.</doc>
<msg timestamp="20250403 20:02:23.038" level="INFO">Argument types are:
&lt;class 'int'&gt;
&lt;class 'str'&gt;</msg>
<status status="PASS" starttime="20250403 20:02:23.038" endtime="20250403 20:02:23.038"/>
</kw>
<kw name="[Common] - Validate Json Response Data" library="common_api">
<arg>${Results}[response]</arg>
<arg>${BaseParam}</arg>
<arg>${SubParam}</arg>
<arg>${SubParamValue}</arg>
<kw name="Replace String By Char To Validate Json" library="testing_api">
<var>${datas}</var>
<arg>${data}</arg>
<msg timestamp="20250403 20:02:23.039" level="INFO">${datas} = {"code": 400, "message": "Dữ liệu nhập không hợp lệ", "error": "INVALID_INPUT", "errors": [{"field": "", "objectName": "", "message": "Mismatched input", "error": ""}]}</msg>
<status status="PASS" starttime="20250403 20:02:23.039" endtime="20250403 20:02:23.039"/>
</kw>
<kw name="Load Data To Json" library="testing_api">
<var>${json}</var>
<arg>${datas}</arg>
<msg timestamp="20250403 20:02:23.040" level="INFO">${json} = {'code': 400, 'message': 'Dữ liệu nhập không hợp lệ', 'error': 'INVALID_INPUT', 'errors': [{'field': '', 'objectName': '', 'message': 'Mismatched input', 'error': ''}]}</msg>
<status status="PASS" starttime="20250403 20:02:23.039" endtime="20250403 20:02:23.040"/>
</kw>
<kw name="Evaluate" library="BuiltIn">
<var>${json_results}</var>
<arg>json.dumps(${json})</arg>
<arg>modules=json</arg>
<doc>Evaluates the given expression in Python and returns the result.</doc>
<msg timestamp="20250403 20:02:23.040" level="INFO">${json_results} = {"code": 400, "message": "D\u1eef li\u1ec7u nh\u1eadp kh\u00f4ng h\u1ee3p l\u1ec7", "error": "INVALID_INPUT", "errors": [{"field": "", "objectName": "", "message": "Mismatched input", "error": ""}]}</msg>
<status status="PASS" starttime="20250403 20:02:23.040" endtime="20250403 20:02:23.040"/>
</kw>
<kw name="Validate Json" library="json_utils">
<arg>${json_results}</arg>
<arg>${BaseParam}</arg>
<arg>${SubParam}</arg>
<arg>${SubParamValue}</arg>
<status status="PASS" starttime="20250403 20:02:23.040" endtime="20250403 20:02:23.041"/>
</kw>
<status status="PASS" starttime="20250403 20:02:23.038" endtime="20250403 20:02:23.041"/>
</kw>
<status status="PASS" starttime="20250403 20:02:22.951" endtime="20250403 20:02:23.041"/>
</kw>
<tag>api</tag>
<tag>test</tag>
<status status="PASS" starttime="20250403 20:02:22.950" endtime="20250403 20:02:23.041"/>
</test>
<test id="s1-t57" name="57 - Kiểm tra validate của trường name có giá trị là kí tự đặc biệt" line="9">
<kw name="Call API demo">
<arg>https://testek.vn/lab/api/v0/prod-man</arg>
<arg>/product</arg>
<arg>POST</arg>
<arg>{ 
    "category": "01ba3470-81ea-40b3-9698-a92cec54b400",
    "supplier": "a913c855-5f57-4630-8743-9c427a876a20",
    "code": "TeSt23459999690017", 
    "description": "lam_1234599991", 
    "name": "lam_1234599991@#$", 
    "price": 500, 
    "quantity": 400, 
    "unit": "chiec"
}</arg>
<arg>400</arg>
<arg>code;message;field</arg>
<arg>400;Dữ liệu nhập không hợp lệ;name</arg>
<kw name="Log" library="BuiltIn">
<arg>${Data}</arg>
<doc>Logs the given message with the given level.</doc>
<msg timestamp="20250403 20:02:23.044" level="INFO">{ 
    "category": "01ba3470-81ea-40b3-9698-a92cec54b400",
    "supplier": "a913c855-5f57-4630-8743-9c427a876a20",
    "code": "TeSt23459999690017", 
    "description": "lam_1234599991", 
    "name": "lam_1234599991@#$", 
    "price": 500, 
    "quantity": 400, 
    "unit": "chiec"
}</msg>
<status status="PASS" starttime="20250403 20:02:23.043" endtime="20250403 20:02:23.044"/>
</kw>
<kw name="Random String Value" library="testing_api">
<var>${random_data}</var>
<msg timestamp="20250403 20:02:23.044" level="INFO">${random_data} = MUER&gt;v@om&gt;</msg>
<status status="PASS" starttime="20250403 20:02:23.044" endtime="20250403 20:02:23.044"/>
</kw>
<kw name="Replace String To Generate Data" library="testing_api">
<var>${new_data}</var>
<arg>${Data}</arg>
<arg>234569999</arg>
<arg>${random_data}</arg>
<msg timestamp="20250403 20:02:23.044" level="INFO">${new_data} = { 
    "category": "01ba3470-81ea-40b3-9698-a92cec54b400",
    "supplier": "a913c855-5f57-4630-8743-9c427a876a20",
    "code": "TeSt23459999690017", 
    "description": "lam_1234599991", 
    "name": ...</msg>
<status status="PASS" starttime="20250403 20:02:23.044" endtime="20250403 20:02:23.044"/>
</kw>
<kw name="Log" library="BuiltIn">
<arg>${new_data}</arg>
<doc>Logs the given message with the given level.</doc>
<msg timestamp="20250403 20:02:23.045" level="INFO">{ 
    "category": "01ba3470-81ea-40b3-9698-a92cec54b400",
    "supplier": "a913c855-5f57-4630-8743-9c427a876a20",
    "code": "TeSt23459999690017", 
    "description": "lam_1234599991", 
    "name": "lam_1234599991@#$", 
    "price": 500, 
    "quantity": 400, 
    "unit": "chiec"
}</msg>
<status status="PASS" starttime="20250403 20:02:23.044" endtime="20250403 20:02:23.045"/>
</kw>
<kw name="Call Api" library="testing_api">
<var>${Results}</var>
<arg>${Domain}${EndPoint}</arg>
<arg>${Method}</arg>
<arg>${new_data}</arg>
<msg timestamp="20250403 20:02:23.127" level="INFO">${Results} = {'status_code': 400, 'response': {'code': 400, 'message': 'Dữ liệu nhập không hợp lệ', 'error': 'INVALID_INPUT', 'errors': [{'field': '', 'objectName': None, 'message': 'Mismatched input', 'error': No...</msg>
<status status="PASS" starttime="20250403 20:02:23.045" endtime="20250403 20:02:23.127"/>
</kw>
<kw name="Should Be Equal As Strings" library="BuiltIn">
<arg>${Results}[status_code]</arg>
<arg>${StatusCode}</arg>
<doc>Fails if objects are unequal after converting them to strings.</doc>
<msg timestamp="20250403 20:02:23.128" level="INFO">Argument types are:
&lt;class 'int'&gt;
&lt;class 'str'&gt;</msg>
<status status="PASS" starttime="20250403 20:02:23.128" endtime="20250403 20:02:23.128"/>
</kw>
<kw name="[Common] - Validate Json Response Data" library="common_api">
<arg>${Results}[response]</arg>
<arg>${BaseParam}</arg>
<arg>${SubParam}</arg>
<arg>${SubParamValue}</arg>
<kw name="Replace String By Char To Validate Json" library="testing_api">
<var>${datas}</var>
<arg>${data}</arg>
<msg timestamp="20250403 20:02:23.129" level="INFO">${datas} = {"code": 400, "message": "Dữ liệu nhập không hợp lệ", "error": "INVALID_INPUT", "errors": [{"field": "", "objectName": "", "message": "Mismatched input", "error": ""}]}</msg>
<status status="PASS" starttime="20250403 20:02:23.129" endtime="20250403 20:02:23.129"/>
</kw>
<kw name="Load Data To Json" library="testing_api">
<var>${json}</var>
<arg>${datas}</arg>
<msg timestamp="20250403 20:02:23.129" level="INFO">${json} = {'code': 400, 'message': 'Dữ liệu nhập không hợp lệ', 'error': 'INVALID_INPUT', 'errors': [{'field': '', 'objectName': '', 'message': 'Mismatched input', 'error': ''}]}</msg>
<status status="PASS" starttime="20250403 20:02:23.129" endtime="20250403 20:02:23.129"/>
</kw>
<kw name="Evaluate" library="BuiltIn">
<var>${json_results}</var>
<arg>json.dumps(${json})</arg>
<arg>modules=json</arg>
<doc>Evaluates the given expression in Python and returns the result.</doc>
<msg timestamp="20250403 20:02:23.130" level="INFO">${json_results} = {"code": 400, "message": "D\u1eef li\u1ec7u nh\u1eadp kh\u00f4ng h\u1ee3p l\u1ec7", "error": "INVALID_INPUT", "errors": [{"field": "", "objectName": "", "message": "Mismatched input", "error": ""}]}</msg>
<status status="PASS" starttime="20250403 20:02:23.129" endtime="20250403 20:02:23.130"/>
</kw>
<kw name="Validate Json" library="json_utils">
<arg>${json_results}</arg>
<arg>${BaseParam}</arg>
<arg>${SubParam}</arg>
<arg>${SubParamValue}</arg>
<status status="PASS" starttime="20250403 20:02:23.130" endtime="20250403 20:02:23.130"/>
</kw>
<status status="PASS" starttime="20250403 20:02:23.128" endtime="20250403 20:02:23.130"/>
</kw>
<status status="PASS" starttime="20250403 20:02:23.043" endtime="20250403 20:02:23.130"/>
</kw>
<tag>api</tag>
<tag>test</tag>
<status status="PASS" starttime="20250403 20:02:23.041" endtime="20250403 20:02:23.131"/>
</test>
<test id="s1-t58" name="58 - Kiểm tra validate của trường name có giá trị là kí tự tiếng việt" line="9">
<kw name="Call API demo">
<arg>https://testek.vn/lab/api/v0/prod-man</arg>
<arg>/product</arg>
<arg>POST</arg>
<arg>{ 
    "category": "01ba3470-81ea-40b3-9698-a92cec54b400",
    "supplier": "a913c855-5f57-4630-8743-9c427a876a20",
    "code": "TeSt23459999690018", 
    "description": "lam_1234599991", 
    "name": "lam_1234599991Â", 
    "price": 500, 
    "quantity": 400, 
    "unit": "chiec"
}</arg>
<arg>400</arg>
<arg>code;message;field</arg>
<arg>400;Dữ liệu nhập không hợp lệ;name</arg>
<kw name="Log" library="BuiltIn">
<arg>${Data}</arg>
<doc>Logs the given message with the given level.</doc>
<msg timestamp="20250403 20:02:23.134" level="INFO">{ 
    "category": "01ba3470-81ea-40b3-9698-a92cec54b400",
    "supplier": "a913c855-5f57-4630-8743-9c427a876a20",
    "code": "TeSt23459999690018", 
    "description": "lam_1234599991", 
    "name": "lam_1234599991Â", 
    "price": 500, 
    "quantity": 400, 
    "unit": "chiec"
}</msg>
<status status="PASS" starttime="20250403 20:02:23.134" endtime="20250403 20:02:23.134"/>
</kw>
<kw name="Random String Value" library="testing_api">
<var>${random_data}</var>
<msg timestamp="20250403 20:02:23.135" level="INFO">${random_data} = -jdj6!)D&lt;'</msg>
<status status="PASS" starttime="20250403 20:02:23.135" endtime="20250403 20:02:23.135"/>
</kw>
<kw name="Replace String To Generate Data" library="testing_api">
<var>${new_data}</var>
<arg>${Data}</arg>
<arg>234569999</arg>
<arg>${random_data}</arg>
<msg timestamp="20250403 20:02:23.136" level="INFO">${new_data} = { 
    "category": "01ba3470-81ea-40b3-9698-a92cec54b400",
    "supplier": "a913c855-5f57-4630-8743-9c427a876a20",
    "code": "TeSt23459999690018", 
    "description": "lam_1234599991", 
    "name": ...</msg>
<status status="PASS" starttime="20250403 20:02:23.135" endtime="20250403 20:02:23.136"/>
</kw>
<kw name="Log" library="BuiltIn">
<arg>${new_data}</arg>
<doc>Logs the given message with the given level.</doc>
<msg timestamp="20250403 20:02:23.136" level="INFO">{ 
    "category": "01ba3470-81ea-40b3-9698-a92cec54b400",
    "supplier": "a913c855-5f57-4630-8743-9c427a876a20",
    "code": "TeSt23459999690018", 
    "description": "lam_1234599991", 
    "name": "lam_1234599991Â", 
    "price": 500, 
    "quantity": 400, 
    "unit": "chiec"
}</msg>
<status status="PASS" starttime="20250403 20:02:23.136" endtime="20250403 20:02:23.136"/>
</kw>
<kw name="Call Api" library="testing_api">
<var>${Results}</var>
<arg>${Domain}${EndPoint}</arg>
<arg>${Method}</arg>
<arg>${new_data}</arg>
<msg timestamp="20250403 20:02:23.233" level="INFO">${Results} = {'status_code': 400, 'response': {'code': 400, 'message': 'Dữ liệu nhập không hợp lệ', 'error': 'INVALID_INPUT', 'errors': [{'field': '', 'objectName': None, 'message': 'Mismatched input', 'error': No...</msg>
<status status="PASS" starttime="20250403 20:02:23.136" endtime="20250403 20:02:23.233"/>
</kw>
<kw name="Should Be Equal As Strings" library="BuiltIn">
<arg>${Results}[status_code]</arg>
<arg>${StatusCode}</arg>
<doc>Fails if objects are unequal after converting them to strings.</doc>
<msg timestamp="20250403 20:02:23.233" level="INFO">Argument types are:
&lt;class 'int'&gt;
&lt;class 'str'&gt;</msg>
<status status="PASS" starttime="20250403 20:02:23.233" endtime="20250403 20:02:23.233"/>
</kw>
<kw name="[Common] - Validate Json Response Data" library="common_api">
<arg>${Results}[response]</arg>
<arg>${BaseParam}</arg>
<arg>${SubParam}</arg>
<arg>${SubParamValue}</arg>
<kw name="Replace String By Char To Validate Json" library="testing_api">
<var>${datas}</var>
<arg>${data}</arg>
<msg timestamp="20250403 20:02:23.234" level="INFO">${datas} = {"code": 400, "message": "Dữ liệu nhập không hợp lệ", "error": "INVALID_INPUT", "errors": [{"field": "", "objectName": "", "message": "Mismatched input", "error": ""}]}</msg>
<status status="PASS" starttime="20250403 20:02:23.234" endtime="20250403 20:02:23.234"/>
</kw>
<kw name="Load Data To Json" library="testing_api">
<var>${json}</var>
<arg>${datas}</arg>
<msg timestamp="20250403 20:02:23.235" level="INFO">${json} = {'code': 400, 'message': 'Dữ liệu nhập không hợp lệ', 'error': 'INVALID_INPUT', 'errors': [{'field': '', 'objectName': '', 'message': 'Mismatched input', 'error': ''}]}</msg>
<status status="PASS" starttime="20250403 20:02:23.234" endtime="20250403 20:02:23.235"/>
</kw>
<kw name="Evaluate" library="BuiltIn">
<var>${json_results}</var>
<arg>json.dumps(${json})</arg>
<arg>modules=json</arg>
<doc>Evaluates the given expression in Python and returns the result.</doc>
<msg timestamp="20250403 20:02:23.235" level="INFO">${json_results} = {"code": 400, "message": "D\u1eef li\u1ec7u nh\u1eadp kh\u00f4ng h\u1ee3p l\u1ec7", "error": "INVALID_INPUT", "errors": [{"field": "", "objectName": "", "message": "Mismatched input", "error": ""}]}</msg>
<status status="PASS" starttime="20250403 20:02:23.235" endtime="20250403 20:02:23.235"/>
</kw>
<kw name="Validate Json" library="json_utils">
<arg>${json_results}</arg>
<arg>${BaseParam}</arg>
<arg>${SubParam}</arg>
<arg>${SubParamValue}</arg>
<status status="PASS" starttime="20250403 20:02:23.235" endtime="20250403 20:02:23.236"/>
</kw>
<status status="PASS" starttime="20250403 20:02:23.233" endtime="20250403 20:02:23.236"/>
</kw>
<status status="PASS" starttime="20250403 20:02:23.133" endtime="20250403 20:02:23.236"/>
</kw>
<tag>api</tag>
<tag>test</tag>
<status status="PASS" starttime="20250403 20:02:23.131" endtime="20250403 20:02:23.236"/>
</test>
<status status="FAIL" starttime="20250403 20:02:15.764" endtime="20250403 20:02:23.237"/>
</suite>
<statistics>
<total>
<stat pass="49" fail="9" skip="0">All Tests</stat>
</total>
<tag>
<stat pass="49" fail="9" skip="0">api</stat>
<stat pass="49" fail="9" skip="0">test</stat>
</tag>
<suite>
<stat pass="49" fail="9" skip="0" id="s1" name="Api Demo">Api Demo</stat>
</suite>
</statistics>
<errors>
</errors>
</robot>
