<?xml version="1.0" encoding="UTF-8"?>
<robot generator="Robot 7.4 (Python 3.14.2 on win32)" generated="2025-12-15T11:44:45.363504" rpa="false" schemaversion="5">
<suite id="s1" name="AddProduct" source="C:\Users\Admin\Documents\GitHub\robot_testing\3_test_cases\AddProduct.robot">
<kw name="[Common] - Login And Set Token" owner="Login_keywords" type="SETUP">
<kw name="[Common] - Login" owner="Login_keywords">
<kw name="Create Dictionary" owner="BuiltIn">
<msg time="2025-12-15T11:44:47.576745" level="INFO">${data} = {'username': 'admin_role', 'password': 'aA12345678@'}</msg>
<var>${data}</var>
<arg>username=${USERNAME_API}</arg>
<arg>password=${PASSWORD_API}</arg>
<doc>Creates and returns a dictionary based on the given ``items``.</doc>
<status status="PASS" start="2025-12-15T11:44:47.576119" elapsed="0.000673"/>
</kw>
<kw name="Load Dictionary To Json" owner="testing_api">
<msg time="2025-12-15T11:44:47.577154" level="INFO">${json_data} = {"username": "admin_role", "password": "aA12345678@"}</msg>
<var>${json_data}</var>
<arg>${data}</arg>
<status status="PASS" start="2025-12-15T11:44:47.576960" elapsed="0.000229"/>
</kw>
<kw name="Call Api Login" owner="testing_api">
<msg time="2025-12-15T11:44:48.924119" level="INFO">${login_response} = {'status_code': 200, 'response': {'access_token': 'eyJhbGciOiJSUzI1NiIsInR5cCI6IkpXVCJ9.eyJzdWIiOiIwNWUzYjcyNy02ZmE2LTRmY2UtYWRkZS00YTZhMDEwNjg3N2IiLCJhdWQiOlsib2F1dGgyLXJlc291cmNlIl0sInVzZXJfbmFtZSI6...</msg>
<var>${login_response}</var>
<arg>${LOGIN_URL}${LOGIN_PATH}</arg>
<arg>POST</arg>
<arg>${json_data}</arg>
<status status="PASS" start="2025-12-15T11:44:47.577619" elapsed="1.346554"/>
</kw>
<kw name="Log" owner="BuiltIn">
<msg time="2025-12-15T11:44:48.924669" level="INFO">{'status_code': 200, 'response': {'access_token': 'eyJhbGciOiJSUzI1NiIsInR5cCI6IkpXVCJ9.eyJzdWIiOiIwNWUzYjcyNy02ZmE2LTRmY2UtYWRkZS00YTZhMDEwNjg3N2IiLCJhdWQiOlsib2F1dGgyLXJlc291cmNlIl0sInVzZXJfbmFtZSI6IjA1ZTNiNzI3LTZmYTYtNGZjZS1hZGRlLTRhNmEwMTA2ODc3YiIsInNjb3BlIjpbInJlYWQiXSwiZXhwIjoxNzY1Nzc3NDg4LCJpYXQiOjE3NjU3NzM4ODgsImp0aSI6IjlmMzMwZjJkLTk2OTYtNGQ4MC1iMzM1LTI4ZjcyNTNhNmNiYSIsImNsaWVudF9pZCI6ImYxMzU0OTg2LWU2OTgtNDcxMi1iYTk0LWU5NGIxMGJmMWI1OCJ9.IA_A5narAU0kyVuWGmkPvozxWNCXwop6eBRcN33JFbhu0GQKJkC4LPsxsz-B3FsYUWVcPlBHaXwQ2OP-7iKWM_m6UNL6aPTf1NJUVPoGULIMjmx_Gdop7U_Vseqgeq76QY5dDfakVawmjrNvzdePTfzFa3QJo_CDOZ1NhkmsjW4quDBlgGYpth0psl0YF6Uk2b24xD2h52x3afdnHlHkDmG0o5_t4NJmzrlIb8N5LuAmrxzPN5sV_zn62gjYgur1UVI84yGa9vrjFfqPGS8cIb6QLE0eIVcyUZI-8qLmEcRebM1CZ8otKogkKd3RXJ7F7xelPu3uUPgHTbDUWEAJ4A', 'refresh_token': 'eyJhbGciOiJSUzI1NiIsInR5cCI6IkpXVCJ9.eyJzdWIiOiIwNWUzYjcyNy02ZmE2LTRmY2UtYWRkZS00YTZhMDEwNjg3N2IiLCJhdWQiOlsib2F1dGgyLXJlc291cmNlIl0sInVzZXJfbmFtZSI6IjA1ZTNiNzI3LTZmYTYtNGZjZS1hZGRlLTRhNmEwMTA2ODc3YiIsInNjb3BlIjpbInJlYWQiXSwiYXRpIjoiOWYzMzBmMmQtOTY5Ni00ZDgwLWIzMzUtMjhmNzI1M2E2Y2JhIiwiZXhwIjoxNzY4MzY1ODg4LCJpYXQiOjE3NjU3NzM4ODgsImp0aSI6ImNmMmNjZmIwLTU4NGUtNDliNS1hNjJkLWE0OWYxYTU1OTFhMSIsImNsaWVudF9pZCI6ImYxMzU0OTg2LWU2OTgtNDcxMi1iYTk0LWU5NGIxMGJmMWI1OCJ9.BFAewBWOcg2eU-dPXe9bOdf24tCrDgla4s5JQ9hCnlznAVWo8fgFrDQhUkkBQ-kXVCTqudzFJCP1v60P4fcSSaGVZ6lhD8R_iHGIP0-tIyNp6ygZ7_szEUpmKoILmk-4LVQlA0CsRuvZaLK_pyV-eD3z5_t07-ZN-9aJM1HAlfQGLg0beSzQpukz6X8tIZbUYYoBj0PwgrzCIDU_Rb5a_kS2pBfcrML5KcqzrFckPpsGFJ237xdsWHCgSm8-aj-ltUqXxQGAcwysHuwBs1OjzTd61MnHRqzTinL2ut00AcVQpqj1gxkciwdrIrpSESJDHtJE8kshNuHDqXFv6003tQ', 'expires_in': 3599, 'token_type': 'bearer'}}</msg>
<arg>${login_response}</arg>
<doc>Logs the given message with the given level.</doc>
<status status="PASS" start="2025-12-15T11:44:48.924353" elapsed="0.000380"/>
</kw>
<kw name="Set Variable" owner="BuiltIn">
<msg time="2025-12-15T11:44:48.925385" level="INFO">${bearer_token} = Bearer eyJhbGciOiJSUzI1NiIsInR5cCI6IkpXVCJ9.eyJzdWIiOiIwNWUzYjcyNy02ZmE2LTRmY2UtYWRkZS00YTZhMDEwNjg3N2IiLCJhdWQiOlsib2F1dGgyLXJlc291cmNlIl0sInVzZXJfbmFtZSI6IjA1ZTNiNzI3LTZmYTYtNGZjZS1hZGRlLTRhNmEwMTA2...</msg>
<var>${bearer_token}</var>
<arg>Bearer ${login_response['response']['access_token']}</arg>
<doc>Returns the given values which can then be assigned to a variables.</doc>
<status status="PASS" start="2025-12-15T11:44:48.924862" elapsed="0.000557"/>
</kw>
<kw name="Log" owner="BuiltIn">
<msg time="2025-12-15T11:44:48.925782" level="INFO">Bearer Token: Bearer eyJhbGciOiJSUzI1NiIsInR5cCI6IkpXVCJ9.eyJzdWIiOiIwNWUzYjcyNy02ZmE2LTRmY2UtYWRkZS00YTZhMDEwNjg3N2IiLCJhdWQiOlsib2F1dGgyLXJlc291cmNlIl0sInVzZXJfbmFtZSI6IjA1ZTNiNzI3LTZmYTYtNGZjZS1hZGRlLTRhNmEwMTA2ODc3YiIsInNjb3BlIjpbInJlYWQiXSwiZXhwIjoxNzY1Nzc3NDg4LCJpYXQiOjE3NjU3NzM4ODgsImp0aSI6IjlmMzMwZjJkLTk2OTYtNGQ4MC1iMzM1LTI4ZjcyNTNhNmNiYSIsImNsaWVudF9pZCI6ImYxMzU0OTg2LWU2OTgtNDcxMi1iYTk0LWU5NGIxMGJmMWI1OCJ9.IA_A5narAU0kyVuWGmkPvozxWNCXwop6eBRcN33JFbhu0GQKJkC4LPsxsz-B3FsYUWVcPlBHaXwQ2OP-7iKWM_m6UNL6aPTf1NJUVPoGULIMjmx_Gdop7U_Vseqgeq76QY5dDfakVawmjrNvzdePTfzFa3QJo_CDOZ1NhkmsjW4quDBlgGYpth0psl0YF6Uk2b24xD2h52x3afdnHlHkDmG0o5_t4NJmzrlIb8N5LuAmrxzPN5sV_zn62gjYgur1UVI84yGa9vrjFfqPGS8cIb6QLE0eIVcyUZI-8qLmEcRebM1CZ8otKogkKd3RXJ7F7xelPu3uUPgHTbDUWEAJ4A</msg>
<arg>Bearer Token: ${bearer_token}</arg>
<doc>Logs the given message with the given level.</doc>
<status status="PASS" start="2025-12-15T11:44:48.925545" elapsed="0.000290"/>
</kw>
<return>
<value>${bearer_token}</value>
<status status="PASS" start="2025-12-15T11:44:48.925895" elapsed="0.000058"/>
</return>
<msg time="2025-12-15T11:44:48.926101" level="INFO">${bearer_token} = Bearer eyJhbGciOiJSUzI1NiIsInR5cCI6IkpXVCJ9.eyJzdWIiOiIwNWUzYjcyNy02ZmE2LTRmY2UtYWRkZS00YTZhMDEwNjg3N2IiLCJhdWQiOlsib2F1dGgyLXJlc291cmNlIl0sInVzZXJfbmFtZSI6IjA1ZTNiNzI3LTZmYTYtNGZjZS1hZGRlLTRhNmEwMTA2...</msg>
<var>${bearer_token}</var>
<status status="PASS" start="2025-12-15T11:44:47.575209" elapsed="1.350923"/>
</kw>
<kw name="Set Suite Variable" owner="BuiltIn">
<msg time="2025-12-15T11:44:48.927137" level="INFO">${AUTH_TOKEN} = Bearer eyJhbGciOiJSUzI1NiIsInR5cCI6IkpXVCJ9.eyJzdWIiOiIwNWUzYjcyNy02ZmE2LTRmY2UtYWRkZS00YTZhMDEwNjg3N2IiLCJhdWQiOlsib2F1dGgyLXJlc291cmNlIl0sInVzZXJfbmFtZSI6IjA1ZTNiNzI3LTZmYTYtNGZjZS1hZGRlLTRhNmEwMTA2...</msg>
<arg>${AUTH_TOKEN}</arg>
<arg>${bearer_token}</arg>
<doc>Makes a variable available everywhere within the scope of the current suite.</doc>
<status status="PASS" start="2025-12-15T11:44:48.926281" elapsed="0.000912"/>
</kw>
<doc>Thực hiện login và lưu token vào Suite Variable</doc>
<status status="PASS" start="2025-12-15T11:44:47.574810" elapsed="1.352467"/>
</kw>
<test id="s1-t1" name="1 - Check API add product thành công với đầy đủ các dữ liệu hợp lệ" line="9">
<kw name="Call API demo">
<kw name="Headers With Accept And Access Token" owner="testing_api">
<msg time="2025-12-15T11:44:48.929255" level="INFO">${header} = {'Authorization': 'Bearer eyJhbGciOiJSUzI1NiIsInR5cCI6IkpXVCJ9.eyJzdWIiOiIwNWUzYjcyNy02ZmE2LTRmY2UtYWRkZS00YTZhMDEwNjg3N2IiLCJhdWQiOlsib2F1dGgyLXJlc291cmNlIl0sInVzZXJfbmFtZSI6IjA1ZTNiNzI3LTZmYTYtNGZjZ...</msg>
<var>${header}</var>
<arg>${AUTH_TOKEN}</arg>
<status status="PASS" start="2025-12-15T11:44:48.929082" elapsed="0.000243"/>
</kw>
<kw name="[Common] - Generate random body data for add product" owner="AddProduct_keywords">
<kw name="Random String Value" owner="string_utils">
<msg time="2025-12-15T11:44:48.930050" level="INFO">${data_random} = fTZIKIr9Db</msg>
<var>${data_random}</var>
<status status="PASS" start="2025-12-15T11:44:48.929851" elapsed="0.000230"/>
</kw>
<kw name="Replace String To Generate Data" owner="string_utils">
<msg time="2025-12-15T11:44:48.930369" level="INFO">${body_data} = { 
    "category": "01ba3470-81ea-40b3-9698-a92cec54b400",
    "supplier": "a913c855-5f57-4630-8743-9c427a876a20",
    "code": "TeStfTZIKIr9Db0012", 
    "description": "lam_123451", 
    "name": "lam...</msg>
<var>${body_data}</var>
<arg>${data}</arg>
<arg>23459999</arg>
<arg>${data_random}</arg>
<status status="PASS" start="2025-12-15T11:44:48.930199" elapsed="0.000202"/>
</kw>
<return>
<value>${body_data}</value>
<status status="PASS" start="2025-12-15T11:44:48.930462" elapsed="0.000054"/>
</return>
<msg time="2025-12-15T11:44:48.930696" level="INFO">${body_data} = { 
    "category": "01ba3470-81ea-40b3-9698-a92cec54b400",
    "supplier": "a913c855-5f57-4630-8743-9c427a876a20",
    "code": "TeStfTZIKIr9Db0012", 
    "description": "lam_123451", 
    "name": "lam...</msg>
<var>${body_data}</var>
<arg>${Data}</arg>
<status status="PASS" start="2025-12-15T11:44:48.929520" elapsed="0.001266"/>
</kw>
<kw name="Call Api" owner="testing_api">
<msg time="2025-12-15T11:44:49.433127" level="INFO">${results} = {'status_code': 201, 'response': {'code': 200, 'data': {'id': 'b9552e07-2f08-4110-97a8-2504283bcad1', 'productCode': 'TESTFTZIKIR9DB0012', 'productName': 'lam_123451', 'productDesc': 'lam_123451', 'st...</msg>
<var>${results}</var>
<arg>${Domain}${EndPoint}</arg>
<arg>${header}</arg>
<arg>${Method}</arg>
<arg>${body_data}</arg>
<status status="PASS" start="2025-12-15T11:44:48.930905" elapsed="0.502271"/>
</kw>
<kw name="[Common] - Validate API Status Code" owner="common_api">
<kw name="Should Be Equal As Strings" owner="BuiltIn">
<msg time="2025-12-15T11:44:49.434066" level="INFO">Argument types are:
&lt;class 'int'&gt;
&lt;class 'str'&gt;</msg>
<arg>${responsecode}</arg>
<arg>${expectedAPIStatusCode}</arg>
<arg>Current HTTP Code: ${responsecode}</arg>
<doc>Fails if objects are unequal after converting them to strings.</doc>
<status status="PASS" start="2025-12-15T11:44:49.433722" elapsed="0.000412"/>
</kw>
<arg>${results}[status_code]</arg>
<arg>${StatusCode}</arg>
<status status="PASS" start="2025-12-15T11:44:49.433373" elapsed="0.000834"/>
</kw>
<kw name="[Common] - Validate Json Response Structure" owner="common_api">
<kw name="Log" owner="BuiltIn">
<msg time="2025-12-15T11:44:49.434940" level="INFO">{'code': 200, 'data': {'id': 'b9552e07-2f08-4110-97a8-2504283bcad1', 'productCode': 'TESTFTZIKIR9DB0012', 'productName': 'lam_123451', 'productDesc': 'lam_123451', 'status': 'ACTIVE', 'quantity': 400, 'category': {'id': '01ba3470-81ea-40b3-9698-a92cec54b400', 'categoryName': 'Máy giặt', 'cateDesc': 'Trải nghiệm các công nghệ mới từ các quốc gia hàng đầu về thiết bị gia dụng', 'status': 'INACTIVE'}, 'supplier': {'id': 'a913c855-5f57-4630-8743-9c427a876a20', 'supName': 'Canon VietNam', 'supContactName': 'Canon Electric Corp', 'supAddress': 'Nhật Bản', 'supCity': 'Tokyo', 'supPostalCode': '16000', 'supCountry': 'Nhật Bản', 'supPhone': '0971903563'}, 'unit': 'chiec', 'price': 500.0}}</msg>
<arg>${data}</arg>
<doc>Logs the given message with the given level.</doc>
<status status="PASS" start="2025-12-15T11:44:49.434705" elapsed="0.000291"/>
</kw>
<kw name="Load Dictionary To Json" owner="testing_api">
<msg time="2025-12-15T11:44:49.435287" level="INFO">${json_actual} = {"code": 200, "data": {"id": "b9552e07-2f08-4110-97a8-2504283bcad1", "productCode": "TESTFTZIKIR9DB0012", "productName": "lam_123451", "productDesc": "lam_123451", "status": "ACTIVE", "quantity": 400,...</msg>
<var>${json_actual}</var>
<arg>${data}</arg>
<status status="PASS" start="2025-12-15T11:44:49.435113" elapsed="0.000205"/>
</kw>
<kw name="Log" owner="BuiltIn">
<msg time="2025-12-15T11:44:49.435651" level="INFO">{"code": 200, "data": {"id": "b9552e07-2f08-4110-97a8-2504283bcad1", "productCode": "TESTFTZIKIR9DB0012", "productName": "lam_123451", "productDesc": "lam_123451", "status": "ACTIVE", "quantity": 400, "category": {"id": "01ba3470-81ea-40b3-9698-a92cec54b400", "categoryName": "M\u00e1y gi\u1eb7t", "cateDesc": "Tr\u1ea3i nghi\u1ec7m c\u00e1c c\u00f4ng ngh\u1ec7 m\u1edbi t\u1eeb c\u00e1c qu\u1ed1c gia h\u00e0ng \u0111\u1ea7u v\u1ec1 thi\u1ebft b\u1ecb gia d\u1ee5ng", "status": "INACTIVE"}, "supplier": {"id": "a913c855-5f57-4630-8743-9c427a876a20", "supName": "Canon VietNam", "supContactName": "Canon Electric Corp", "supAddress": "Nh\u1eadt B\u1ea3n", "supCity": "Tokyo", "supPostalCode": "16000", "supCountry": "Nh\u1eadt B\u1ea3n", "supPhone": "0971903563"}, "unit": "chiec", "price": 500.0}}</msg>
<arg>${json_actual}</arg>
<doc>Logs the given message with the given level.</doc>
<status status="PASS" start="2025-12-15T11:44:49.435428" elapsed="0.000273"/>
</kw>
<kw name="Validation Json Schema Response" owner="testing_api">
<arg>${json_actual}</arg>
<arg>${dataStructure}</arg>
<status status="PASS" start="2025-12-15T11:44:49.435819" elapsed="0.009320"/>
</kw>
<arg>${results}[response]</arg>
<arg>${ResponseStructure}</arg>
<status status="PASS" start="2025-12-15T11:44:49.434420" elapsed="0.010824"/>
</kw>
<kw name="[Common] - Validate Json Response data" owner="common_api">
<kw name="Log" owner="BuiltIn">
<msg time="2025-12-15T11:44:49.446056" level="INFO">{'code': 200, 'data': {'id': 'b9552e07-2f08-4110-97a8-2504283bcad1', 'productCode': 'TESTFTZIKIR9DB0012', 'productName': 'lam_123451', 'productDesc': 'lam_123451', 'status': 'ACTIVE', 'quantity': 400, 'category': {'id': '01ba3470-81ea-40b3-9698-a92cec54b400', 'categoryName': 'Máy giặt', 'cateDesc': 'Trải nghiệm các công nghệ mới từ các quốc gia hàng đầu về thiết bị gia dụng', 'status': 'INACTIVE'}, 'supplier': {'id': 'a913c855-5f57-4630-8743-9c427a876a20', 'supName': 'Canon VietNam', 'supContactName': 'Canon Electric Corp', 'supAddress': 'Nhật Bản', 'supCity': 'Tokyo', 'supPostalCode': '16000', 'supCountry': 'Nhật Bản', 'supPhone': '0971903563'}, 'unit': 'chiec', 'price': 500.0}}</msg>
<arg>${data}</arg>
<doc>Logs the given message with the given level.</doc>
<status status="PASS" start="2025-12-15T11:44:49.445784" elapsed="0.000365"/>
</kw>
<kw name="Load Dictionary To Json" owner="testing_api">
<msg time="2025-12-15T11:44:49.446461" level="INFO">${json_actual} = {"code": 200, "data": {"id": "b9552e07-2f08-4110-97a8-2504283bcad1", "productCode": "TESTFTZIKIR9DB0012", "productName": "lam_123451", "productDesc": "lam_123451", "status": "ACTIVE", "quantity": 400,...</msg>
<var>${json_actual}</var>
<arg>${data}</arg>
<status status="PASS" start="2025-12-15T11:44:49.446286" elapsed="0.000207"/>
</kw>
<kw name="Log" owner="BuiltIn">
<msg time="2025-12-15T11:44:49.446910" level="INFO">{"code": 200, "data": {"id": "b9552e07-2f08-4110-97a8-2504283bcad1", "productCode": "TESTFTZIKIR9DB0012", "productName": "lam_123451", "productDesc": "lam_123451", "status": "ACTIVE", "quantity": 400, "category": {"id": "01ba3470-81ea-40b3-9698-a92cec54b400", "categoryName": "M\u00e1y gi\u1eb7t", "cateDesc": "Tr\u1ea3i nghi\u1ec7m c\u00e1c c\u00f4ng ngh\u1ec7 m\u1edbi t\u1eeb c\u00e1c qu\u1ed1c gia h\u00e0ng \u0111\u1ea7u v\u1ec1 thi\u1ebft b\u1ecb gia d\u1ee5ng", "status": "INACTIVE"}, "supplier": {"id": "a913c855-5f57-4630-8743-9c427a876a20", "supName": "Canon VietNam", "supContactName": "Canon Electric Corp", "supAddress": "Nh\u1eadt B\u1ea3n", "supCity": "Tokyo", "supPostalCode": "16000", "supCountry": "Nh\u1eadt B\u1ea3n", "supPhone": "0971903563"}, "unit": "chiec", "price": 500.0}}</msg>
<arg>${json_actual}</arg>
<doc>Logs the given message with the given level.</doc>
<status status="PASS" start="2025-12-15T11:44:49.446628" elapsed="0.000333"/>
</kw>
<kw name="Validate Json" owner="json_utils">
<arg>${json_actual}</arg>
<arg>${compareParam}</arg>
<arg>${compareValue}</arg>
<status status="PASS" start="2025-12-15T11:44:49.447072" elapsed="0.000232"/>
</kw>
<arg>${Results}[response]</arg>
<arg>${ResponseParam}</arg>
<arg>${ResponseValue}</arg>
<status status="PASS" start="2025-12-15T11:44:49.445423" elapsed="0.001951"/>
</kw>
<arg>Domain=https://testek.vn/lab/api/v0/prod-man</arg>
<arg>EndPoint=/product</arg>
<arg>Method=POST</arg>
<arg>Data={ 
    "category": "01ba3470-81ea-40b3-9698-a92cec54b400",
    "supplier": "a913c855-5f57-4630-8743-9c427a876a20",
    "code": "TeSt234599990012", 
    "description": "lam_123451", 
    "name": "lam_123451", 
    "price": 500, 
    "quantity": 400, 
    "unit": "chiec"
}</arg>
<arg>StatusCode=201</arg>
<arg>ResponseStructure=4_test_datas/API_datas/AddProduct_success_json_schema.json</arg>
<arg>ResponseParam=code;</arg>
<arg>ResponseValue=200</arg>
<status status="PASS" start="2025-12-15T11:44:48.928689" elapsed="0.518746"/>
</kw>
<tag>api</tag>
<tag>test</tag>
<status status="PASS" start="2025-12-15T11:44:48.927355" elapsed="0.520358"/>
</test>
<test id="s1-t2" name="2 - Check API add product thành công với với code là chuỗi kí tự số" line="9">
<kw name="Call API demo">
<kw name="Headers With Accept And Access Token" owner="testing_api">
<msg time="2025-12-15T11:44:49.450108" level="INFO">${header} = {'Authorization': 'Bearer eyJhbGciOiJSUzI1NiIsInR5cCI6IkpXVCJ9.eyJzdWIiOiIwNWUzYjcyNy02ZmE2LTRmY2UtYWRkZS00YTZhMDEwNjg3N2IiLCJhdWQiOlsib2F1dGgyLXJlc291cmNlIl0sInVzZXJfbmFtZSI6IjA1ZTNiNzI3LTZmYTYtNGZjZ...</msg>
<var>${header}</var>
<arg>${AUTH_TOKEN}</arg>
<status status="PASS" start="2025-12-15T11:44:49.449913" elapsed="0.000229"/>
</kw>
<kw name="[Common] - Generate random body data for add product" owner="AddProduct_keywords">
<kw name="Random String Value" owner="string_utils">
<msg time="2025-12-15T11:44:49.450671" level="INFO">${data_random} = l5wO1eMT6J</msg>
<var>${data_random}</var>
<status status="PASS" start="2025-12-15T11:44:49.450552" elapsed="0.000148"/>
</kw>
<kw name="Replace String To Generate Data" owner="string_utils">
<msg time="2025-12-15T11:44:49.450967" level="INFO">${body_data} = { 
    "category": "01ba3470-81ea-40b3-9698-a92cec54b400",
    "supplier": "a913c855-5f57-4630-8743-9c427a876a20",
    "code": "l5wO1eMT6J0012", 
    "description": "lam_123451", 
    "name": "lam_123...</msg>
<var>${body_data}</var>
<arg>${data}</arg>
<arg>23459999</arg>
<arg>${data_random}</arg>
<status status="PASS" start="2025-12-15T11:44:49.450809" elapsed="0.000189"/>
</kw>
<return>
<value>${body_data}</value>
<status status="PASS" start="2025-12-15T11:44:49.451055" elapsed="0.000047"/>
</return>
<msg time="2025-12-15T11:44:49.451222" level="INFO">${body_data} = { 
    "category": "01ba3470-81ea-40b3-9698-a92cec54b400",
    "supplier": "a913c855-5f57-4630-8743-9c427a876a20",
    "code": "l5wO1eMT6J0012", 
    "description": "lam_123451", 
    "name": "lam_123...</msg>
<var>${body_data}</var>
<arg>${Data}</arg>
<status status="PASS" start="2025-12-15T11:44:49.450301" elapsed="0.000950"/>
</kw>
<kw name="Call Api" owner="testing_api">
<msg time="2025-12-15T11:44:49.941550" level="INFO">${results} = {'status_code': 201, 'response': {'code': 200, 'data': {'id': '802936fe-44dc-4055-9956-1475a0bc1636', 'productCode': 'L5WO1EMT6J0012', 'productName': 'lam_123451', 'productDesc': 'lam_123451', 'status...</msg>
<var>${results}</var>
<arg>${Domain}${EndPoint}</arg>
<arg>${header}</arg>
<arg>${Method}</arg>
<arg>${body_data}</arg>
<status status="PASS" start="2025-12-15T11:44:49.451361" elapsed="0.490244"/>
</kw>
<kw name="[Common] - Validate API Status Code" owner="common_api">
<kw name="Should Be Equal As Strings" owner="BuiltIn">
<msg time="2025-12-15T11:44:49.942598" level="INFO">Argument types are:
&lt;class 'int'&gt;
&lt;class 'str'&gt;</msg>
<arg>${responsecode}</arg>
<arg>${expectedAPIStatusCode}</arg>
<arg>Current HTTP Code: ${responsecode}</arg>
<doc>Fails if objects are unequal after converting them to strings.</doc>
<status status="PASS" start="2025-12-15T11:44:49.942252" elapsed="0.000431"/>
</kw>
<arg>${results}[status_code]</arg>
<arg>${StatusCode}</arg>
<status status="PASS" start="2025-12-15T11:44:49.941825" elapsed="0.000935"/>
</kw>
<kw name="[Common] - Validate Json Response Structure" owner="common_api">
<kw name="Log" owner="BuiltIn">
<msg time="2025-12-15T11:44:49.943444" level="INFO">{'code': 200, 'data': {'id': '802936fe-44dc-4055-9956-1475a0bc1636', 'productCode': 'L5WO1EMT6J0012', 'productName': 'lam_123451', 'productDesc': 'lam_123451', 'status': 'ACTIVE', 'quantity': 400, 'category': {'id': '01ba3470-81ea-40b3-9698-a92cec54b400', 'categoryName': 'Máy giặt', 'cateDesc': 'Trải nghiệm các công nghệ mới từ các quốc gia hàng đầu về thiết bị gia dụng', 'status': 'INACTIVE'}, 'supplier': {'id': 'a913c855-5f57-4630-8743-9c427a876a20', 'supName': 'Canon VietNam', 'supContactName': 'Canon Electric Corp', 'supAddress': 'Nhật Bản', 'supCity': 'Tokyo', 'supPostalCode': '16000', 'supCountry': 'Nhật Bản', 'supPhone': '0971903563'}, 'unit': 'chiec', 'price': 500.0}}</msg>
<arg>${data}</arg>
<doc>Logs the given message with the given level.</doc>
<status status="PASS" start="2025-12-15T11:44:49.943195" elapsed="0.000307"/>
</kw>
<kw name="Load Dictionary To Json" owner="testing_api">
<msg time="2025-12-15T11:44:49.943783" level="INFO">${json_actual} = {"code": 200, "data": {"id": "802936fe-44dc-4055-9956-1475a0bc1636", "productCode": "L5WO1EMT6J0012", "productName": "lam_123451", "productDesc": "lam_123451", "status": "ACTIVE", "quantity": 400, "ca...</msg>
<var>${json_actual}</var>
<arg>${data}</arg>
<status status="PASS" start="2025-12-15T11:44:49.943619" elapsed="0.000194"/>
</kw>
<kw name="Log" owner="BuiltIn">
<msg time="2025-12-15T11:44:49.944132" level="INFO">{"code": 200, "data": {"id": "802936fe-44dc-4055-9956-1475a0bc1636", "productCode": "L5WO1EMT6J0012", "productName": "lam_123451", "productDesc": "lam_123451", "status": "ACTIVE", "quantity": 400, "category": {"id": "01ba3470-81ea-40b3-9698-a92cec54b400", "categoryName": "M\u00e1y gi\u1eb7t", "cateDesc": "Tr\u1ea3i nghi\u1ec7m c\u00e1c c\u00f4ng ngh\u1ec7 m\u1edbi t\u1eeb c\u00e1c qu\u1ed1c gia h\u00e0ng \u0111\u1ea7u v\u1ec1 thi\u1ebft b\u1ecb gia d\u1ee5ng", "status": "INACTIVE"}, "supplier": {"id": "a913c855-5f57-4630-8743-9c427a876a20", "supName": "Canon VietNam", "supContactName": "Canon Electric Corp", "supAddress": "Nh\u1eadt B\u1ea3n", "supCity": "Tokyo", "supPostalCode": "16000", "supCountry": "Nh\u1eadt B\u1ea3n", "supPhone": "0971903563"}, "unit": "chiec", "price": 500.0}}</msg>
<arg>${json_actual}</arg>
<doc>Logs the given message with the given level.</doc>
<status status="PASS" start="2025-12-15T11:44:49.943921" elapsed="0.000260"/>
</kw>
<kw name="Validation Json Schema Response" owner="testing_api">
<arg>${json_actual}</arg>
<arg>${dataStructure}</arg>
<status status="PASS" start="2025-12-15T11:44:49.944347" elapsed="0.009138"/>
</kw>
<arg>${results}[response]</arg>
<arg>${ResponseStructure}</arg>
<status status="PASS" start="2025-12-15T11:44:49.942904" elapsed="0.010705"/>
</kw>
<kw name="[Common] - Validate Json Response data" owner="common_api">
<kw name="Log" owner="BuiltIn">
<msg time="2025-12-15T11:44:49.954694" level="INFO">{'code': 200, 'data': {'id': '802936fe-44dc-4055-9956-1475a0bc1636', 'productCode': 'L5WO1EMT6J0012', 'productName': 'lam_123451', 'productDesc': 'lam_123451', 'status': 'ACTIVE', 'quantity': 400, 'category': {'id': '01ba3470-81ea-40b3-9698-a92cec54b400', 'categoryName': 'Máy giặt', 'cateDesc': 'Trải nghiệm các công nghệ mới từ các quốc gia hàng đầu về thiết bị gia dụng', 'status': 'INACTIVE'}, 'supplier': {'id': 'a913c855-5f57-4630-8743-9c427a876a20', 'supName': 'Canon VietNam', 'supContactName': 'Canon Electric Corp', 'supAddress': 'Nhật Bản', 'supCity': 'Tokyo', 'supPostalCode': '16000', 'supCountry': 'Nhật Bản', 'supPhone': '0971903563'}, 'unit': 'chiec', 'price': 500.0}}</msg>
<arg>${data}</arg>
<doc>Logs the given message with the given level.</doc>
<status status="PASS" start="2025-12-15T11:44:49.954311" elapsed="0.000468"/>
</kw>
<kw name="Load Dictionary To Json" owner="testing_api">
<msg time="2025-12-15T11:44:49.955263" level="INFO">${json_actual} = {"code": 200, "data": {"id": "802936fe-44dc-4055-9956-1475a0bc1636", "productCode": "L5WO1EMT6J0012", "productName": "lam_123451", "productDesc": "lam_123451", "status": "ACTIVE", "quantity": 400, "ca...</msg>
<var>${json_actual}</var>
<arg>${data}</arg>
<status status="PASS" start="2025-12-15T11:44:49.954981" elapsed="0.000314"/>
</kw>
<kw name="Log" owner="BuiltIn">
<msg time="2025-12-15T11:44:49.955675" level="INFO">{"code": 200, "data": {"id": "802936fe-44dc-4055-9956-1475a0bc1636", "productCode": "L5WO1EMT6J0012", "productName": "lam_123451", "productDesc": "lam_123451", "status": "ACTIVE", "quantity": 400, "category": {"id": "01ba3470-81ea-40b3-9698-a92cec54b400", "categoryName": "M\u00e1y gi\u1eb7t", "cateDesc": "Tr\u1ea3i nghi\u1ec7m c\u00e1c c\u00f4ng ngh\u1ec7 m\u1edbi t\u1eeb c\u00e1c qu\u1ed1c gia h\u00e0ng \u0111\u1ea7u v\u1ec1 thi\u1ebft b\u1ecb gia d\u1ee5ng", "status": "INACTIVE"}, "supplier": {"id": "a913c855-5f57-4630-8743-9c427a876a20", "supName": "Canon VietNam", "supContactName": "Canon Electric Corp", "supAddress": "Nh\u1eadt B\u1ea3n", "supCity": "Tokyo", "supPostalCode": "16000", "supCountry": "Nh\u1eadt B\u1ea3n", "supPhone": "0971903563"}, "unit": "chiec", "price": 500.0}}</msg>
<arg>${json_actual}</arg>
<doc>Logs the given message with the given level.</doc>
<status status="PASS" start="2025-12-15T11:44:49.955423" elapsed="0.000322"/>
</kw>
<kw name="Validate Json" owner="json_utils">
<arg>${json_actual}</arg>
<arg>${compareParam}</arg>
<arg>${compareValue}</arg>
<status status="PASS" start="2025-12-15T11:44:49.955867" elapsed="0.000224"/>
</kw>
<arg>${Results}[response]</arg>
<arg>${ResponseParam}</arg>
<arg>${ResponseValue}</arg>
<status status="PASS" start="2025-12-15T11:44:49.953803" elapsed="0.002360"/>
</kw>
<arg>Domain=https://testek.vn/lab/api/v0/prod-man</arg>
<arg>EndPoint=/product</arg>
<arg>Method=POST</arg>
<arg>Data={ 
    "category": "01ba3470-81ea-40b3-9698-a92cec54b400",
    "supplier": "a913c855-5f57-4630-8743-9c427a876a20",
    "code": "234599990012", 
    "description": "lam_123451", 
    "name": "lam_123451", 
    "price": 500, 
    "quantity": 400, 
    "unit": "chiec"
}</arg>
<arg>StatusCode=201</arg>
<arg>ResponseStructure=4_test_datas/API_datas/AddProduct_success_json_schema.json</arg>
<arg>ResponseParam=code;</arg>
<arg>ResponseValue=200</arg>
<status status="PASS" start="2025-12-15T11:44:49.449366" elapsed="0.506862"/>
</kw>
<tag>api</tag>
<tag>test</tag>
<status status="PASS" start="2025-12-15T11:44:49.448096" elapsed="0.508525"/>
</test>
<test id="s1-t3" name="3 - Check API add product thành công với với code là chuỗi kí tự lower case" line="9">
<kw name="Call API demo">
<kw name="Headers With Accept And Access Token" owner="testing_api">
<msg time="2025-12-15T11:44:49.958990" level="INFO">${header} = {'Authorization': 'Bearer eyJhbGciOiJSUzI1NiIsInR5cCI6IkpXVCJ9.eyJzdWIiOiIwNWUzYjcyNy02ZmE2LTRmY2UtYWRkZS00YTZhMDEwNjg3N2IiLCJhdWQiOlsib2F1dGgyLXJlc291cmNlIl0sInVzZXJfbmFtZSI6IjA1ZTNiNzI3LTZmYTYtNGZjZ...</msg>
<var>${header}</var>
<arg>${AUTH_TOKEN}</arg>
<status status="PASS" start="2025-12-15T11:44:49.958803" elapsed="0.000220"/>
</kw>
<kw name="[Common] - Generate random body data for add product" owner="AddProduct_keywords">
<kw name="Random String Value" owner="string_utils">
<msg time="2025-12-15T11:44:49.959659" level="INFO">${data_random} = wrayOlbvcd</msg>
<var>${data_random}</var>
<status status="PASS" start="2025-12-15T11:44:49.959517" elapsed="0.000173"/>
</kw>
<kw name="Replace String To Generate Data" owner="string_utils">
<msg time="2025-12-15T11:44:49.960054" level="INFO">${body_data} = { 
    "category": "01ba3470-81ea-40b3-9698-a92cec54b400",
    "supplier": "a913c855-5f57-4630-8743-9c427a876a20",
    "code": "testwrayOlbvcd0012", 
    "description": "lam_123451", 
    "name": "lam...</msg>
<var>${body_data}</var>
<arg>${data}</arg>
<arg>23459999</arg>
<arg>${data_random}</arg>
<status status="PASS" start="2025-12-15T11:44:49.959813" elapsed="0.000305"/>
</kw>
<return>
<value>${body_data}</value>
<status status="PASS" start="2025-12-15T11:44:49.960182" elapsed="0.000043"/>
</return>
<msg time="2025-12-15T11:44:49.960348" level="INFO">${body_data} = { 
    "category": "01ba3470-81ea-40b3-9698-a92cec54b400",
    "supplier": "a913c855-5f57-4630-8743-9c427a876a20",
    "code": "testwrayOlbvcd0012", 
    "description": "lam_123451", 
    "name": "lam...</msg>
<var>${body_data}</var>
<arg>${Data}</arg>
<status status="PASS" start="2025-12-15T11:44:49.959180" elapsed="0.001198"/>
</kw>
<kw name="Call Api" owner="testing_api">
<msg time="2025-12-15T11:44:50.433085" level="INFO">${results} = {'status_code': 201, 'response': {'code': 200, 'data': {'id': 'c123529c-b036-455d-b090-7ec669bd9570', 'productCode': 'TESTWRAYOLBVCD0012', 'productName': 'lam_123451', 'productDesc': 'lam_123451', 'st...</msg>
<var>${results}</var>
<arg>${Domain}${EndPoint}</arg>
<arg>${header}</arg>
<arg>${Method}</arg>
<arg>${body_data}</arg>
<status status="PASS" start="2025-12-15T11:44:49.960496" elapsed="0.472637"/>
</kw>
<kw name="[Common] - Validate API Status Code" owner="common_api">
<kw name="Should Be Equal As Strings" owner="BuiltIn">
<msg time="2025-12-15T11:44:50.434237" level="INFO">Argument types are:
&lt;class 'int'&gt;
&lt;class 'str'&gt;</msg>
<arg>${responsecode}</arg>
<arg>${expectedAPIStatusCode}</arg>
<arg>Current HTTP Code: ${responsecode}</arg>
<doc>Fails if objects are unequal after converting them to strings.</doc>
<status status="PASS" start="2025-12-15T11:44:50.433855" elapsed="0.000447"/>
</kw>
<arg>${results}[status_code]</arg>
<arg>${StatusCode}</arg>
<status status="PASS" start="2025-12-15T11:44:50.433388" elapsed="0.000997"/>
</kw>
<kw name="[Common] - Validate Json Response Structure" owner="common_api">
<kw name="Log" owner="BuiltIn">
<msg time="2025-12-15T11:44:50.435096" level="INFO">{'code': 200, 'data': {'id': 'c123529c-b036-455d-b090-7ec669bd9570', 'productCode': 'TESTWRAYOLBVCD0012', 'productName': 'lam_123451', 'productDesc': 'lam_123451', 'status': 'ACTIVE', 'quantity': 400, 'category': {'id': '01ba3470-81ea-40b3-9698-a92cec54b400', 'categoryName': 'Máy giặt', 'cateDesc': 'Trải nghiệm các công nghệ mới từ các quốc gia hàng đầu về thiết bị gia dụng', 'status': 'INACTIVE'}, 'supplier': {'id': 'a913c855-5f57-4630-8743-9c427a876a20', 'supName': 'Canon VietNam', 'supContactName': 'Canon Electric Corp', 'supAddress': 'Nhật Bản', 'supCity': 'Tokyo', 'supPostalCode': '16000', 'supCountry': 'Nhật Bản', 'supPhone': '0971903563'}, 'unit': 'chiec', 'price': 500.0}}</msg>
<arg>${data}</arg>
<doc>Logs the given message with the given level.</doc>
<status status="PASS" start="2025-12-15T11:44:50.434841" elapsed="0.000315"/>
</kw>
<kw name="Load Dictionary To Json" owner="testing_api">
<msg time="2025-12-15T11:44:50.435434" level="INFO">${json_actual} = {"code": 200, "data": {"id": "c123529c-b036-455d-b090-7ec669bd9570", "productCode": "TESTWRAYOLBVCD0012", "productName": "lam_123451", "productDesc": "lam_123451", "status": "ACTIVE", "quantity": 400,...</msg>
<var>${json_actual}</var>
<arg>${data}</arg>
<status status="PASS" start="2025-12-15T11:44:50.435273" elapsed="0.000191"/>
</kw>
<kw name="Log" owner="BuiltIn">
<msg time="2025-12-15T11:44:50.435788" level="INFO">{"code": 200, "data": {"id": "c123529c-b036-455d-b090-7ec669bd9570", "productCode": "TESTWRAYOLBVCD0012", "productName": "lam_123451", "productDesc": "lam_123451", "status": "ACTIVE", "quantity": 400, "category": {"id": "01ba3470-81ea-40b3-9698-a92cec54b400", "categoryName": "M\u00e1y gi\u1eb7t", "cateDesc": "Tr\u1ea3i nghi\u1ec7m c\u00e1c c\u00f4ng ngh\u1ec7 m\u1edbi t\u1eeb c\u00e1c qu\u1ed1c gia h\u00e0ng \u0111\u1ea7u v\u1ec1 thi\u1ebft b\u1ecb gia d\u1ee5ng", "status": "INACTIVE"}, "supplier": {"id": "a913c855-5f57-4630-8743-9c427a876a20", "supName": "Canon VietNam", "supContactName": "Canon Electric Corp", "supAddress": "Nh\u1eadt B\u1ea3n", "supCity": "Tokyo", "supPostalCode": "16000", "supCountry": "Nh\u1eadt B\u1ea3n", "supPhone": "0971903563"}, "unit": "chiec", "price": 500.0}}</msg>
<arg>${json_actual}</arg>
<doc>Logs the given message with the given level.</doc>
<status status="PASS" start="2025-12-15T11:44:50.435573" elapsed="0.000265"/>
</kw>
<kw name="Validation Json Schema Response" owner="testing_api">
<arg>${json_actual}</arg>
<arg>${dataStructure}</arg>
<status status="PASS" start="2025-12-15T11:44:50.435948" elapsed="0.009594"/>
</kw>
<arg>${results}[response]</arg>
<arg>${ResponseStructure}</arg>
<status status="PASS" start="2025-12-15T11:44:50.434536" elapsed="0.011124"/>
</kw>
<kw name="[Common] - Validate Json Response data" owner="common_api">
<kw name="Log" owner="BuiltIn">
<msg time="2025-12-15T11:44:50.446533" level="INFO">{'code': 200, 'data': {'id': 'c123529c-b036-455d-b090-7ec669bd9570', 'productCode': 'TESTWRAYOLBVCD0012', 'productName': 'lam_123451', 'productDesc': 'lam_123451', 'status': 'ACTIVE', 'quantity': 400, 'category': {'id': '01ba3470-81ea-40b3-9698-a92cec54b400', 'categoryName': 'Máy giặt', 'cateDesc': 'Trải nghiệm các công nghệ mới từ các quốc gia hàng đầu về thiết bị gia dụng', 'status': 'INACTIVE'}, 'supplier': {'id': 'a913c855-5f57-4630-8743-9c427a876a20', 'supName': 'Canon VietNam', 'supContactName': 'Canon Electric Corp', 'supAddress': 'Nhật Bản', 'supCity': 'Tokyo', 'supPostalCode': '16000', 'supCountry': 'Nhật Bản', 'supPhone': '0971903563'}, 'unit': 'chiec', 'price': 500.0}}</msg>
<arg>${data}</arg>
<doc>Logs the given message with the given level.</doc>
<status status="PASS" start="2025-12-15T11:44:50.446256" elapsed="0.000356"/>
</kw>
<kw name="Load Dictionary To Json" owner="testing_api">
<msg time="2025-12-15T11:44:50.446898" level="INFO">${json_actual} = {"code": 200, "data": {"id": "c123529c-b036-455d-b090-7ec669bd9570", "productCode": "TESTWRAYOLBVCD0012", "productName": "lam_123451", "productDesc": "lam_123451", "status": "ACTIVE", "quantity": 400,...</msg>
<var>${json_actual}</var>
<arg>${data}</arg>
<status status="PASS" start="2025-12-15T11:44:50.446734" elapsed="0.000193"/>
</kw>
<kw name="Log" owner="BuiltIn">
<msg time="2025-12-15T11:44:50.447320" level="INFO">{"code": 200, "data": {"id": "c123529c-b036-455d-b090-7ec669bd9570", "productCode": "TESTWRAYOLBVCD0012", "productName": "lam_123451", "productDesc": "lam_123451", "status": "ACTIVE", "quantity": 400, "category": {"id": "01ba3470-81ea-40b3-9698-a92cec54b400", "categoryName": "M\u00e1y gi\u1eb7t", "cateDesc": "Tr\u1ea3i nghi\u1ec7m c\u00e1c c\u00f4ng ngh\u1ec7 m\u1edbi t\u1eeb c\u00e1c qu\u1ed1c gia h\u00e0ng \u0111\u1ea7u v\u1ec1 thi\u1ebft b\u1ecb gia d\u1ee5ng", "status": "INACTIVE"}, "supplier": {"id": "a913c855-5f57-4630-8743-9c427a876a20", "supName": "Canon VietNam", "supContactName": "Canon Electric Corp", "supAddress": "Nh\u1eadt B\u1ea3n", "supCity": "Tokyo", "supPostalCode": "16000", "supCountry": "Nh\u1eadt B\u1ea3n", "supPhone": "0971903563"}, "unit": "chiec", "price": 500.0}}</msg>
<arg>${json_actual}</arg>
<doc>Logs the given message with the given level.</doc>
<status status="PASS" start="2025-12-15T11:44:50.447036" elapsed="0.000335"/>
</kw>
<kw name="Validate Json" owner="json_utils">
<arg>${json_actual}</arg>
<arg>${compareParam}</arg>
<arg>${compareValue}</arg>
<status status="PASS" start="2025-12-15T11:44:50.447483" elapsed="0.000207"/>
</kw>
<arg>${Results}[response]</arg>
<arg>${ResponseParam}</arg>
<arg>${ResponseValue}</arg>
<status status="PASS" start="2025-12-15T11:44:50.445887" elapsed="0.001872"/>
</kw>
<arg>Domain=https://testek.vn/lab/api/v0/prod-man</arg>
<arg>EndPoint=/product</arg>
<arg>Method=POST</arg>
<arg>Data={ 
    "category": "01ba3470-81ea-40b3-9698-a92cec54b400",
    "supplier": "a913c855-5f57-4630-8743-9c427a876a20",
    "code": "test234599990012", 
    "description": "lam_123451", 
    "name": "lam_123451", 
    "price": 500, 
    "quantity": 400, 
    "unit": "chiec"
}</arg>
<arg>StatusCode=201</arg>
<arg>ResponseStructure=4_test_datas/API_datas/AddProduct_success_json_schema.json</arg>
<arg>ResponseParam=code;</arg>
<arg>ResponseValue=200</arg>
<status status="PASS" start="2025-12-15T11:44:49.958349" elapsed="0.489475"/>
</kw>
<tag>api</tag>
<tag>test</tag>
<status status="PASS" start="2025-12-15T11:44:49.957201" elapsed="0.490915"/>
</test>
<test id="s1-t4" name="4 - Check API add product thành công với với code là chuỗi kí tự upper case" line="9">
<kw name="Call API demo">
<kw name="Headers With Accept And Access Token" owner="testing_api">
<msg time="2025-12-15T11:44:50.450928" level="INFO">${header} = {'Authorization': 'Bearer eyJhbGciOiJSUzI1NiIsInR5cCI6IkpXVCJ9.eyJzdWIiOiIwNWUzYjcyNy02ZmE2LTRmY2UtYWRkZS00YTZhMDEwNjg3N2IiLCJhdWQiOlsib2F1dGgyLXJlc291cmNlIl0sInVzZXJfbmFtZSI6IjA1ZTNiNzI3LTZmYTYtNGZjZ...</msg>
<var>${header}</var>
<arg>${AUTH_TOKEN}</arg>
<status status="PASS" start="2025-12-15T11:44:50.450762" elapsed="0.000200"/>
</kw>
<kw name="[Common] - Generate random body data for add product" owner="AddProduct_keywords">
<kw name="Random String Value" owner="string_utils">
<msg time="2025-12-15T11:44:50.451582" level="INFO">${data_random} = hi2FrXaZir</msg>
<var>${data_random}</var>
<status status="PASS" start="2025-12-15T11:44:50.451450" elapsed="0.000162"/>
</kw>
<kw name="Replace String To Generate Data" owner="string_utils">
<msg time="2025-12-15T11:44:50.451965" level="INFO">${body_data} = { 
    "category": "01ba3470-81ea-40b3-9698-a92cec54b400",
    "supplier": "a913c855-5f57-4630-8743-9c427a876a20",
    "code": "TESThi2FrXaZir0012", 
    "description": "lam_123451", 
    "name": "lam...</msg>
<var>${body_data}</var>
<arg>${data}</arg>
<arg>23459999</arg>
<arg>${data_random}</arg>
<status status="PASS" start="2025-12-15T11:44:50.451761" elapsed="0.000236"/>
</kw>
<return>
<value>${body_data}</value>
<status status="PASS" start="2025-12-15T11:44:50.452057" elapsed="0.000074"/>
</return>
<msg time="2025-12-15T11:44:50.452306" level="INFO">${body_data} = { 
    "category": "01ba3470-81ea-40b3-9698-a92cec54b400",
    "supplier": "a913c855-5f57-4630-8743-9c427a876a20",
    "code": "TESThi2FrXaZir0012", 
    "description": "lam_123451", 
    "name": "lam...</msg>
<var>${body_data}</var>
<arg>${Data}</arg>
<status status="PASS" start="2025-12-15T11:44:50.451115" elapsed="0.001228"/>
</kw>
<kw name="Call Api" owner="testing_api">
<msg time="2025-12-15T11:44:50.926941" level="INFO">${results} = {'status_code': 201, 'response': {'code': 200, 'data': {'id': '770e6448-c4b9-4602-86dc-38720199618f', 'productCode': 'TESTHI2FRXAZIR0012', 'productName': 'lam_123451', 'productDesc': 'lam_123451', 'st...</msg>
<var>${results}</var>
<arg>${Domain}${EndPoint}</arg>
<arg>${header}</arg>
<arg>${Method}</arg>
<arg>${body_data}</arg>
<status status="PASS" start="2025-12-15T11:44:50.452491" elapsed="0.474498"/>
</kw>
<kw name="[Common] - Validate API Status Code" owner="common_api">
<kw name="Should Be Equal As Strings" owner="BuiltIn">
<msg time="2025-12-15T11:44:50.927978" level="INFO">Argument types are:
&lt;class 'int'&gt;
&lt;class 'str'&gt;</msg>
<arg>${responsecode}</arg>
<arg>${expectedAPIStatusCode}</arg>
<arg>Current HTTP Code: ${responsecode}</arg>
<doc>Fails if objects are unequal after converting them to strings.</doc>
<status status="PASS" start="2025-12-15T11:44:50.927649" elapsed="0.000410"/>
</kw>
<arg>${results}[status_code]</arg>
<arg>${StatusCode}</arg>
<status status="PASS" start="2025-12-15T11:44:50.927261" elapsed="0.000887"/>
</kw>
<kw name="[Common] - Validate Json Response Structure" owner="common_api">
<kw name="Log" owner="BuiltIn">
<msg time="2025-12-15T11:44:50.928800" level="INFO">{'code': 200, 'data': {'id': '770e6448-c4b9-4602-86dc-38720199618f', 'productCode': 'TESTHI2FRXAZIR0012', 'productName': 'lam_123451', 'productDesc': 'lam_123451', 'status': 'ACTIVE', 'quantity': 400, 'category': {'id': '01ba3470-81ea-40b3-9698-a92cec54b400', 'categoryName': 'Máy giặt', 'cateDesc': 'Trải nghiệm các công nghệ mới từ các quốc gia hàng đầu về thiết bị gia dụng', 'status': 'INACTIVE'}, 'supplier': {'id': 'a913c855-5f57-4630-8743-9c427a876a20', 'supName': 'Canon VietNam', 'supContactName': 'Canon Electric Corp', 'supAddress': 'Nhật Bản', 'supCity': 'Tokyo', 'supPostalCode': '16000', 'supCountry': 'Nhật Bản', 'supPhone': '0971903563'}, 'unit': 'chiec', 'price': 500.0}}</msg>
<arg>${data}</arg>
<doc>Logs the given message with the given level.</doc>
<status status="PASS" start="2025-12-15T11:44:50.928565" elapsed="0.000293"/>
</kw>
<kw name="Load Dictionary To Json" owner="testing_api">
<msg time="2025-12-15T11:44:50.929185" level="INFO">${json_actual} = {"code": 200, "data": {"id": "770e6448-c4b9-4602-86dc-38720199618f", "productCode": "TESTHI2FRXAZIR0012", "productName": "lam_123451", "productDesc": "lam_123451", "status": "ACTIVE", "quantity": 400,...</msg>
<var>${json_actual}</var>
<arg>${data}</arg>
<status status="PASS" start="2025-12-15T11:44:50.928974" elapsed="0.000254"/>
</kw>
<kw name="Log" owner="BuiltIn">
<msg time="2025-12-15T11:44:50.929547" level="INFO">{"code": 200, "data": {"id": "770e6448-c4b9-4602-86dc-38720199618f", "productCode": "TESTHI2FRXAZIR0012", "productName": "lam_123451", "productDesc": "lam_123451", "status": "ACTIVE", "quantity": 400, "category": {"id": "01ba3470-81ea-40b3-9698-a92cec54b400", "categoryName": "M\u00e1y gi\u1eb7t", "cateDesc": "Tr\u1ea3i nghi\u1ec7m c\u00e1c c\u00f4ng ngh\u1ec7 m\u1edbi t\u1eeb c\u00e1c qu\u1ed1c gia h\u00e0ng \u0111\u1ea7u v\u1ec1 thi\u1ebft b\u1ecb gia d\u1ee5ng", "status": "INACTIVE"}, "supplier": {"id": "a913c855-5f57-4630-8743-9c427a876a20", "supName": "Canon VietNam", "supContactName": "Canon Electric Corp", "supAddress": "Nh\u1eadt B\u1ea3n", "supCity": "Tokyo", "supPostalCode": "16000", "supCountry": "Nh\u1eadt B\u1ea3n", "supPhone": "0971903563"}, "unit": "chiec", "price": 500.0}}</msg>
<arg>${json_actual}</arg>
<doc>Logs the given message with the given level.</doc>
<status status="PASS" start="2025-12-15T11:44:50.929336" elapsed="0.000277"/>
</kw>
<kw name="Validation Json Schema Response" owner="testing_api">
<arg>${json_actual}</arg>
<arg>${dataStructure}</arg>
<status status="PASS" start="2025-12-15T11:44:50.929724" elapsed="0.009352"/>
</kw>
<arg>${results}[response]</arg>
<arg>${ResponseStructure}</arg>
<status status="PASS" start="2025-12-15T11:44:50.928286" elapsed="0.010893"/>
</kw>
<kw name="[Common] - Validate Json Response data" owner="common_api">
<kw name="Log" owner="BuiltIn">
<msg time="2025-12-15T11:44:50.939978" level="INFO">{'code': 200, 'data': {'id': '770e6448-c4b9-4602-86dc-38720199618f', 'productCode': 'TESTHI2FRXAZIR0012', 'productName': 'lam_123451', 'productDesc': 'lam_123451', 'status': 'ACTIVE', 'quantity': 400, 'category': {'id': '01ba3470-81ea-40b3-9698-a92cec54b400', 'categoryName': 'Máy giặt', 'cateDesc': 'Trải nghiệm các công nghệ mới từ các quốc gia hàng đầu về thiết bị gia dụng', 'status': 'INACTIVE'}, 'supplier': {'id': 'a913c855-5f57-4630-8743-9c427a876a20', 'supName': 'Canon VietNam', 'supContactName': 'Canon Electric Corp', 'supAddress': 'Nhật Bản', 'supCity': 'Tokyo', 'supPostalCode': '16000', 'supCountry': 'Nhật Bản', 'supPhone': '0971903563'}, 'unit': 'chiec', 'price': 500.0}}</msg>
<arg>${data}</arg>
<doc>Logs the given message with the given level.</doc>
<status status="PASS" start="2025-12-15T11:44:50.939709" elapsed="0.000357"/>
</kw>
<kw name="Load Dictionary To Json" owner="testing_api">
<msg time="2025-12-15T11:44:50.940342" level="INFO">${json_actual} = {"code": 200, "data": {"id": "770e6448-c4b9-4602-86dc-38720199618f", "productCode": "TESTHI2FRXAZIR0012", "productName": "lam_123451", "productDesc": "lam_123451", "status": "ACTIVE", "quantity": 400,...</msg>
<var>${json_actual}</var>
<arg>${data}</arg>
<status status="PASS" start="2025-12-15T11:44:50.940180" elapsed="0.000192"/>
</kw>
<kw name="Log" owner="BuiltIn">
<msg time="2025-12-15T11:44:50.940692" level="INFO">{"code": 200, "data": {"id": "770e6448-c4b9-4602-86dc-38720199618f", "productCode": "TESTHI2FRXAZIR0012", "productName": "lam_123451", "productDesc": "lam_123451", "status": "ACTIVE", "quantity": 400, "category": {"id": "01ba3470-81ea-40b3-9698-a92cec54b400", "categoryName": "M\u00e1y gi\u1eb7t", "cateDesc": "Tr\u1ea3i nghi\u1ec7m c\u00e1c c\u00f4ng ngh\u1ec7 m\u1edbi t\u1eeb c\u00e1c qu\u1ed1c gia h\u00e0ng \u0111\u1ea7u v\u1ec1 thi\u1ebft b\u1ecb gia d\u1ee5ng", "status": "INACTIVE"}, "supplier": {"id": "a913c855-5f57-4630-8743-9c427a876a20", "supName": "Canon VietNam", "supContactName": "Canon Electric Corp", "supAddress": "Nh\u1eadt B\u1ea3n", "supCity": "Tokyo", "supPostalCode": "16000", "supCountry": "Nh\u1eadt B\u1ea3n", "supPhone": "0971903563"}, "unit": "chiec", "price": 500.0}}</msg>
<arg>${json_actual}</arg>
<doc>Logs the given message with the given level.</doc>
<status status="PASS" start="2025-12-15T11:44:50.940482" elapsed="0.000260"/>
</kw>
<kw name="Validate Json" owner="json_utils">
<arg>${json_actual}</arg>
<arg>${compareParam}</arg>
<arg>${compareValue}</arg>
<status status="PASS" start="2025-12-15T11:44:50.940849" elapsed="0.000208"/>
</kw>
<arg>${Results}[response]</arg>
<arg>${ResponseParam}</arg>
<arg>${ResponseValue}</arg>
<status status="PASS" start="2025-12-15T11:44:50.939356" elapsed="0.001768"/>
</kw>
<arg>Domain=https://testek.vn/lab/api/v0/prod-man</arg>
<arg>EndPoint=/product</arg>
<arg>Method=POST</arg>
<arg>Data={ 
    "category": "01ba3470-81ea-40b3-9698-a92cec54b400",
    "supplier": "a913c855-5f57-4630-8743-9c427a876a20",
    "code": "TEST234599990012", 
    "description": "lam_123451", 
    "name": "lam_123451", 
    "price": 500, 
    "quantity": 400, 
    "unit": "chiec"
}</arg>
<arg>StatusCode=201</arg>
<arg>ResponseStructure=4_test_datas/API_datas/AddProduct_success_json_schema.json</arg>
<arg>ResponseParam=code;</arg>
<arg>ResponseValue=200</arg>
<status status="PASS" start="2025-12-15T11:44:50.450367" elapsed="0.490818"/>
</kw>
<tag>api</tag>
<tag>test</tag>
<status status="PASS" start="2025-12-15T11:44:50.449121" elapsed="0.492315"/>
</test>
<test id="s1-t5" name="5 - Check API add product thành công với với code là chuỗi kí tự upper case và lower case" line="9">
<kw name="Call API demo">
<kw name="Headers With Accept And Access Token" owner="testing_api">
<msg time="2025-12-15T11:44:50.944068" level="INFO">${header} = {'Authorization': 'Bearer eyJhbGciOiJSUzI1NiIsInR5cCI6IkpXVCJ9.eyJzdWIiOiIwNWUzYjcyNy02ZmE2LTRmY2UtYWRkZS00YTZhMDEwNjg3N2IiLCJhdWQiOlsib2F1dGgyLXJlc291cmNlIl0sInVzZXJfbmFtZSI6IjA1ZTNiNzI3LTZmYTYtNGZjZ...</msg>
<var>${header}</var>
<arg>${AUTH_TOKEN}</arg>
<status status="PASS" start="2025-12-15T11:44:50.943850" elapsed="0.000256"/>
</kw>
<kw name="[Common] - Generate random body data for add product" owner="AddProduct_keywords">
<kw name="Random String Value" owner="string_utils">
<msg time="2025-12-15T11:44:50.944755" level="INFO">${data_random} = v8ZxZwknhz</msg>
<var>${data_random}</var>
<status status="PASS" start="2025-12-15T11:44:50.944591" elapsed="0.000197"/>
</kw>
<kw name="Replace String To Generate Data" owner="string_utils">
<msg time="2025-12-15T11:44:50.945115" level="INFO">${body_data} = { 
    "category": "01ba3470-81ea-40b3-9698-a92cec54b400",
    "supplier": "a913c855-5f57-4630-8743-9c427a876a20",
    "code": "TeStv8ZxZwknhz0012", 
    "description": "lam_123451", 
    "name": "lam...</msg>
<var>${body_data}</var>
<arg>${data}</arg>
<arg>23459999</arg>
<arg>${data_random}</arg>
<status status="PASS" start="2025-12-15T11:44:50.944910" elapsed="0.000237"/>
</kw>
<return>
<value>${body_data}</value>
<status status="PASS" start="2025-12-15T11:44:50.945239" elapsed="0.000063"/>
</return>
<msg time="2025-12-15T11:44:50.945472" level="INFO">${body_data} = { 
    "category": "01ba3470-81ea-40b3-9698-a92cec54b400",
    "supplier": "a913c855-5f57-4630-8743-9c427a876a20",
    "code": "TeStv8ZxZwknhz0012", 
    "description": "lam_123451", 
    "name": "lam...</msg>
<var>${body_data}</var>
<arg>${Data}</arg>
<status status="PASS" start="2025-12-15T11:44:50.944292" elapsed="0.001216"/>
</kw>
<kw name="Call Api" owner="testing_api">
<msg time="2025-12-15T11:44:51.466749" level="INFO">${results} = {'status_code': 201, 'response': {'code': 200, 'data': {'id': '4dfa3519-be42-4979-b1e8-668375bde02c', 'productCode': 'TESTV8ZXZWKNHZ0012', 'productName': 'lam_123451', 'productDesc': 'lam_123451', 'st...</msg>
<var>${results}</var>
<arg>${Domain}${EndPoint}</arg>
<arg>${header}</arg>
<arg>${Method}</arg>
<arg>${body_data}</arg>
<status status="PASS" start="2025-12-15T11:44:50.945664" elapsed="0.521145"/>
</kw>
<kw name="[Common] - Validate API Status Code" owner="common_api">
<kw name="Should Be Equal As Strings" owner="BuiltIn">
<msg time="2025-12-15T11:44:51.467761" level="INFO">Argument types are:
&lt;class 'int'&gt;
&lt;class 'str'&gt;</msg>
<arg>${responsecode}</arg>
<arg>${expectedAPIStatusCode}</arg>
<arg>Current HTTP Code: ${responsecode}</arg>
<doc>Fails if objects are unequal after converting them to strings.</doc>
<status status="PASS" start="2025-12-15T11:44:51.467399" elapsed="0.000430"/>
</kw>
<arg>${results}[status_code]</arg>
<arg>${StatusCode}</arg>
<status status="PASS" start="2025-12-15T11:44:51.467023" elapsed="0.000888"/>
</kw>
<kw name="[Common] - Validate Json Response Structure" owner="common_api">
<kw name="Log" owner="BuiltIn">
<msg time="2025-12-15T11:44:51.468670" level="INFO">{'code': 200, 'data': {'id': '4dfa3519-be42-4979-b1e8-668375bde02c', 'productCode': 'TESTV8ZXZWKNHZ0012', 'productName': 'lam_123451', 'productDesc': 'lam_123451', 'status': 'ACTIVE', 'quantity': 400, 'category': {'id': '01ba3470-81ea-40b3-9698-a92cec54b400', 'categoryName': 'Máy giặt', 'cateDesc': 'Trải nghiệm các công nghệ mới từ các quốc gia hàng đầu về thiết bị gia dụng', 'status': 'INACTIVE'}, 'supplier': {'id': 'a913c855-5f57-4630-8743-9c427a876a20', 'supName': 'Canon VietNam', 'supContactName': 'Canon Electric Corp', 'supAddress': 'Nhật Bản', 'supCity': 'Tokyo', 'supPostalCode': '16000', 'supCountry': 'Nhật Bản', 'supPhone': '0971903563'}, 'unit': 'chiec', 'price': 500.0}}</msg>
<arg>${data}</arg>
<doc>Logs the given message with the given level.</doc>
<status status="PASS" start="2025-12-15T11:44:51.468386" elapsed="0.000363"/>
</kw>
<kw name="Load Dictionary To Json" owner="testing_api">
<msg time="2025-12-15T11:44:51.469036" level="INFO">${json_actual} = {"code": 200, "data": {"id": "4dfa3519-be42-4979-b1e8-668375bde02c", "productCode": "TESTV8ZXZWKNHZ0012", "productName": "lam_123451", "productDesc": "lam_123451", "status": "ACTIVE", "quantity": 400,...</msg>
<var>${json_actual}</var>
<arg>${data}</arg>
<status status="PASS" start="2025-12-15T11:44:51.468870" elapsed="0.000196"/>
</kw>
<kw name="Log" owner="BuiltIn">
<msg time="2025-12-15T11:44:51.469482" level="INFO">{"code": 200, "data": {"id": "4dfa3519-be42-4979-b1e8-668375bde02c", "productCode": "TESTV8ZXZWKNHZ0012", "productName": "lam_123451", "productDesc": "lam_123451", "status": "ACTIVE", "quantity": 400, "category": {"id": "01ba3470-81ea-40b3-9698-a92cec54b400", "categoryName": "M\u00e1y gi\u1eb7t", "cateDesc": "Tr\u1ea3i nghi\u1ec7m c\u00e1c c\u00f4ng ngh\u1ec7 m\u1edbi t\u1eeb c\u00e1c qu\u1ed1c gia h\u00e0ng \u0111\u1ea7u v\u1ec1 thi\u1ebft b\u1ecb gia d\u1ee5ng", "status": "INACTIVE"}, "supplier": {"id": "a913c855-5f57-4630-8743-9c427a876a20", "supName": "Canon VietNam", "supContactName": "Canon Electric Corp", "supAddress": "Nh\u1eadt B\u1ea3n", "supCity": "Tokyo", "supPostalCode": "16000", "supCountry": "Nh\u1eadt B\u1ea3n", "supPhone": "0971903563"}, "unit": "chiec", "price": 500.0}}</msg>
<arg>${json_actual}</arg>
<doc>Logs the given message with the given level.</doc>
<status status="PASS" start="2025-12-15T11:44:51.469178" elapsed="0.000365"/>
</kw>
<kw name="Validation Json Schema Response" owner="testing_api">
<arg>${json_actual}</arg>
<arg>${dataStructure}</arg>
<status status="PASS" start="2025-12-15T11:44:51.469685" elapsed="0.009692"/>
</kw>
<arg>${results}[response]</arg>
<arg>${ResponseStructure}</arg>
<status status="PASS" start="2025-12-15T11:44:51.468064" elapsed="0.011438"/>
</kw>
<kw name="[Common] - Validate Json Response data" owner="common_api">
<kw name="Log" owner="BuiltIn">
<msg time="2025-12-15T11:44:51.480883" level="INFO">{'code': 200, 'data': {'id': '4dfa3519-be42-4979-b1e8-668375bde02c', 'productCode': 'TESTV8ZXZWKNHZ0012', 'productName': 'lam_123451', 'productDesc': 'lam_123451', 'status': 'ACTIVE', 'quantity': 400, 'category': {'id': '01ba3470-81ea-40b3-9698-a92cec54b400', 'categoryName': 'Máy giặt', 'cateDesc': 'Trải nghiệm các công nghệ mới từ các quốc gia hàng đầu về thiết bị gia dụng', 'status': 'INACTIVE'}, 'supplier': {'id': 'a913c855-5f57-4630-8743-9c427a876a20', 'supName': 'Canon VietNam', 'supContactName': 'Canon Electric Corp', 'supAddress': 'Nhật Bản', 'supCity': 'Tokyo', 'supPostalCode': '16000', 'supCountry': 'Nhật Bản', 'supPhone': '0971903563'}, 'unit': 'chiec', 'price': 500.0}}</msg>
<arg>${data}</arg>
<doc>Logs the given message with the given level.</doc>
<status status="PASS" start="2025-12-15T11:44:51.480461" elapsed="0.000490"/>
</kw>
<kw name="Load Dictionary To Json" owner="testing_api">
<msg time="2025-12-15T11:44:51.481351" level="INFO">${json_actual} = {"code": 200, "data": {"id": "4dfa3519-be42-4979-b1e8-668375bde02c", "productCode": "TESTV8ZXZWKNHZ0012", "productName": "lam_123451", "productDesc": "lam_123451", "status": "ACTIVE", "quantity": 400,...</msg>
<var>${json_actual}</var>
<arg>${data}</arg>
<status status="PASS" start="2025-12-15T11:44:51.481102" elapsed="0.000288"/>
</kw>
<kw name="Log" owner="BuiltIn">
<msg time="2025-12-15T11:44:51.481826" level="INFO">{"code": 200, "data": {"id": "4dfa3519-be42-4979-b1e8-668375bde02c", "productCode": "TESTV8ZXZWKNHZ0012", "productName": "lam_123451", "productDesc": "lam_123451", "status": "ACTIVE", "quantity": 400, "category": {"id": "01ba3470-81ea-40b3-9698-a92cec54b400", "categoryName": "M\u00e1y gi\u1eb7t", "cateDesc": "Tr\u1ea3i nghi\u1ec7m c\u00e1c c\u00f4ng ngh\u1ec7 m\u1edbi t\u1eeb c\u00e1c qu\u1ed1c gia h\u00e0ng \u0111\u1ea7u v\u1ec1 thi\u1ebft b\u1ecb gia d\u1ee5ng", "status": "INACTIVE"}, "supplier": {"id": "a913c855-5f57-4630-8743-9c427a876a20", "supName": "Canon VietNam", "supContactName": "Canon Electric Corp", "supAddress": "Nh\u1eadt B\u1ea3n", "supCity": "Tokyo", "supPostalCode": "16000", "supCountry": "Nh\u1eadt B\u1ea3n", "supPhone": "0971903563"}, "unit": "chiec", "price": 500.0}}</msg>
<arg>${json_actual}</arg>
<doc>Logs the given message with the given level.</doc>
<status status="PASS" start="2025-12-15T11:44:51.481539" elapsed="0.000347"/>
</kw>
<kw name="Validate Json" owner="json_utils">
<arg>${json_actual}</arg>
<arg>${compareParam}</arg>
<arg>${compareValue}</arg>
<status status="PASS" start="2025-12-15T11:44:51.482032" elapsed="0.000251"/>
</kw>
<arg>${Results}[response]</arg>
<arg>${ResponseParam}</arg>
<arg>${ResponseValue}</arg>
<status status="PASS" start="2025-12-15T11:44:51.479970" elapsed="0.002388"/>
</kw>
<arg>Domain=https://testek.vn/lab/api/v0/prod-man</arg>
<arg>EndPoint=/product</arg>
<arg>Method=POST</arg>
<arg>Data={ 
    "category": "01ba3470-81ea-40b3-9698-a92cec54b400",
    "supplier": "a913c855-5f57-4630-8743-9c427a876a20",
    "code": "TeSt234599990012", 
    "description": "lam_123451", 
    "name": "lam_123451", 
    "price": 500, 
    "quantity": 400, 
    "unit": "chiec"
}</arg>
<arg>StatusCode=201</arg>
<arg>ResponseStructure=4_test_datas/API_datas/AddProduct_success_json_schema.json</arg>
<arg>ResponseParam=code;</arg>
<arg>ResponseValue=200</arg>
<status status="PASS" start="2025-12-15T11:44:50.943356" elapsed="0.539069"/>
</kw>
<tag>api</tag>
<tag>test</tag>
<status status="PASS" start="2025-12-15T11:44:50.941892" elapsed="0.540806"/>
</test>
<test id="s1-t6" name="6 - Check API add product thành công với dữ liệu không có param desc" line="9">
<kw name="Call API demo">
<kw name="Headers With Accept And Access Token" owner="testing_api">
<msg time="2025-12-15T11:44:51.484758" level="INFO">${header} = {'Authorization': 'Bearer eyJhbGciOiJSUzI1NiIsInR5cCI6IkpXVCJ9.eyJzdWIiOiIwNWUzYjcyNy02ZmE2LTRmY2UtYWRkZS00YTZhMDEwNjg3N2IiLCJhdWQiOlsib2F1dGgyLXJlc291cmNlIl0sInVzZXJfbmFtZSI6IjA1ZTNiNzI3LTZmYTYtNGZjZ...</msg>
<var>${header}</var>
<arg>${AUTH_TOKEN}</arg>
<status status="PASS" start="2025-12-15T11:44:51.484565" elapsed="0.000230"/>
</kw>
<kw name="[Common] - Generate random body data for add product" owner="AddProduct_keywords">
<kw name="Random String Value" owner="string_utils">
<msg time="2025-12-15T11:44:51.485373" level="INFO">${data_random} = s5zqNgEVRv</msg>
<var>${data_random}</var>
<status status="PASS" start="2025-12-15T11:44:51.485252" elapsed="0.000151"/>
</kw>
<kw name="Replace String To Generate Data" owner="string_utils">
<msg time="2025-12-15T11:44:51.485710" level="INFO">${body_data} = { 
    "category": "01ba3470-81ea-40b3-9698-a92cec54b400",
    "supplier": "a913c855-5f57-4630-8743-9c427a876a20",
    "code": "TeSts5zqNgEVRv0012", 
    "name": "lam_123451", 
    "price": 500, 
    ...</msg>
<var>${body_data}</var>
<arg>${data}</arg>
<arg>23459999</arg>
<arg>${data_random}</arg>
<status status="PASS" start="2025-12-15T11:44:51.485515" elapsed="0.000225"/>
</kw>
<return>
<value>${body_data}</value>
<status status="PASS" start="2025-12-15T11:44:51.485800" elapsed="0.000042"/>
</return>
<msg time="2025-12-15T11:44:51.485963" level="INFO">${body_data} = { 
    "category": "01ba3470-81ea-40b3-9698-a92cec54b400",
    "supplier": "a913c855-5f57-4630-8743-9c427a876a20",
    "code": "TeSts5zqNgEVRv0012", 
    "name": "lam_123451", 
    "price": 500, 
    ...</msg>
<var>${body_data}</var>
<arg>${Data}</arg>
<status status="PASS" start="2025-12-15T11:44:51.484983" elapsed="0.001009"/>
</kw>
<kw name="Call Api" owner="testing_api">
<msg time="2025-12-15T11:44:51.936179" level="INFO">${results} = {'status_code': 201, 'response': {'code': 200, 'data': {'id': '27b01f3d-5572-47a5-8729-37093382cdc3', 'productCode': 'TESTS5ZQNGEVRV0012', 'productName': 'lam_123451', 'status': 'ACTIVE', 'quantity': ...</msg>
<var>${results}</var>
<arg>${Domain}${EndPoint}</arg>
<arg>${header}</arg>
<arg>${Method}</arg>
<arg>${body_data}</arg>
<status status="PASS" start="2025-12-15T11:44:51.486107" elapsed="0.450118"/>
</kw>
<kw name="[Common] - Validate API Status Code" owner="common_api">
<kw name="Should Be Equal As Strings" owner="BuiltIn">
<msg time="2025-12-15T11:44:51.937075" level="INFO">Argument types are:
&lt;class 'int'&gt;
&lt;class 'str'&gt;</msg>
<arg>${responsecode}</arg>
<arg>${expectedAPIStatusCode}</arg>
<arg>Current HTTP Code: ${responsecode}</arg>
<doc>Fails if objects are unequal after converting them to strings.</doc>
<status status="PASS" start="2025-12-15T11:44:51.936758" elapsed="0.000377"/>
</kw>
<arg>${results}[status_code]</arg>
<arg>${StatusCode}</arg>
<status status="PASS" start="2025-12-15T11:44:51.936432" elapsed="0.000774"/>
</kw>
<kw name="[Common] - Validate Json Response Structure" owner="common_api">
<kw name="Log" owner="BuiltIn">
<msg time="2025-12-15T11:44:51.937955" level="INFO">{'code': 200, 'data': {'id': '27b01f3d-5572-47a5-8729-37093382cdc3', 'productCode': 'TESTS5ZQNGEVRV0012', 'productName': 'lam_123451', 'status': 'ACTIVE', 'quantity': 400, 'category': {'id': '01ba3470-81ea-40b3-9698-a92cec54b400', 'categoryName': 'Máy giặt', 'cateDesc': 'Trải nghiệm các công nghệ mới từ các quốc gia hàng đầu về thiết bị gia dụng', 'status': 'INACTIVE'}, 'supplier': {'id': 'a913c855-5f57-4630-8743-9c427a876a20', 'supName': 'Canon VietNam', 'supContactName': 'Canon Electric Corp', 'supAddress': 'Nhật Bản', 'supCity': 'Tokyo', 'supPostalCode': '16000', 'supCountry': 'Nhật Bản', 'supPhone': '0971903563'}, 'unit': 'chiec', 'price': 500.0}}</msg>
<arg>${data}</arg>
<doc>Logs the given message with the given level.</doc>
<status status="PASS" start="2025-12-15T11:44:51.937613" elapsed="0.000411"/>
</kw>
<kw name="Load Dictionary To Json" owner="testing_api">
<msg time="2025-12-15T11:44:51.938467" level="INFO">${json_actual} = {"code": 200, "data": {"id": "27b01f3d-5572-47a5-8729-37093382cdc3", "productCode": "TESTS5ZQNGEVRV0012", "productName": "lam_123451", "status": "ACTIVE", "quantity": 400, "category": {"id": "01ba3470...</msg>
<var>${json_actual}</var>
<arg>${data}</arg>
<status status="PASS" start="2025-12-15T11:44:51.938179" elapsed="0.000333"/>
</kw>
<kw name="Log" owner="BuiltIn">
<msg time="2025-12-15T11:44:51.938965" level="INFO">{"code": 200, "data": {"id": "27b01f3d-5572-47a5-8729-37093382cdc3", "productCode": "TESTS5ZQNGEVRV0012", "productName": "lam_123451", "status": "ACTIVE", "quantity": 400, "category": {"id": "01ba3470-81ea-40b3-9698-a92cec54b400", "categoryName": "M\u00e1y gi\u1eb7t", "cateDesc": "Tr\u1ea3i nghi\u1ec7m c\u00e1c c\u00f4ng ngh\u1ec7 m\u1edbi t\u1eeb c\u00e1c qu\u1ed1c gia h\u00e0ng \u0111\u1ea7u v\u1ec1 thi\u1ebft b\u1ecb gia d\u1ee5ng", "status": "INACTIVE"}, "supplier": {"id": "a913c855-5f57-4630-8743-9c427a876a20", "supName": "Canon VietNam", "supContactName": "Canon Electric Corp", "supAddress": "Nh\u1eadt B\u1ea3n", "supCity": "Tokyo", "supPostalCode": "16000", "supCountry": "Nh\u1eadt B\u1ea3n", "supPhone": "0971903563"}, "unit": "chiec", "price": 500.0}}</msg>
<arg>${json_actual}</arg>
<doc>Logs the given message with the given level.</doc>
<status status="PASS" start="2025-12-15T11:44:51.938670" elapsed="0.000351"/>
</kw>
<kw name="Validation Json Schema Response" owner="testing_api">
<arg>${json_actual}</arg>
<arg>${dataStructure}</arg>
<status status="PASS" start="2025-12-15T11:44:51.939151" elapsed="0.008812"/>
</kw>
<arg>${results}[response]</arg>
<arg>${ResponseStructure}</arg>
<status status="PASS" start="2025-12-15T11:44:51.937341" elapsed="0.010721"/>
</kw>
<kw name="[Common] - Validate Json Response data" owner="common_api">
<kw name="Log" owner="BuiltIn">
<msg time="2025-12-15T11:44:51.948850" level="INFO">{'code': 200, 'data': {'id': '27b01f3d-5572-47a5-8729-37093382cdc3', 'productCode': 'TESTS5ZQNGEVRV0012', 'productName': 'lam_123451', 'status': 'ACTIVE', 'quantity': 400, 'category': {'id': '01ba3470-81ea-40b3-9698-a92cec54b400', 'categoryName': 'Máy giặt', 'cateDesc': 'Trải nghiệm các công nghệ mới từ các quốc gia hàng đầu về thiết bị gia dụng', 'status': 'INACTIVE'}, 'supplier': {'id': 'a913c855-5f57-4630-8743-9c427a876a20', 'supName': 'Canon VietNam', 'supContactName': 'Canon Electric Corp', 'supAddress': 'Nhật Bản', 'supCity': 'Tokyo', 'supPostalCode': '16000', 'supCountry': 'Nhật Bản', 'supPhone': '0971903563'}, 'unit': 'chiec', 'price': 500.0}}</msg>
<arg>${data}</arg>
<doc>Logs the given message with the given level.</doc>
<status status="PASS" start="2025-12-15T11:44:51.948586" elapsed="0.000321"/>
</kw>
<kw name="Load Dictionary To Json" owner="testing_api">
<msg time="2025-12-15T11:44:51.949182" level="INFO">${json_actual} = {"code": 200, "data": {"id": "27b01f3d-5572-47a5-8729-37093382cdc3", "productCode": "TESTS5ZQNGEVRV0012", "productName": "lam_123451", "status": "ACTIVE", "quantity": 400, "category": {"id": "01ba3470...</msg>
<var>${json_actual}</var>
<arg>${data}</arg>
<status status="PASS" start="2025-12-15T11:44:51.949022" elapsed="0.000189"/>
</kw>
<kw name="Log" owner="BuiltIn">
<msg time="2025-12-15T11:44:51.949654" level="INFO">{"code": 200, "data": {"id": "27b01f3d-5572-47a5-8729-37093382cdc3", "productCode": "TESTS5ZQNGEVRV0012", "productName": "lam_123451", "status": "ACTIVE", "quantity": 400, "category": {"id": "01ba3470-81ea-40b3-9698-a92cec54b400", "categoryName": "M\u00e1y gi\u1eb7t", "cateDesc": "Tr\u1ea3i nghi\u1ec7m c\u00e1c c\u00f4ng ngh\u1ec7 m\u1edbi t\u1eeb c\u00e1c qu\u1ed1c gia h\u00e0ng \u0111\u1ea7u v\u1ec1 thi\u1ebft b\u1ecb gia d\u1ee5ng", "status": "INACTIVE"}, "supplier": {"id": "a913c855-5f57-4630-8743-9c427a876a20", "supName": "Canon VietNam", "supContactName": "Canon Electric Corp", "supAddress": "Nh\u1eadt B\u1ea3n", "supCity": "Tokyo", "supPostalCode": "16000", "supCountry": "Nh\u1eadt B\u1ea3n", "supPhone": "0971903563"}, "unit": "chiec", "price": 500.0}}</msg>
<arg>${json_actual}</arg>
<doc>Logs the given message with the given level.</doc>
<status status="PASS" start="2025-12-15T11:44:51.949431" elapsed="0.000275"/>
</kw>
<kw name="Validate Json" owner="json_utils">
<arg>${json_actual}</arg>
<arg>${compareParam}</arg>
<arg>${compareValue}</arg>
<status status="PASS" start="2025-12-15T11:44:51.949822" elapsed="0.000311"/>
</kw>
<arg>${Results}[response]</arg>
<arg>${ResponseParam}</arg>
<arg>${ResponseValue}</arg>
<status status="PASS" start="2025-12-15T11:44:51.948234" elapsed="0.001968"/>
</kw>
<arg>Domain=https://testek.vn/lab/api/v0/prod-man</arg>
<arg>EndPoint=/product</arg>
<arg>Method=POST</arg>
<arg>Data={ 
    "category": "01ba3470-81ea-40b3-9698-a92cec54b400",
    "supplier": "a913c855-5f57-4630-8743-9c427a876a20",
    "code": "TeSt234599990012", 
    "name": "lam_123451", 
    "price": 500, 
    "quantity": 400, 
    "unit": "chiec"
}</arg>
<arg>StatusCode=201</arg>
<arg>ResponseStructure=4_test_datas/API_datas/AddProduct_success_json_schema.json</arg>
<arg>ResponseParam=code;</arg>
<arg>ResponseValue=200</arg>
<status status="PASS" start="2025-12-15T11:44:51.484108" elapsed="0.466157"/>
</kw>
<tag>api</tag>
<tag>test</tag>
<status status="PASS" start="2025-12-15T11:44:51.483061" elapsed="0.467514"/>
</test>
<test id="s1-t7" name="7 - Check API add product thành công với dữ liệu không có param Unit" line="9">
<kw name="Call API demo">
<kw name="Headers With Accept And Access Token" owner="testing_api">
<msg time="2025-12-15T11:44:51.952786" level="INFO">${header} = {'Authorization': 'Bearer eyJhbGciOiJSUzI1NiIsInR5cCI6IkpXVCJ9.eyJzdWIiOiIwNWUzYjcyNy02ZmE2LTRmY2UtYWRkZS00YTZhMDEwNjg3N2IiLCJhdWQiOlsib2F1dGgyLXJlc291cmNlIl0sInVzZXJfbmFtZSI6IjA1ZTNiNzI3LTZmYTYtNGZjZ...</msg>
<var>${header}</var>
<arg>${AUTH_TOKEN}</arg>
<status status="PASS" start="2025-12-15T11:44:51.952591" elapsed="0.000232"/>
</kw>
<kw name="[Common] - Generate random body data for add product" owner="AddProduct_keywords">
<kw name="Random String Value" owner="string_utils">
<msg time="2025-12-15T11:44:51.953454" level="INFO">${data_random} = vo1BcVmKHn</msg>
<var>${data_random}</var>
<status status="PASS" start="2025-12-15T11:44:51.953305" elapsed="0.000180"/>
</kw>
<kw name="Replace String To Generate Data" owner="string_utils">
<msg time="2025-12-15T11:44:51.953765" level="INFO">${body_data} = { 
    "category": "01ba3470-81ea-40b3-9698-a92cec54b400",
    "supplier": "a913c855-5f57-4630-8743-9c427a876a20",
    "code": "TeStvo1BcVmKHn0012", 
    "description": "lam_123451", 
    "name": "lam...</msg>
<var>${body_data}</var>
<arg>${data}</arg>
<arg>23459999</arg>
<arg>${data_random}</arg>
<status status="PASS" start="2025-12-15T11:44:51.953602" elapsed="0.000192"/>
</kw>
<return>
<value>${body_data}</value>
<status status="PASS" start="2025-12-15T11:44:51.953853" elapsed="0.000041"/>
</return>
<msg time="2025-12-15T11:44:51.954013" level="INFO">${body_data} = { 
    "category": "01ba3470-81ea-40b3-9698-a92cec54b400",
    "supplier": "a913c855-5f57-4630-8743-9c427a876a20",
    "code": "TeStvo1BcVmKHn0012", 
    "description": "lam_123451", 
    "name": "lam...</msg>
<var>${body_data}</var>
<arg>${Data}</arg>
<status status="PASS" start="2025-12-15T11:44:51.953004" elapsed="0.001038"/>
</kw>
<kw name="Call Api" owner="testing_api">
<msg time="2025-12-15T11:44:52.404238" level="INFO">${results} = {'status_code': 201, 'response': {'code': 200, 'data': {'id': '00e2b8b0-2abf-462b-8348-a2fc4a80d810', 'productCode': 'TESTVO1BCVMKHN0012', 'productName': 'lam_123451', 'productDesc': 'lam_123451', 'st...</msg>
<var>${results}</var>
<arg>${Domain}${EndPoint}</arg>
<arg>${header}</arg>
<arg>${Method}</arg>
<arg>${body_data}</arg>
<status status="PASS" start="2025-12-15T11:44:51.954152" elapsed="0.450133"/>
</kw>
<kw name="[Common] - Validate API Status Code" owner="common_api">
<kw name="Should Be Equal As Strings" owner="BuiltIn">
<msg time="2025-12-15T11:44:52.405372" level="INFO">Argument types are:
&lt;class 'int'&gt;
&lt;class 'str'&gt;</msg>
<arg>${responsecode}</arg>
<arg>${expectedAPIStatusCode}</arg>
<arg>Current HTTP Code: ${responsecode}</arg>
<doc>Fails if objects are unequal after converting them to strings.</doc>
<status status="PASS" start="2025-12-15T11:44:52.404993" elapsed="0.000448"/>
</kw>
<arg>${results}[status_code]</arg>
<arg>${StatusCode}</arg>
<status status="PASS" start="2025-12-15T11:44:52.404545" elapsed="0.000983"/>
</kw>
<kw name="[Common] - Validate Json Response Structure" owner="common_api">
<kw name="Log" owner="BuiltIn">
<msg time="2025-12-15T11:44:52.406235" level="INFO">{'code': 200, 'data': {'id': '00e2b8b0-2abf-462b-8348-a2fc4a80d810', 'productCode': 'TESTVO1BCVMKHN0012', 'productName': 'lam_123451', 'productDesc': 'lam_123451', 'status': 'ACTIVE', 'quantity': 400, 'category': {'id': '01ba3470-81ea-40b3-9698-a92cec54b400', 'categoryName': 'Máy giặt', 'cateDesc': 'Trải nghiệm các công nghệ mới từ các quốc gia hàng đầu về thiết bị gia dụng', 'status': 'INACTIVE'}, 'supplier': {'id': 'a913c855-5f57-4630-8743-9c427a876a20', 'supName': 'Canon VietNam', 'supContactName': 'Canon Electric Corp', 'supAddress': 'Nhật Bản', 'supCity': 'Tokyo', 'supPostalCode': '16000', 'supCountry': 'Nhật Bản', 'supPhone': '0971903563'}, 'price': 500.0}}</msg>
<arg>${data}</arg>
<doc>Logs the given message with the given level.</doc>
<status status="PASS" start="2025-12-15T11:44:52.405986" elapsed="0.000310"/>
</kw>
<kw name="Load Dictionary To Json" owner="testing_api">
<msg time="2025-12-15T11:44:52.406580" level="INFO">${json_actual} = {"code": 200, "data": {"id": "00e2b8b0-2abf-462b-8348-a2fc4a80d810", "productCode": "TESTVO1BCVMKHN0012", "productName": "lam_123451", "productDesc": "lam_123451", "status": "ACTIVE", "quantity": 400,...</msg>
<var>${json_actual}</var>
<arg>${data}</arg>
<status status="PASS" start="2025-12-15T11:44:52.406415" elapsed="0.000196"/>
</kw>
<kw name="Log" owner="BuiltIn">
<msg time="2025-12-15T11:44:52.406936" level="INFO">{"code": 200, "data": {"id": "00e2b8b0-2abf-462b-8348-a2fc4a80d810", "productCode": "TESTVO1BCVMKHN0012", "productName": "lam_123451", "productDesc": "lam_123451", "status": "ACTIVE", "quantity": 400, "category": {"id": "01ba3470-81ea-40b3-9698-a92cec54b400", "categoryName": "M\u00e1y gi\u1eb7t", "cateDesc": "Tr\u1ea3i nghi\u1ec7m c\u00e1c c\u00f4ng ngh\u1ec7 m\u1edbi t\u1eeb c\u00e1c qu\u1ed1c gia h\u00e0ng \u0111\u1ea7u v\u1ec1 thi\u1ebft b\u1ecb gia d\u1ee5ng", "status": "INACTIVE"}, "supplier": {"id": "a913c855-5f57-4630-8743-9c427a876a20", "supName": "Canon VietNam", "supContactName": "Canon Electric Corp", "supAddress": "Nh\u1eadt B\u1ea3n", "supCity": "Tokyo", "supPostalCode": "16000", "supCountry": "Nh\u1eadt B\u1ea3n", "supPhone": "0971903563"}, "price": 500.0}}</msg>
<arg>${json_actual}</arg>
<doc>Logs the given message with the given level.</doc>
<status status="PASS" start="2025-12-15T11:44:52.406722" elapsed="0.000266"/>
</kw>
<kw name="Validation Json Schema Response" owner="testing_api">
<arg>${json_actual}</arg>
<arg>${dataStructure}</arg>
<status status="PASS" start="2025-12-15T11:44:52.407100" elapsed="0.009309"/>
</kw>
<arg>${results}[response]</arg>
<arg>${ResponseStructure}</arg>
<status status="PASS" start="2025-12-15T11:44:52.405683" elapsed="0.010832"/>
</kw>
<kw name="[Common] - Validate Json Response data" owner="common_api">
<kw name="Log" owner="BuiltIn">
<msg time="2025-12-15T11:44:52.417313" level="INFO">{'code': 200, 'data': {'id': '00e2b8b0-2abf-462b-8348-a2fc4a80d810', 'productCode': 'TESTVO1BCVMKHN0012', 'productName': 'lam_123451', 'productDesc': 'lam_123451', 'status': 'ACTIVE', 'quantity': 400, 'category': {'id': '01ba3470-81ea-40b3-9698-a92cec54b400', 'categoryName': 'Máy giặt', 'cateDesc': 'Trải nghiệm các công nghệ mới từ các quốc gia hàng đầu về thiết bị gia dụng', 'status': 'INACTIVE'}, 'supplier': {'id': 'a913c855-5f57-4630-8743-9c427a876a20', 'supName': 'Canon VietNam', 'supContactName': 'Canon Electric Corp', 'supAddress': 'Nhật Bản', 'supCity': 'Tokyo', 'supPostalCode': '16000', 'supCountry': 'Nhật Bản', 'supPhone': '0971903563'}, 'price': 500.0}}</msg>
<arg>${data}</arg>
<doc>Logs the given message with the given level.</doc>
<status status="PASS" start="2025-12-15T11:44:52.417043" elapsed="0.000327"/>
</kw>
<kw name="Load Dictionary To Json" owner="testing_api">
<msg time="2025-12-15T11:44:52.417644" level="INFO">${json_actual} = {"code": 200, "data": {"id": "00e2b8b0-2abf-462b-8348-a2fc4a80d810", "productCode": "TESTVO1BCVMKHN0012", "productName": "lam_123451", "productDesc": "lam_123451", "status": "ACTIVE", "quantity": 400,...</msg>
<var>${json_actual}</var>
<arg>${data}</arg>
<status status="PASS" start="2025-12-15T11:44:52.417485" elapsed="0.000188"/>
</kw>
<kw name="Log" owner="BuiltIn">
<msg time="2025-12-15T11:44:52.417990" level="INFO">{"code": 200, "data": {"id": "00e2b8b0-2abf-462b-8348-a2fc4a80d810", "productCode": "TESTVO1BCVMKHN0012", "productName": "lam_123451", "productDesc": "lam_123451", "status": "ACTIVE", "quantity": 400, "category": {"id": "01ba3470-81ea-40b3-9698-a92cec54b400", "categoryName": "M\u00e1y gi\u1eb7t", "cateDesc": "Tr\u1ea3i nghi\u1ec7m c\u00e1c c\u00f4ng ngh\u1ec7 m\u1edbi t\u1eeb c\u00e1c qu\u1ed1c gia h\u00e0ng \u0111\u1ea7u v\u1ec1 thi\u1ebft b\u1ecb gia d\u1ee5ng", "status": "INACTIVE"}, "supplier": {"id": "a913c855-5f57-4630-8743-9c427a876a20", "supName": "Canon VietNam", "supContactName": "Canon Electric Corp", "supAddress": "Nh\u1eadt B\u1ea3n", "supCity": "Tokyo", "supPostalCode": "16000", "supCountry": "Nh\u1eadt B\u1ea3n", "supPhone": "0971903563"}, "price": 500.0}}</msg>
<arg>${json_actual}</arg>
<doc>Logs the given message with the given level.</doc>
<status status="PASS" start="2025-12-15T11:44:52.417781" elapsed="0.000258"/>
</kw>
<kw name="Validate Json" owner="json_utils">
<arg>${json_actual}</arg>
<arg>${compareParam}</arg>
<arg>${compareValue}</arg>
<status status="PASS" start="2025-12-15T11:44:52.418149" elapsed="0.000208"/>
</kw>
<arg>${Results}[response]</arg>
<arg>${ResponseParam}</arg>
<arg>${ResponseValue}</arg>
<status status="PASS" start="2025-12-15T11:44:52.416691" elapsed="0.001733"/>
</kw>
<arg>Domain=https://testek.vn/lab/api/v0/prod-man</arg>
<arg>EndPoint=/product</arg>
<arg>Method=POST</arg>
<arg>Data={ 
    "category": "01ba3470-81ea-40b3-9698-a92cec54b400",
    "supplier": "a913c855-5f57-4630-8743-9c427a876a20",
    "code": "TeSt234599990012", 
    "description": "lam_123451", 
    "name": "lam_123451", 
    "price": 500, 
    "quantity": 400
}</arg>
<arg>StatusCode=201</arg>
<arg>ResponseStructure=4_test_datas/API_datas/AddProduct_success_json_schema.json</arg>
<arg>ResponseParam=code;</arg>
<arg>ResponseValue=200</arg>
<status status="PASS" start="2025-12-15T11:44:51.952140" elapsed="0.466361"/>
</kw>
<tag>api</tag>
<tag>test</tag>
<status status="PASS" start="2025-12-15T11:44:51.951083" elapsed="0.467664"/>
</test>
<test id="s1-t8" name="8 - Check API add product thành công với dữ liệu không có param desc và Unit" line="9">
<kw name="Call API demo">
<kw name="Headers With Accept And Access Token" owner="testing_api">
<msg time="2025-12-15T11:44:52.420746" level="INFO">${header} = {'Authorization': 'Bearer eyJhbGciOiJSUzI1NiIsInR5cCI6IkpXVCJ9.eyJzdWIiOiIwNWUzYjcyNy02ZmE2LTRmY2UtYWRkZS00YTZhMDEwNjg3N2IiLCJhdWQiOlsib2F1dGgyLXJlc291cmNlIl0sInVzZXJfbmFtZSI6IjA1ZTNiNzI3LTZmYTYtNGZjZ...</msg>
<var>${header}</var>
<arg>${AUTH_TOKEN}</arg>
<status status="PASS" start="2025-12-15T11:44:52.420589" elapsed="0.000190"/>
</kw>
<kw name="[Common] - Generate random body data for add product" owner="AddProduct_keywords">
<kw name="Random String Value" owner="string_utils">
<msg time="2025-12-15T11:44:52.421429" level="INFO">${data_random} = KIXtTxUDxw</msg>
<var>${data_random}</var>
<status status="PASS" start="2025-12-15T11:44:52.421267" elapsed="0.000195"/>
</kw>
<kw name="Replace String To Generate Data" owner="string_utils">
<msg time="2025-12-15T11:44:52.421822" level="INFO">${body_data} = { 
    "category": "01ba3470-81ea-40b3-9698-a92cec54b400",
    "supplier": "a913c855-5f57-4630-8743-9c427a876a20",
    "code": "TeStKIXtTxUDxw0012", 
    "name": "lam_123451", 
    "price": 500, 
    ...</msg>
<var>${body_data}</var>
<arg>${data}</arg>
<arg>23459999</arg>
<arg>${data_random}</arg>
<status status="PASS" start="2025-12-15T11:44:52.421632" elapsed="0.000220"/>
</kw>
<return>
<value>${body_data}</value>
<status status="PASS" start="2025-12-15T11:44:52.421913" elapsed="0.000042"/>
</return>
<msg time="2025-12-15T11:44:52.422078" level="INFO">${body_data} = { 
    "category": "01ba3470-81ea-40b3-9698-a92cec54b400",
    "supplier": "a913c855-5f57-4630-8743-9c427a876a20",
    "code": "TeStKIXtTxUDxw0012", 
    "name": "lam_123451", 
    "price": 500, 
    ...</msg>
<var>${body_data}</var>
<arg>${Data}</arg>
<status status="PASS" start="2025-12-15T11:44:52.420928" elapsed="0.001180"/>
</kw>
<kw name="Call Api" owner="testing_api">
<msg time="2025-12-15T11:44:52.877042" level="INFO">${results} = {'status_code': 201, 'response': {'code': 200, 'data': {'id': '7e8f4212-bce8-436c-a48f-c9ff86b3c81f', 'productCode': 'TESTKIXTTXUDXW0012', 'productName': 'lam_123451', 'status': 'ACTIVE', 'quantity': ...</msg>
<var>${results}</var>
<arg>${Domain}${EndPoint}</arg>
<arg>${header}</arg>
<arg>${Method}</arg>
<arg>${body_data}</arg>
<status status="PASS" start="2025-12-15T11:44:52.422252" elapsed="0.454836"/>
</kw>
<kw name="[Common] - Validate API Status Code" owner="common_api">
<kw name="Should Be Equal As Strings" owner="BuiltIn">
<msg time="2025-12-15T11:44:52.877910" level="INFO">Argument types are:
&lt;class 'int'&gt;
&lt;class 'str'&gt;</msg>
<arg>${responsecode}</arg>
<arg>${expectedAPIStatusCode}</arg>
<arg>Current HTTP Code: ${responsecode}</arg>
<doc>Fails if objects are unequal after converting them to strings.</doc>
<status status="PASS" start="2025-12-15T11:44:52.877597" elapsed="0.000370"/>
</kw>
<arg>${results}[status_code]</arg>
<arg>${StatusCode}</arg>
<status status="PASS" start="2025-12-15T11:44:52.877271" elapsed="0.000766"/>
</kw>
<kw name="[Common] - Validate Json Response Structure" owner="common_api">
<kw name="Log" owner="BuiltIn">
<msg time="2025-12-15T11:44:52.878678" level="INFO">{'code': 200, 'data': {'id': '7e8f4212-bce8-436c-a48f-c9ff86b3c81f', 'productCode': 'TESTKIXTTXUDXW0012', 'productName': 'lam_123451', 'status': 'ACTIVE', 'quantity': 400, 'category': {'id': '01ba3470-81ea-40b3-9698-a92cec54b400', 'categoryName': 'Máy giặt', 'cateDesc': 'Trải nghiệm các công nghệ mới từ các quốc gia hàng đầu về thiết bị gia dụng', 'status': 'INACTIVE'}, 'supplier': {'id': 'a913c855-5f57-4630-8743-9c427a876a20', 'supName': 'Canon VietNam', 'supContactName': 'Canon Electric Corp', 'supAddress': 'Nhật Bản', 'supCity': 'Tokyo', 'supPostalCode': '16000', 'supCountry': 'Nhật Bản', 'supPhone': '0971903563'}, 'price': 500.0}}</msg>
<arg>${data}</arg>
<doc>Logs the given message with the given level.</doc>
<status status="PASS" start="2025-12-15T11:44:52.878448" elapsed="0.000285"/>
</kw>
<kw name="Load Dictionary To Json" owner="testing_api">
<msg time="2025-12-15T11:44:52.879007" level="INFO">${json_actual} = {"code": 200, "data": {"id": "7e8f4212-bce8-436c-a48f-c9ff86b3c81f", "productCode": "TESTKIXTTXUDXW0012", "productName": "lam_123451", "status": "ACTIVE", "quantity": 400, "category": {"id": "01ba3470...</msg>
<var>${json_actual}</var>
<arg>${data}</arg>
<status status="PASS" start="2025-12-15T11:44:52.878847" elapsed="0.000189"/>
</kw>
<kw name="Log" owner="BuiltIn">
<msg time="2025-12-15T11:44:52.879351" level="INFO">{"code": 200, "data": {"id": "7e8f4212-bce8-436c-a48f-c9ff86b3c81f", "productCode": "TESTKIXTTXUDXW0012", "productName": "lam_123451", "status": "ACTIVE", "quantity": 400, "category": {"id": "01ba3470-81ea-40b3-9698-a92cec54b400", "categoryName": "M\u00e1y gi\u1eb7t", "cateDesc": "Tr\u1ea3i nghi\u1ec7m c\u00e1c c\u00f4ng ngh\u1ec7 m\u1edbi t\u1eeb c\u00e1c qu\u1ed1c gia h\u00e0ng \u0111\u1ea7u v\u1ec1 thi\u1ebft b\u1ecb gia d\u1ee5ng", "status": "INACTIVE"}, "supplier": {"id": "a913c855-5f57-4630-8743-9c427a876a20", "supName": "Canon VietNam", "supContactName": "Canon Electric Corp", "supAddress": "Nh\u1eadt B\u1ea3n", "supCity": "Tokyo", "supPostalCode": "16000", "supCountry": "Nh\u1eadt B\u1ea3n", "supPhone": "0971903563"}, "price": 500.0}}</msg>
<arg>${json_actual}</arg>
<doc>Logs the given message with the given level.</doc>
<status status="PASS" start="2025-12-15T11:44:52.879143" elapsed="0.000256"/>
</kw>
<kw name="Validation Json Schema Response" owner="testing_api">
<arg>${json_actual}</arg>
<arg>${dataStructure}</arg>
[...]
<status status="PASS" start="2025-12-15T11:45:15.506583" elapsed="0.001827"/>
</kw>
<arg>Domain=https://testek.vn/lab/api/v0/prod-man</arg>
<arg>EndPoint=/product</arg>
<arg>Method=POST</arg>
<arg>Data={ 
    "category": "01ba3470-81ea-40b3-9698-a92cec54b400",
    "supplier": "a913c855-5f57-4630-8743-9c427a876a20",
    "code": "TeSt23459999690017", 
    "description": "lam_1234599991", 
    "name": null, 
    "price": 500, 
    "quantity": 400, 
    "unit": "chiec"
}</arg>
<arg>StatusCode=400</arg>
<arg>ResponseStructure=4_test_datas/API_datas/AddProduct_Error_json_schema.json</arg>
<arg>ResponseParam=code;message;field</arg>
<arg>ResponseValue=400;Dữ liệu nhập không hợp lệ;name</arg>
<status status="PASS" start="2025-12-15T11:45:15.078044" elapsed="0.430430"/>
</kw>
<tag>api</tag>
<tag>test</tag>
<status status="PASS" start="2025-12-15T11:45:15.077028" elapsed="0.431746"/>
</test>
<test id="s1-t56" name="56 - Kiểm tra validate của trường name có giá trị số" line="9">
<kw name="Call API demo">
<kw name="Headers With Accept And Access Token" owner="testing_api">
<msg time="2025-12-15T11:45:15.511017" level="INFO">${header} = {'Authorization': 'Bearer eyJhbGciOiJSUzI1NiIsInR5cCI6IkpXVCJ9.eyJzdWIiOiIwNWUzYjcyNy02ZmE2LTRmY2UtYWRkZS00YTZhMDEwNjg3N2IiLCJhdWQiOlsib2F1dGgyLXJlc291cmNlIl0sInVzZXJfbmFtZSI6IjA1ZTNiNzI3LTZmYTYtNGZjZ...</msg>
<var>${header}</var>
<arg>${AUTH_TOKEN}</arg>
<status status="PASS" start="2025-12-15T11:45:15.510838" elapsed="0.000212"/>
</kw>
<kw name="[Common] - Generate random body data for add product" owner="AddProduct_keywords">
<kw name="Random String Value" owner="string_utils">
<msg time="2025-12-15T11:45:15.511592" level="INFO">${data_random} = MfjCprknhr</msg>
<var>${data_random}</var>
<status status="PASS" start="2025-12-15T11:45:15.511466" elapsed="0.000157"/>
</kw>
<kw name="Replace String To Generate Data" owner="string_utils">
<msg time="2025-12-15T11:45:15.511913" level="INFO">${body_data} = { 
    "category": "01ba3470-81ea-40b3-9698-a92cec54b400",
    "supplier": "a913c855-5f57-4630-8743-9c427a876a20",
    "code": "TeStMfjCprknhr690017", 
    "description": "lam_1MfjCprknhr1", 
    "nam...</msg>
<var>${body_data}</var>
<arg>${data}</arg>
<arg>23459999</arg>
<arg>${data_random}</arg>
<status status="PASS" start="2025-12-15T11:45:15.511740" elapsed="0.000205"/>
</kw>
<return>
<value>${body_data}</value>
<status status="PASS" start="2025-12-15T11:45:15.512006" elapsed="0.000044"/>
</return>
<msg time="2025-12-15T11:45:15.512175" level="INFO">${body_data} = { 
    "category": "01ba3470-81ea-40b3-9698-a92cec54b400",
    "supplier": "a913c855-5f57-4630-8743-9c427a876a20",
    "code": "TeStMfjCprknhr690017", 
    "description": "lam_1MfjCprknhr1", 
    "nam...</msg>
<var>${body_data}</var>
<arg>${Data}</arg>
<status status="PASS" start="2025-12-15T11:45:15.511206" elapsed="0.001000"/>
</kw>
<kw name="Call Api" owner="testing_api">
<msg time="2025-12-15T11:45:15.948778" level="INFO">${results} = {'status_code': 400, 'response': {'code': 400, 'message': 'Dữ liệu nhập không hợp lệ', 'error': 'INVALID_INPUT', 'errors': [{'field': 'name', 'objectName': None, 'message': 'Mismatched input', 'error'...</msg>
<var>${results}</var>
<arg>${Domain}${EndPoint}</arg>
<arg>${header}</arg>
<arg>${Method}</arg>
<arg>${body_data}</arg>
<status status="PASS" start="2025-12-15T11:45:15.512327" elapsed="0.436595"/>
</kw>
<kw name="[Common] - Validate API Status Code" owner="common_api">
<kw name="Should Be Equal As Strings" owner="BuiltIn">
<msg time="2025-12-15T11:45:15.951497" level="INFO">Argument types are:
&lt;class 'int'&gt;
&lt;class 'str'&gt;</msg>
<arg>${responsecode}</arg>
<arg>${expectedAPIStatusCode}</arg>
<arg>Current HTTP Code: ${responsecode}</arg>
<doc>Fails if objects are unequal after converting them to strings.</doc>
<status status="PASS" start="2025-12-15T11:45:15.950489" elapsed="0.001215"/>
</kw>
<arg>${results}[status_code]</arg>
<arg>${StatusCode}</arg>
<status status="PASS" start="2025-12-15T11:45:15.949466" elapsed="0.002489"/>
</kw>
<kw name="[Common] - Validate Json Response Structure" owner="common_api">
<kw name="Log" owner="BuiltIn">
<msg time="2025-12-15T11:45:15.954361" level="INFO">{'code': 400, 'message': 'Dữ liệu nhập không hợp lệ', 'error': 'INVALID_INPUT', 'errors': [{'field': 'name', 'objectName': None, 'message': 'Mismatched input', 'error': None}]}</msg>
<arg>${data}</arg>
<doc>Logs the given message with the given level.</doc>
<status status="PASS" start="2025-12-15T11:45:15.953402" elapsed="0.001194"/>
</kw>
<kw name="Load Dictionary To Json" owner="testing_api">
<msg time="2025-12-15T11:45:15.955720" level="INFO">${json_actual} = {"code": 400, "message": "D\u1eef li\u1ec7u nh\u1eadp kh\u00f4ng h\u1ee3p l\u1ec7", "error": "INVALID_INPUT", "errors": [{"field": "name", "objectName": null, "message": "Mismatched input", "error": n...</msg>
<var>${json_actual}</var>
<arg>${data}</arg>
<status status="PASS" start="2025-12-15T11:45:15.955100" elapsed="0.000732"/>
</kw>
<kw name="Log" owner="BuiltIn">
<msg time="2025-12-15T11:45:15.957054" level="INFO">{"code": 400, "message": "D\u1eef li\u1ec7u nh\u1eadp kh\u00f4ng h\u1ee3p l\u1ec7", "error": "INVALID_INPUT", "errors": [{"field": "name", "objectName": null, "message": "Mismatched input", "error": null}]}</msg>
<arg>${json_actual}</arg>
<doc>Logs the given message with the given level.</doc>
<status status="PASS" start="2025-12-15T11:45:15.956244" elapsed="0.000995"/>
</kw>
<kw name="Validation Json Schema Response" owner="testing_api">
<arg>${json_actual}</arg>
<arg>${dataStructure}</arg>
<status status="PASS" start="2025-12-15T11:45:15.957649" elapsed="0.014757"/>
</kw>
<arg>${results}[response]</arg>
<arg>${ResponseStructure}</arg>
<status status="PASS" start="2025-12-15T11:45:15.952410" elapsed="0.020183"/>
</kw>
<kw name="[Common] - Validate Json Response data" owner="common_api">
<kw name="Log" owner="BuiltIn">
<msg time="2025-12-15T11:45:15.974085" level="INFO">{'code': 400, 'message': 'Dữ liệu nhập không hợp lệ', 'error': 'INVALID_INPUT', 'errors': [{'field': 'name', 'objectName': None, 'message': 'Mismatched input', 'error': None}]}</msg>
<arg>${data}</arg>
<doc>Logs the given message with the given level.</doc>
<status status="PASS" start="2025-12-15T11:45:15.973592" elapsed="0.000602"/>
</kw>
<kw name="Load Dictionary To Json" owner="testing_api">
<msg time="2025-12-15T11:45:15.974748" level="INFO">${json_actual} = {"code": 400, "message": "D\u1eef li\u1ec7u nh\u1eadp kh\u00f4ng h\u1ee3p l\u1ec7", "error": "INVALID_INPUT", "errors": [{"field": "name", "objectName": null, "message": "Mismatched input", "error": n...</msg>
<var>${json_actual}</var>
<arg>${data}</arg>
<status status="PASS" start="2025-12-15T11:45:15.974432" elapsed="0.000376"/>
</kw>
<kw name="Log" owner="BuiltIn">
<msg time="2025-12-15T11:45:15.975464" level="INFO">{"code": 400, "message": "D\u1eef li\u1ec7u nh\u1eadp kh\u00f4ng h\u1ee3p l\u1ec7", "error": "INVALID_INPUT", "errors": [{"field": "name", "objectName": null, "message": "Mismatched input", "error": null}]}</msg>
<arg>${json_actual}</arg>
<doc>Logs the given message with the given level.</doc>
<status status="PASS" start="2025-12-15T11:45:15.975035" elapsed="0.000524"/>
</kw>
<kw name="Validate Json" owner="json_utils">
<arg>${json_actual}</arg>
<arg>${compareParam}</arg>
<arg>${compareValue}</arg>
<status status="PASS" start="2025-12-15T11:45:15.975794" elapsed="0.000410"/>
</kw>
<arg>${Results}[response]</arg>
<arg>${ResponseParam}</arg>
<arg>${ResponseValue}</arg>
<status status="PASS" start="2025-12-15T11:45:15.972922" elapsed="0.003423"/>
</kw>
<arg>Domain=https://testek.vn/lab/api/v0/prod-man</arg>
<arg>EndPoint=/product</arg>
<arg>Method=POST</arg>
<arg>Data={ 
    "category": "01ba3470-81ea-40b3-9698-a92cec54b400",
    "supplier": "a913c855-5f57-4630-8743-9c427a876a20",
    "code": "TeSt23459999690017", 
    "description": "lam_1234599991", 
    "name": 123123, 
    "price": 500, 
    "quantity": 400, 
    "unit": "chiec"
}</arg>
<arg>StatusCode=400</arg>
<arg>ResponseStructure=4_test_datas/API_datas/AddProduct_Error_json_schema.json</arg>
<arg>ResponseParam=code;message;field</arg>
<arg>ResponseValue=400;Dữ liệu nhập không hợp lệ;name</arg>
<status status="PASS" start="2025-12-15T11:45:15.510485" elapsed="0.465991"/>
</kw>
<tag>api</tag>
<tag>test</tag>
<status status="PASS" start="2025-12-15T11:45:15.509406" elapsed="0.467543"/>
</test>
<test id="s1-t57" name="57 - Kiểm tra validate của trường name có giá trị là kí tự đặc biệt" line="9">
<kw name="Call API demo">
<kw name="Headers With Accept And Access Token" owner="testing_api">
<msg time="2025-12-15T11:45:15.980997" level="INFO">${header} = {'Authorization': 'Bearer eyJhbGciOiJSUzI1NiIsInR5cCI6IkpXVCJ9.eyJzdWIiOiIwNWUzYjcyNy02ZmE2LTRmY2UtYWRkZS00YTZhMDEwNjg3N2IiLCJhdWQiOlsib2F1dGgyLXJlc291cmNlIl0sInVzZXJfbmFtZSI6IjA1ZTNiNzI3LTZmYTYtNGZjZ...</msg>
<var>${header}</var>
<arg>${AUTH_TOKEN}</arg>
<status status="PASS" start="2025-12-15T11:45:15.980709" elapsed="0.000341"/>
</kw>
<kw name="[Common] - Generate random body data for add product" owner="AddProduct_keywords">
<kw name="Random String Value" owner="string_utils">
<msg time="2025-12-15T11:45:15.981936" level="INFO">${data_random} = Lcfsx1mMV6</msg>
<var>${data_random}</var>
<status status="PASS" start="2025-12-15T11:45:15.981729" elapsed="0.000257"/>
</kw>
<kw name="Replace String To Generate Data" owner="string_utils">
<msg time="2025-12-15T11:45:15.982443" level="INFO">${body_data} = { 
    "category": "01ba3470-81ea-40b3-9698-a92cec54b400",
    "supplier": "a913c855-5f57-4630-8743-9c427a876a20",
    "code": "TeStLcfsx1mMV6690017", 
    "description": "lam_1Lcfsx1mMV61", 
    "nam...</msg>
<var>${body_data}</var>
<arg>${data}</arg>
<arg>23459999</arg>
<arg>${data_random}</arg>
<status status="PASS" start="2025-12-15T11:45:15.982173" elapsed="0.000322"/>
</kw>
<return>
<value>${body_data}</value>
<status status="PASS" start="2025-12-15T11:45:15.982617" elapsed="0.000065"/>
</return>
<msg time="2025-12-15T11:45:15.982880" level="INFO">${body_data} = { 
    "category": "01ba3470-81ea-40b3-9698-a92cec54b400",
    "supplier": "a913c855-5f57-4630-8743-9c427a876a20",
    "code": "TeStLcfsx1mMV6690017", 
    "description": "lam_1Lcfsx1mMV61", 
    "nam...</msg>
<var>${body_data}</var>
<arg>${Data}</arg>
<status status="PASS" start="2025-12-15T11:45:15.981290" elapsed="0.001639"/>
</kw>
<kw name="Call Api" owner="testing_api">
<msg time="2025-12-15T11:45:16.426910" level="INFO">${results} = {'status_code': 201, 'response': {'code': 200, 'data': {'id': 'd4076e9d-ed09-485e-bd78-7baf91cd0191', 'productCode': 'TESTLCFSX1MMV6690017', 'productName': 'lam_1Lcfsx1mMV61@#$', 'productDesc': 'lam_1...</msg>
<var>${results}</var>
<arg>${Domain}${EndPoint}</arg>
<arg>${header}</arg>
<arg>${Method}</arg>
<arg>${body_data}</arg>
<status status="PASS" start="2025-12-15T11:45:15.983113" elapsed="0.443941"/>
</kw>
<kw name="[Common] - Validate API Status Code" owner="common_api">
<kw name="Should Be Equal As Strings" owner="BuiltIn">
<msg time="2025-12-15T11:45:16.429964" level="INFO">Argument types are:
&lt;class 'int'&gt;
&lt;class 'str'&gt;</msg>
<msg time="2025-12-15T11:45:16.430366" level="FAIL">Current HTTP Code: 201: 201 != 400</msg>
<arg>${responsecode}</arg>
<arg>${expectedAPIStatusCode}</arg>
<arg>Current HTTP Code: ${responsecode}</arg>
<doc>Fails if objects are unequal after converting them to strings.</doc>
<status status="FAIL" start="2025-12-15T11:45:16.428915" elapsed="0.001776">Current HTTP Code: 201: 201 != 400</status>
</kw>
<arg>${results}[status_code]</arg>
<arg>${StatusCode}</arg>
<status status="FAIL" start="2025-12-15T11:45:16.427754" elapsed="0.003444">Current HTTP Code: 201: 201 != 400</status>
</kw>
<kw name="[Common] - Validate Json Response Structure" owner="common_api">
<arg>${results}[response]</arg>
<arg>${ResponseStructure}</arg>
<status status="NOT RUN" start="2025-12-15T11:45:16.431898" elapsed="0.000150"/>
</kw>
<kw name="[Common] - Validate Json Response data" owner="common_api">
<arg>${Results}[response]</arg>
<arg>${ResponseParam}</arg>
<arg>${ResponseValue}</arg>
<status status="NOT RUN" start="2025-12-15T11:45:16.432619" elapsed="0.000116"/>
</kw>
<arg>Domain=https://testek.vn/lab/api/v0/prod-man</arg>
<arg>EndPoint=/product</arg>
<arg>Method=POST</arg>
<arg>Data={ 
    "category": "01ba3470-81ea-40b3-9698-a92cec54b400",
    "supplier": "a913c855-5f57-4630-8743-9c427a876a20",
    "code": "TeSt23459999690017", 
    "description": "lam_1234599991", 
    "name": "lam_1234599991@#$", 
    "price": 500, 
    "quantity": 400, 
    "unit": "chiec"
}</arg>
<arg>StatusCode=400</arg>
<arg>ResponseStructure=4_test_datas/API_datas/AddProduct_Error_json_schema.json</arg>
<arg>ResponseParam=code;message;field</arg>
<arg>ResponseValue=400;Dữ liệu nhập không hợp lệ;name</arg>
<status status="FAIL" start="2025-12-15T11:45:15.980042" elapsed="0.453034">Current HTTP Code: 201: 201 != 400</status>
</kw>
<tag>api</tag>
<tag>test</tag>
<status status="FAIL" start="2025-12-15T11:45:15.977924" elapsed="0.456039">Current HTTP Code: 201: 201 != 400</status>
</test>
<test id="s1-t58" name="58 - Kiểm tra validate của trường name có giá trị là kí tự tiếng việt" line="9">
<kw name="Call API demo">
<kw name="Headers With Accept And Access Token" owner="testing_api">
<msg time="2025-12-15T11:45:16.441201" level="INFO">${header} = {'Authorization': 'Bearer eyJhbGciOiJSUzI1NiIsInR5cCI6IkpXVCJ9.eyJzdWIiOiIwNWUzYjcyNy02ZmE2LTRmY2UtYWRkZS00YTZhMDEwNjg3N2IiLCJhdWQiOlsib2F1dGgyLXJlc291cmNlIl0sInVzZXJfbmFtZSI6IjA1ZTNiNzI3LTZmYTYtNGZjZ...</msg>
<var>${header}</var>
<arg>${AUTH_TOKEN}</arg>
<status status="PASS" start="2025-12-15T11:45:16.440803" elapsed="0.000483"/>
</kw>
<kw name="[Common] - Generate random body data for add product" owner="AddProduct_keywords">
<kw name="Random String Value" owner="string_utils">
<msg time="2025-12-15T11:45:16.442578" level="INFO">${data_random} = tjFvLH2XnO</msg>
<var>${data_random}</var>
<status status="PASS" start="2025-12-15T11:45:16.442283" elapsed="0.000371"/>
</kw>
<kw name="Replace String To Generate Data" owner="string_utils">
<msg time="2025-12-15T11:45:16.443353" level="INFO">${body_data} = { 
    "category": "01ba3470-81ea-40b3-9698-a92cec54b400",
    "supplier": "a913c855-5f57-4630-8743-9c427a876a20",
    "code": "TeSttjFvLH2XnO690018", 
    "description": "lam_1tjFvLH2XnO1", 
    "nam...</msg>
<var>${body_data}</var>
<arg>${data}</arg>
<arg>23459999</arg>
<arg>${data_random}</arg>
<status status="PASS" start="2025-12-15T11:45:16.442936" elapsed="0.000495"/>
</kw>
<return>
<value>${body_data}</value>
<status status="PASS" start="2025-12-15T11:45:16.443588" elapsed="0.000091"/>
</return>
<msg time="2025-12-15T11:45:16.443959" level="INFO">${body_data} = { 
    "category": "01ba3470-81ea-40b3-9698-a92cec54b400",
    "supplier": "a913c855-5f57-4630-8743-9c427a876a20",
    "code": "TeSttjFvLH2XnO690018", 
    "description": "lam_1tjFvLH2XnO1", 
    "nam...</msg>
<var>${body_data}</var>
<arg>${Data}</arg>
<status status="PASS" start="2025-12-15T11:45:16.441659" elapsed="0.002360"/>
</kw>
<kw name="Call Api" owner="testing_api">
<msg time="2025-12-15T11:45:16.892319" level="INFO">${results} = {'status_code': 201, 'response': {'code': 200, 'data': {'id': 'b8f74ab2-8a9a-42c8-b6a2-a19f7cde1a0a', 'productCode': 'TESTTJFVLH2XNO690018', 'productName': 'lam_1tjFvLH2XnO1Â', 'productDesc': 'lam_1tj...</msg>
<var>${results}</var>
<arg>${Domain}${EndPoint}</arg>
<arg>${header}</arg>
<arg>${Method}</arg>
<arg>${body_data}</arg>
<status status="PASS" start="2025-12-15T11:45:16.444253" elapsed="0.448200"/>
</kw>
<kw name="[Common] - Validate API Status Code" owner="common_api">
<kw name="Should Be Equal As Strings" owner="BuiltIn">
<msg time="2025-12-15T11:45:16.894680" level="INFO">Argument types are:
&lt;class 'int'&gt;
&lt;class 'str'&gt;</msg>
<msg time="2025-12-15T11:45:16.894889" level="FAIL">Current HTTP Code: 201: 201 != 400</msg>
<arg>${responsecode}</arg>
<arg>${expectedAPIStatusCode}</arg>
<arg>Current HTTP Code: ${responsecode}</arg>
<doc>Fails if objects are unequal after converting them to strings.</doc>
<status status="FAIL" start="2025-12-15T11:45:16.893930" elapsed="0.001127">Current HTTP Code: 201: 201 != 400</status>
</kw>
<arg>${results}[status_code]</arg>
<arg>${StatusCode}</arg>
<status status="FAIL" start="2025-12-15T11:45:16.892972" elapsed="0.002348">Current HTTP Code: 201: 201 != 400</status>
</kw>
<kw name="[Common] - Validate Json Response Structure" owner="common_api">
<arg>${results}[response]</arg>
<arg>${ResponseStructure}</arg>
<status status="NOT RUN" start="2025-12-15T11:45:16.895690" elapsed="0.000081"/>
</kw>
<kw name="[Common] - Validate Json Response data" owner="common_api">
<arg>${Results}[response]</arg>
<arg>${ResponseParam}</arg>
<arg>${ResponseValue}</arg>
<status status="NOT RUN" start="2025-12-15T11:45:16.896078" elapsed="0.000072"/>
</kw>
<arg>Domain=https://testek.vn/lab/api/v0/prod-man</arg>
<arg>EndPoint=/product</arg>
<arg>Method=POST</arg>
<arg>Data={ 
    "category": "01ba3470-81ea-40b3-9698-a92cec54b400",
    "supplier": "a913c855-5f57-4630-8743-9c427a876a20",
    "code": "TeSt23459999690018", 
    "description": "lam_1234599991", 
    "name": "lam_1234599991Â", 
    "price": 500, 
    "quantity": 400, 
    "unit": "chiec"
}</arg>
<arg>StatusCode=400</arg>
<arg>ResponseStructure=4_test_datas/API_datas/AddProduct_Error_json_schema.json</arg>
<arg>ResponseParam=code;message;field</arg>
<arg>ResponseValue=400;Dữ liệu nhập không hợp lệ;name</arg>
<status status="FAIL" start="2025-12-15T11:45:16.439901" elapsed="0.456454">Current HTTP Code: 201: 201 != 400</status>
</kw>
<tag>api</tag>
<tag>test</tag>
<status status="FAIL" start="2025-12-15T11:45:16.436366" elapsed="0.460791">Current HTTP Code: 201: 201 != 400</status>
</test>
<status status="FAIL" start="2025-12-15T11:44:45.367622" elapsed="31.530833"/>
</suite>
<statistics>
<total>
<stat pass="46" fail="12" skip="0">All Tests</stat>
</total>
<tag>
<stat pass="46" fail="12" skip="0">api</stat>
<stat pass="46" fail="12" skip="0">test</stat>
</tag>
<suite>
<stat name="AddProduct" id="s1" pass="46" fail="12" skip="0">AddProduct</stat>
</suite>
</statistics>
<errors>
<msg time="2025-12-15T11:44:46.500348" level="WARN">Error in file 'C:\Users\Admin\Documents\GitHub\robot_testing\1_common\common_api.robot' on line 27: The '[Return]' setting is deprecated. Use the 'RETURN' statement instead.</msg>
<msg time="2025-12-15T11:44:46.500730" level="WARN">Error in file 'C:\Users\Admin\Documents\GitHub\robot_testing\1_common\common_api.robot' on line 32: The '[Return]' setting is deprecated. Use the 'RETURN' statement instead.</msg>
<msg time="2025-12-15T11:44:46.503663" level="WARN">Error in file 'C:\Users\Admin\Documents\GitHub\robot_testing\2_keywords\Login\Login_keywords.robot' on line 13: The '[Return]' setting is deprecated. Use the 'RETURN' statement instead.</msg>
<msg time="2025-12-15T11:44:46.506243" level="WARN">Error in file 'C:\Users\Admin\Documents\GitHub\robot_testing\2_keywords\Products\AddProduct_keywords.robot' on line 10: The '[Return]' setting is deprecated. Use the 'RETURN' statement instead.</msg>
<msg time="2025-12-15T11:44:46.509797" level="ERROR">Error in file 'C:\Users\Admin\Documents\GitHub\robot_testing\3_test_cases\AddProduct.robot' on line 4: Setting 'Suite Setup' is not allowed in resource file.</msg>
<msg time="2025-12-15T11:44:46.511549" level="ERROR">Error in file 'C:\Users\Admin\Documents\GitHub\robot_testing\3_test_cases\AddProduct.robot' on line 5: Setting 'Test Template' is not allowed in resource file.</msg>
<msg time="2025-12-15T11:44:46.511814" level="ERROR">Error in file 'C:\Users\Admin\Documents\GitHub\robot_testing\imports.robot' on line 29: Error in file 'C:\Users\Admin\Documents\GitHub\robot_testing\3_test_cases\AddProduct.robot' on line 8: Resource file with 'Test Cases' section is invalid.</msg>
</errors>
</robot>
